Start testing: Jul 18 10:52 BST
----------------------------------------------------------
3/4 Testing: VoxManipulator provides VoxData object
3/4 Test: VoxManipulator provides VoxData object
Command: "/home/bwallis/projects/walliscode/hollow-lantern/build/Debug/tests/manipulators/test_manipulators" "VoxManipulator provides VoxData object"
Directory: /home/bwallis/projects/walliscode/hollow-lantern/build/Debug/tests/manipulators
"VoxManipulator provides VoxData object" start time: Jul 18 10:52 BST
Output:
----------------------------------------------------------
Filters: "VoxManipulator provides VoxData object"
Randomness seeded to: 3259720239
[DEBUG] File size (filesystem): 5096 bytes.
[DEBUG] Header: VOX 
[DEBUG] Found MAIN chunk.
[DEBUG] Found SIZE chunk: 10x10x10
[DEBUG] Found XYZI chunk with 1000 voxels.
[DEBUG] Voxel indices: (0,0,0)
[DEBUG] Assigning color: ffeeeeee to voxel at (0, 0, 0)
assigning visible flag to voxel at (0, 0, 0)
[DEBUG] Voxel at (0, 0, 0) with color: ffeeeeee
[DEBUG] Voxel indices: (1,0,0)
[DEBUG] Assigning color: ffeeeeee to voxel at (1, 0, 0)
assigning visible flag to voxel at (1, 0, 0)
[DEBUG] Voxel at (1, 0, 0) with color: ffeeeeee
[DEBUG] Voxel indices: (2,0,0)
[DEBUG] Assigning color: ffeeeeee to voxel at (2, 0, 0)
assigning visible flag to voxel at (2, 0, 0)
[DEBUG] Voxel at (2, 0, 0) with color: ffeeeeee
[DEBUG] Voxel indices: (3,0,0)
[DEBUG] Assigning color: ffeeeeee to voxel at (3, 0, 0)
assigning visible flag to voxel at (3, 0, 0)
[DEBUG] Voxel at (3, 0, 0) with color: ffeeeeee
[DEBUG] Voxel indices: (4,0,0)
[DEBUG] Assigning color: ffeeeeee to voxel at (4, 0, 0)
assigning visible flag to voxel at (4, 0, 0)
[DEBUG] Voxel at (4, 0, 0) with color: ffeeeeee
[DEBUG] Voxel indices: (5,0,0)
[DEBUG] Assigning color: ffeeeeee to voxel at (5, 0, 0)
assigning visible flag to voxel at (5, 0, 0)
[DEBUG] Voxel at (5, 0, 0) with color: ffeeeeee
[DEBUG] Voxel indices: (6,0,0)
[DEBUG] Assigning color: ffeeeeee to voxel at (6, 0, 0)
assigning visible flag to voxel at (6, 0, 0)
[DEBUG] Voxel at (6, 0, 0) with color: ffeeeeee
[DEBUG] Voxel indices: (7,0,0)
[DEBUG] Assigning color: ffeeeeee to voxel at (7, 0, 0)
assigning visible flag to voxel at (7, 0, 0)
[DEBUG] Voxel at (7, 0, 0) with color: ffeeeeee
[DEBUG] Voxel indices: (8,0,0)
[DEBUG] Assigning color: ffeeeeee to voxel at (8, 0, 0)
assigning visible flag to voxel at (8, 0, 0)
[DEBUG] Voxel at (8, 0, 0) with color: ffeeeeee
[DEBUG] Voxel indices: (9,0,0)
[DEBUG] Assigning color: ffeeeeee to voxel at (9, 0, 0)
assigning visible flag to voxel at (9, 0, 0)
[DEBUG] Voxel at (9, 0, 0) with color: ffeeeeee
[DEBUG] Voxel indices: (0,1,0)
[DEBUG] Assigning color: ffeeeeee to voxel at (0, 1, 0)
assigning visible flag to voxel at (0, 1, 0)
[DEBUG] Voxel at (0, 1, 0) with color: ffeeeeee
[DEBUG] Voxel indices: (1,1,0)
[DEBUG] Assigning color: ffeeeeee to voxel at (1, 1, 0)
assigning visible flag to voxel at (1, 1, 0)
[DEBUG] Voxel at (1, 1, 0) with color: ffeeeeee
[DEBUG] Voxel indices: (2,1,0)
[DEBUG] Assigning color: ffeeeeee to voxel at (2, 1, 0)
assigning visible flag to voxel at (2, 1, 0)
[DEBUG] Voxel at (2, 1, 0) with color: ffeeeeee
[DEBUG] Voxel indices: (3,1,0)
[DEBUG] Assigning color: ffeeeeee to voxel at (3, 1, 0)
assigning visible flag to voxel at (3, 1, 0)
[DEBUG] Voxel at (3, 1, 0) with color: ffeeeeee
[DEBUG] Voxel indices: (4,1,0)
[DEBUG] Assigning color: ffeeeeee to voxel at (4, 1, 0)
assigning visible flag to voxel at (4, 1, 0)
[DEBUG] Voxel at (4, 1, 0) with color: ffeeeeee
[DEBUG] Voxel indices: (5,1,0)
[DEBUG] Assigning color: ffeeeeee to voxel at (5, 1, 0)
assigning visible flag to voxel at (5, 1, 0)
[DEBUG] Voxel at (5, 1, 0) with color: ffeeeeee
[DEBUG] Voxel indices: (6,1,0)
[DEBUG] Assigning color: ffeeeeee to voxel at (6, 1, 0)
assigning visible flag to voxel at (6, 1, 0)
[DEBUG] Voxel at (6, 1, 0) with color: ffeeeeee
[DEBUG] Voxel indices: (7,1,0)
[DEBUG] Assigning color: ffeeeeee to voxel at (7, 1, 0)
assigning visible flag to voxel at (7, 1, 0)
[DEBUG] Voxel at (7, 1, 0) with color: ffeeeeee
[DEBUG] Voxel indices: (8,1,0)
[DEBUG] Assigning color: ffeeeeee to voxel at (8, 1, 0)
assigning visible flag to voxel at (8, 1, 0)
[DEBUG] Voxel at (8, 1, 0) with color: ffeeeeee
[DEBUG] Voxel indices: (9,1,0)
[DEBUG] Assigning color: ffeeeeee to voxel at (9, 1, 0)
assigning visible flag to voxel at (9, 1, 0)
[DEBUG] Voxel at (9, 1, 0) with color: ffeeeeee
[DEBUG] Voxel indices: (0,2,0)
[DEBUG] Assigning color: ffeeeeee to voxel at (0, 2, 0)
assigning visible flag to voxel at (0, 2, 0)
[DEBUG] Voxel at (0, 2, 0) with color: ffeeeeee
[DEBUG] Voxel indices: (1,2,0)
[DEBUG] Assigning color: ffeeeeee to voxel at (1, 2, 0)
assigning visible flag to voxel at (1, 2, 0)
[DEBUG] Voxel at (1, 2, 0) with color: ffeeeeee
[DEBUG] Voxel indices: (2,2,0)
[DEBUG] Assigning color: ffeeeeee to voxel at (2, 2, 0)
assigning visible flag to voxel at (2, 2, 0)
[DEBUG] Voxel at (2, 2, 0) with color: ffeeeeee
[DEBUG] Voxel indices: (3,2,0)
[DEBUG] Assigning color: ffeeeeee to voxel at (3, 2, 0)
assigning visible flag to voxel at (3, 2, 0)
[DEBUG] Voxel at (3, 2, 0) with color: ffeeeeee
[DEBUG] Voxel indices: (4,2,0)
[DEBUG] Assigning color: ffeeeeee to voxel at (4, 2, 0)
assigning visible flag to voxel at (4, 2, 0)
[DEBUG] Voxel at (4, 2, 0) with color: ffeeeeee
[DEBUG] Voxel indices: (5,2,0)
[DEBUG] Assigning color: ffeeeeee to voxel at (5, 2, 0)
assigning visible flag to voxel at (5, 2, 0)
[DEBUG] Voxel at (5, 2, 0) with color: ffeeeeee
[DEBUG] Voxel indices: (6,2,0)
[DEBUG] Assigning color: ffeeeeee to voxel at (6, 2, 0)
assigning visible flag to voxel at (6, 2, 0)
[DEBUG] Voxel at (6, 2, 0) with color: ffeeeeee
[DEBUG] Voxel indices: (7,2,0)
[DEBUG] Assigning color: ffeeeeee to voxel at (7, 2, 0)
assigning visible flag to voxel at (7, 2, 0)
[DEBUG] Voxel at (7, 2, 0) with color: ffeeeeee
[DEBUG] Voxel indices: (8,2,0)
[DEBUG] Assigning color: ffeeeeee to voxel at (8, 2, 0)
assigning visible flag to voxel at (8, 2, 0)
[DEBUG] Voxel at (8, 2, 0) with color: ffeeeeee
[DEBUG] Voxel indices: (9,2,0)
[DEBUG] Assigning color: ffeeeeee to voxel at (9, 2, 0)
assigning visible flag to voxel at (9, 2, 0)
[DEBUG] Voxel at (9, 2, 0) with color: ffeeeeee
[DEBUG] Voxel indices: (0,3,0)
[DEBUG] Assigning color: ffeeeeee to voxel at (0, 3, 0)
assigning visible flag to voxel at (0, 3, 0)
[DEBUG] Voxel at (0, 3, 0) with color: ffeeeeee
[DEBUG] Voxel indices: (1,3,0)
[DEBUG] Assigning color: ffeeeeee to voxel at (1, 3, 0)
assigning visible flag to voxel at (1, 3, 0)
[DEBUG] Voxel at (1, 3, 0) with color: ffeeeeee
[DEBUG] Voxel indices: (2,3,0)
[DEBUG] Assigning color: ffeeeeee to voxel at (2, 3, 0)
assigning visible flag to voxel at (2, 3, 0)
[DEBUG] Voxel at (2, 3, 0) with color: ffeeeeee
[DEBUG] Voxel indices: (3,3,0)
[DEBUG] Assigning color: ffeeeeee to voxel at (3, 3, 0)
assigning visible flag to voxel at (3, 3, 0)
[DEBUG] Voxel at (3, 3, 0) with color: ffeeeeee
[DEBUG] Voxel indices: (4,3,0)
[DEBUG] Assigning color: ffeeeeee to voxel at (4, 3, 0)
assigning visible flag to voxel at (4, 3, 0)
[DEBUG] Voxel at (4, 3, 0) with color: ffeeeeee
[DEBUG] Voxel indices: (5,3,0)
[DEBUG] Assigning color: ffeeeeee to voxel at (5, 3, 0)
assigning visible flag to voxel at (5, 3, 0)
[DEBUG] Voxel at (5, 3, 0) with color: ffeeeeee
[DEBUG] Voxel indices: (6,3,0)
[DEBUG] Assigning color: ffeeeeee to voxel at (6, 3, 0)
assigning visible flag to voxel at (6, 3, 0)
[DEBUG] Voxel at (6, 3, 0) with color: ffeeeeee
[DEBUG] Voxel indices: (7,3,0)
[DEBUG] Assigning color: ffeeeeee to voxel at (7, 3, 0)
assigning visible flag to voxel at (7, 3, 0)
[DEBUG] Voxel at (7, 3, 0) with color: ffeeeeee
[DEBUG] Voxel indices: (8,3,0)
[DEBUG] Assigning color: ffeeeeee to voxel at (8, 3, 0)
assigning visible flag to voxel at (8, 3, 0)
[DEBUG] Voxel at (8, 3, 0) with color: ffeeeeee
[DEBUG] Voxel indices: (9,3,0)
[DEBUG] Assigning color: ffeeeeee to voxel at (9, 3, 0)
assigning visible flag to voxel at (9, 3, 0)
[DEBUG] Voxel at (9, 3, 0) with color: ffeeeeee
[DEBUG] Voxel indices: (0,4,0)
[DEBUG] Assigning color: ffeeeeee to voxel at (0, 4, 0)
assigning visible flag to voxel at (0, 4, 0)
[DEBUG] Voxel at (0, 4, 0) with color: ffeeeeee
[DEBUG] Voxel indices: (1,4,0)
[DEBUG] Assigning color: ffeeeeee to voxel at (1, 4, 0)
assigning visible flag to voxel at (1, 4, 0)
[DEBUG] Voxel at (1, 4, 0) with color: ffeeeeee
[DEBUG] Voxel indices: (2,4,0)
[DEBUG] Assigning color: ffeeeeee to voxel at (2, 4, 0)
assigning visible flag to voxel at (2, 4, 0)
[DEBUG] Voxel at (2, 4, 0) with color: ffeeeeee
[DEBUG] Voxel indices: (3,4,0)
[DEBUG] Assigning color: ffeeeeee to voxel at (3, 4, 0)
assigning visible flag to voxel at (3, 4, 0)
[DEBUG] Voxel at (3, 4, 0) with color: ffeeeeee
[DEBUG] Voxel indices: (4,4,0)
[DEBUG] Assigning color: ffeeeeee to voxel at (4, 4, 0)
assigning visible flag to voxel at (4, 4, 0)
[DEBUG] Voxel at (4, 4, 0) with color: ffeeeeee
[DEBUG] Voxel indices: (5,4,0)
[DEBUG] Assigning color: ffeeeeee to voxel at (5, 4, 0)
assigning visible flag to voxel at (5, 4, 0)
[DEBUG] Voxel at (5, 4, 0) with color: ffeeeeee
[DEBUG] Voxel indices: (6,4,0)
[DEBUG] Assigning color: ffeeeeee to voxel at (6, 4, 0)
assigning visible flag to voxel at (6, 4, 0)
[DEBUG] Voxel at (6, 4, 0) with color: ffeeeeee
[DEBUG] Voxel indices: (7,4,0)
[DEBUG] Assigning color: ffeeeeee to voxel at (7, 4, 0)
assigning visible flag to voxel at (7, 4, 0)
[DEBUG] Voxel at (7, 4, 0) with color: ffeeeeee
[DEBUG] Voxel indices: (8,4,0)
[DEBUG] Assigning color: ffeeeeee to voxel at (8, 4, 0)
assigning visible flag to voxel at (8, 4, 0)
[DEBUG] Voxel at (8, 4, 0) with color: ffeeeeee
[DEBUG] Voxel indices: (9,4,0)
[DEBUG] Assigning color: ffeeeeee to voxel at (9, 4, 0)
assigning visible flag to voxel at (9, 4, 0)
[DEBUG] Voxel at (9, 4, 0) with color: ffeeeeee
[DEBUG] Voxel indices: (0,5,0)
[DEBUG] Assigning color: ffeeeeee to voxel at (0, 5, 0)
assigning visible flag to voxel at (0, 5, 0)
[DEBUG] Voxel at (0, 5, 0) with color: ffeeeeee
[DEBUG] Voxel indices: (1,5,0)
[DEBUG] Assigning color: ffeeeeee to voxel at (1, 5, 0)
assigning visible flag to voxel at (1, 5, 0)
[DEBUG] Voxel at (1, 5, 0) with color: ffeeeeee
[DEBUG] Voxel indices: (2,5,0)
[DEBUG] Assigning color: ffeeeeee to voxel at (2, 5, 0)
assigning visible flag to voxel at (2, 5, 0)
[DEBUG] Voxel at (2, 5, 0) with color: ffeeeeee
[DEBUG] Voxel indices: (3,5,0)
[DEBUG] Assigning color: ffeeeeee to voxel at (3, 5, 0)
assigning visible flag to voxel at (3, 5, 0)
[DEBUG] Voxel at (3, 5, 0) with color: ffeeeeee
[DEBUG] Voxel indices: (4,5,0)
[DEBUG] Assigning color: ffeeeeee to voxel at (4, 5, 0)
assigning visible flag to voxel at (4, 5, 0)
[DEBUG] Voxel at (4, 5, 0) with color: ffeeeeee
[DEBUG] Voxel indices: (5,5,0)
[DEBUG] Assigning color: ffeeeeee to voxel at (5, 5, 0)
assigning visible flag to voxel at (5, 5, 0)
[DEBUG] Voxel at (5, 5, 0) with color: ffeeeeee
[DEBUG] Voxel indices: (6,5,0)
[DEBUG] Assigning color: ffeeeeee to voxel at (6, 5, 0)
assigning visible flag to voxel at (6, 5, 0)
[DEBUG] Voxel at (6, 5, 0) with color: ffeeeeee
[DEBUG] Voxel indices: (7,5,0)
[DEBUG] Assigning color: ffeeeeee to voxel at (7, 5, 0)
assigning visible flag to voxel at (7, 5, 0)
[DEBUG] Voxel at (7, 5, 0) with color: ffeeeeee
[DEBUG] Voxel indices: (8,5,0)
[DEBUG] Assigning color: ffeeeeee to voxel at (8, 5, 0)
assigning visible flag to voxel at (8, 5, 0)
[DEBUG] Voxel at (8, 5, 0) with color: ffeeeeee
[DEBUG] Voxel indices: (9,5,0)
[DEBUG] Assigning color: ffeeeeee to voxel at (9, 5, 0)
assigning visible flag to voxel at (9, 5, 0)
[DEBUG] Voxel at (9, 5, 0) with color: ffeeeeee
[DEBUG] Voxel indices: (0,6,0)
[DEBUG] Assigning color: ffeeeeee to voxel at (0, 6, 0)
assigning visible flag to voxel at (0, 6, 0)
[DEBUG] Voxel at (0, 6, 0) with color: ffeeeeee
[DEBUG] Voxel indices: (1,6,0)
[DEBUG] Assigning color: ffeeeeee to voxel at (1, 6, 0)
assigning visible flag to voxel at (1, 6, 0)
[DEBUG] Voxel at (1, 6, 0) with color: ffeeeeee
[DEBUG] Voxel indices: (2,6,0)
[DEBUG] Assigning color: ffeeeeee to voxel at (2, 6, 0)
assigning visible flag to voxel at (2, 6, 0)
[DEBUG] Voxel at (2, 6, 0) with color: ffeeeeee
[DEBUG] Voxel indices: (3,6,0)
[DEBUG] Assigning color: ffeeeeee to voxel at (3, 6, 0)
assigning visible flag to voxel at (3, 6, 0)
[DEBUG] Voxel at (3, 6, 0) with color: ffeeeeee
[DEBUG] Voxel indices: (4,6,0)
[DEBUG] Assigning color: ffeeeeee to voxel at (4, 6, 0)
assigning visible flag to voxel at (4, 6, 0)
[DEBUG] Voxel at (4, 6, 0) with color: ffeeeeee
[DEBUG] Voxel indices: (5,6,0)
[DEBUG] Assigning color: ffeeeeee to voxel at (5, 6, 0)
assigning visible flag to voxel at (5, 6, 0)
[DEBUG] Voxel at (5, 6, 0) with color: ffeeeeee
[DEBUG] Voxel indices: (6,6,0)
[DEBUG] Assigning color: ffeeeeee to voxel at (6, 6, 0)
assigning visible flag to voxel at (6, 6, 0)
[DEBUG] Voxel at (6, 6, 0) with color: ffeeeeee
[DEBUG] Voxel indices: (7,6,0)
[DEBUG] Assigning color: ffeeeeee to voxel at (7, 6, 0)
assigning visible flag to voxel at (7, 6, 0)
[DEBUG] Voxel at (7, 6, 0) with color: ffeeeeee
[DEBUG] Voxel indices: (8,6,0)
[DEBUG] Assigning color: ffeeeeee to voxel at (8, 6, 0)
assigning visible flag to voxel at (8, 6, 0)
[DEBUG] Voxel at (8, 6, 0) with color: ffeeeeee
[DEBUG] Voxel indices: (9,6,0)
[DEBUG] Assigning color: ffeeeeee to voxel at (9, 6, 0)
assigning visible flag to voxel at (9, 6, 0)
[DEBUG] Voxel at (9, 6, 0) with color: ffeeeeee
[DEBUG] Voxel indices: (0,7,0)
[DEBUG] Assigning color: ffeeeeee to voxel at (0, 7, 0)
assigning visible flag to voxel at (0, 7, 0)
[DEBUG] Voxel at (0, 7, 0) with color: ffeeeeee
[DEBUG] Voxel indices: (1,7,0)
[DEBUG] Assigning color: ffeeeeee to voxel at (1, 7, 0)
assigning visible flag to voxel at (1, 7, 0)
[DEBUG] Voxel at (1, 7, 0) with color: ffeeeeee
[DEBUG] Voxel indices: (2,7,0)
[DEBUG] Assigning color: ffeeeeee to voxel at (2, 7, 0)
assigning visible flag to voxel at (2, 7, 0)
[DEBUG] Voxel at (2, 7, 0) with color: ffeeeeee
[DEBUG] Voxel indices: (3,7,0)
[DEBUG] Assigning color: ffeeeeee to voxel at (3, 7, 0)
assigning visible flag to voxel at (3, 7, 0)
[DEBUG] Voxel at (3, 7, 0) with color: ffeeeeee
[DEBUG] Voxel indices: (4,7,0)
[DEBUG] Assigning color: ffeeeeee to voxel at (4, 7, 0)
assigning visible flag to voxel at (4, 7, 0)
[DEBUG] Voxel at (4, 7, 0) with color: ffeeeeee
[DEBUG] Voxel indices: (5,7,0)
[DEBUG] Assigning color: ffeeeeee to voxel at (5, 7, 0)
assigning visible flag to voxel at (5, 7, 0)
[DEBUG] Voxel at (5, 7, 0) with color: ffeeeeee
[DEBUG] Voxel indices: (6,7,0)
[DEBUG] Assigning color: ffeeeeee to voxel at (6, 7, 0)
assigning visible flag to voxel at (6, 7, 0)
[DEBUG] Voxel at (6, 7, 0) with color: ffeeeeee
[DEBUG] Voxel indices: (7,7,0)
[DEBUG] Assigning color: ffeeeeee to voxel at (7, 7, 0)
assigning visible flag to voxel at (7, 7, 0)
[DEBUG] Voxel at (7, 7, 0) with color: ffeeeeee
[DEBUG] Voxel indices: (8,7,0)
[DEBUG] Assigning color: ffeeeeee to voxel at (8, 7, 0)
assigning visible flag to voxel at (8, 7, 0)
[DEBUG] Voxel at (8, 7, 0) with color: ffeeeeee
[DEBUG] Voxel indices: (9,7,0)
[DEBUG] Assigning color: ffeeeeee to voxel at (9, 7, 0)
assigning visible flag to voxel at (9, 7, 0)
[DEBUG] Voxel at (9, 7, 0) with color: ffeeeeee
[DEBUG] Voxel indices: (0,8,0)
[DEBUG] Assigning color: ffeeeeee to voxel at (0, 8, 0)
assigning visible flag to voxel at (0, 8, 0)
[DEBUG] Voxel at (0, 8, 0) with color: ffeeeeee
[DEBUG] Voxel indices: (1,8,0)
[DEBUG] Assigning color: ffeeeeee to voxel at (1, 8, 0)
assigning visible flag to voxel at (1, 8, 0)
[DEBUG] Voxel at (1, 8, 0) with color: ffeeeeee
[DEBUG] Voxel indices: (2,8,0)
[DEBUG] Assigning color: ffeeeeee to voxel at (2, 8, 0)
assigning visible flag to voxel at (2, 8, 0)
[DEBUG] Voxel at (2, 8, 0) with color: ffeeeeee
[DEBUG] Voxel indices: (3,8,0)
[DEBUG] Assigning color: ffeeeeee to voxel at (3, 8, 0)
assigning visible flag to voxel at (3, 8, 0)
[DEBUG] Voxel at (3, 8, 0) with color: ffeeeeee
[DEBUG] Voxel indices: (4,8,0)
[DEBUG] Assigning color: ffeeeeee to voxel at (4, 8, 0)
assigning visible flag to voxel at (4, 8, 0)
[DEBUG] Voxel at (4, 8, 0) with color: ffeeeeee
[DEBUG] Voxel indices: (5,8,0)
[DEBUG] Assigning color: ffeeeeee to voxel at (5, 8, 0)
assigning visible flag to voxel at (5, 8, 0)
[DEBUG] Voxel at (5, 8, 0) with color: ffeeeeee
[DEBUG] Voxel indices: (6,8,0)
[DEBUG] Assigning color: ffeeeeee to voxel at (6, 8, 0)
assigning visible flag to voxel at (6, 8, 0)
[DEBUG] Voxel at (6, 8, 0) with color: ffeeeeee
[DEBUG] Voxel indices: (7,8,0)
[DEBUG] Assigning color: ffeeeeee to voxel at (7, 8, 0)
assigning visible flag to voxel at (7, 8, 0)
[DEBUG] Voxel at (7, 8, 0) with color: ffeeeeee
[DEBUG] Voxel indices: (8,8,0)
[DEBUG] Assigning color: ffeeeeee to voxel at (8, 8, 0)
assigning visible flag to voxel at (8, 8, 0)
[DEBUG] Voxel at (8, 8, 0) with color: ffeeeeee
[DEBUG] Voxel indices: (9,8,0)
[DEBUG] Assigning color: ffeeeeee to voxel at (9, 8, 0)
assigning visible flag to voxel at (9, 8, 0)
[DEBUG] Voxel at (9, 8, 0) with color: ffeeeeee
[DEBUG] Voxel indices: (0,9,0)
[DEBUG] Assigning color: ffeeeeee to voxel at (0, 9, 0)
assigning visible flag to voxel at (0, 9, 0)
[DEBUG] Voxel at (0, 9, 0) with color: ffeeeeee
[DEBUG] Voxel indices: (1,9,0)
[DEBUG] Assigning color: ffeeeeee to voxel at (1, 9, 0)
assigning visible flag to voxel at (1, 9, 0)
[DEBUG] Voxel at (1, 9, 0) with color: ffeeeeee
[DEBUG] Voxel indices: (2,9,0)
[DEBUG] Assigning color: ffeeeeee to voxel at (2, 9, 0)
assigning visible flag to voxel at (2, 9, 0)
[DEBUG] Voxel at (2, 9, 0) with color: ffeeeeee
[DEBUG] Voxel indices: (3,9,0)
[DEBUG] Assigning color: ffeeeeee to voxel at (3, 9, 0)
assigning visible flag to voxel at (3, 9, 0)
[DEBUG] Voxel at (3, 9, 0) with color: ffeeeeee
[DEBUG] Voxel indices: (4,9,0)
[DEBUG] Assigning color: ffeeeeee to voxel at (4, 9, 0)
assigning visible flag to voxel at (4, 9, 0)
[DEBUG] Voxel at (4, 9, 0) with color: ffeeeeee
[DEBUG] Voxel indices: (5,9,0)
[DEBUG] Assigning color: ffeeeeee to voxel at (5, 9, 0)
assigning visible flag to voxel at (5, 9, 0)
[DEBUG] Voxel at (5, 9, 0) with color: ffeeeeee
[DEBUG] Voxel indices: (6,9,0)
[DEBUG] Assigning color: ffeeeeee to voxel at (6, 9, 0)
assigning visible flag to voxel at (6, 9, 0)
[DEBUG] Voxel at (6, 9, 0) with color: ffeeeeee
[DEBUG] Voxel indices: (7,9,0)
[DEBUG] Assigning color: ffeeeeee to voxel at (7, 9, 0)
assigning visible flag to voxel at (7, 9, 0)
[DEBUG] Voxel at (7, 9, 0) with color: ffeeeeee
[DEBUG] Voxel indices: (8,9,0)
[DEBUG] Assigning color: ffeeeeee to voxel at (8, 9, 0)
assigning visible flag to voxel at (8, 9, 0)
[DEBUG] Voxel at (8, 9, 0) with color: ffeeeeee
[DEBUG] Voxel indices: (9,9,0)
[DEBUG] Assigning color: ffeeeeee to voxel at (9, 9, 0)
assigning visible flag to voxel at (9, 9, 0)
[DEBUG] Voxel at (9, 9, 0) with color: ffeeeeee
[DEBUG] Voxel indices: (0,0,1)
[DEBUG] Assigning color: ffeeeeee to voxel at (0, 0, 1)
assigning visible flag to voxel at (0, 0, 1)
[DEBUG] Voxel at (0, 0, 1) with color: ffeeeeee
[DEBUG] Voxel indices: (1,0,1)
[DEBUG] Assigning color: ffeeeeee to voxel at (1, 0, 1)
assigning visible flag to voxel at (1, 0, 1)
[DEBUG] Voxel at (1, 0, 1) with color: ffeeeeee
[DEBUG] Voxel indices: (2,0,1)
[DEBUG] Assigning color: ffeeeeee to voxel at (2, 0, 1)
assigning visible flag to voxel at (2, 0, 1)
[DEBUG] Voxel at (2, 0, 1) with color: ffeeeeee
[DEBUG] Voxel indices: (3,0,1)
[DEBUG] Assigning color: ffeeeeee to voxel at (3, 0, 1)
assigning visible flag to voxel at (3, 0, 1)
[DEBUG] Voxel at (3, 0, 1) with color: ffeeeeee
[DEBUG] Voxel indices: (4,0,1)
[DEBUG] Assigning color: ffeeeeee to voxel at (4, 0, 1)
assigning visible flag to voxel at (4, 0, 1)
[DEBUG] Voxel at (4, 0, 1) with color: ffeeeeee
[DEBUG] Voxel indices: (5,0,1)
[DEBUG] Assigning color: ffeeeeee to voxel at (5, 0, 1)
assigning visible flag to voxel at (5, 0, 1)
[DEBUG] Voxel at (5, 0, 1) with color: ffeeeeee
[DEBUG] Voxel indices: (6,0,1)
[DEBUG] Assigning color: ffeeeeee to voxel at (6, 0, 1)
assigning visible flag to voxel at (6, 0, 1)
[DEBUG] Voxel at (6, 0, 1) with color: ffeeeeee
[DEBUG] Voxel indices: (7,0,1)
[DEBUG] Assigning color: ffeeeeee to voxel at (7, 0, 1)
assigning visible flag to voxel at (7, 0, 1)
[DEBUG] Voxel at (7, 0, 1) with color: ffeeeeee
[DEBUG] Voxel indices: (8,0,1)
[DEBUG] Assigning color: ffeeeeee to voxel at (8, 0, 1)
assigning visible flag to voxel at (8, 0, 1)
[DEBUG] Voxel at (8, 0, 1) with color: ffeeeeee
[DEBUG] Voxel indices: (9,0,1)
[DEBUG] Assigning color: ffeeeeee to voxel at (9, 0, 1)
assigning visible flag to voxel at (9, 0, 1)
[DEBUG] Voxel at (9, 0, 1) with color: ffeeeeee
[DEBUG] Voxel indices: (0,1,1)
[DEBUG] Assigning color: ffeeeeee to voxel at (0, 1, 1)
assigning visible flag to voxel at (0, 1, 1)
[DEBUG] Voxel at (0, 1, 1) with color: ffeeeeee
[DEBUG] Voxel indices: (1,1,1)
[DEBUG] Assigning color: ffeeeeee to voxel at (1, 1, 1)
assigning visible flag to voxel at (1, 1, 1)
[DEBUG] Voxel at (1, 1, 1) with color: ffeeeeee
[DEBUG] Voxel indices: (2,1,1)
[DEBUG] Assigning color: ffeeeeee to voxel at (2, 1, 1)
assigning visible flag to voxel at (2, 1, 1)
[DEBUG] Voxel at (2, 1, 1) with color: ffeeeeee
[DEBUG] Voxel indices: (3,1,1)
[DEBUG] Assigning color: ffeeeeee to voxel at (3, 1, 1)
assigning visible flag to voxel at (3, 1, 1)
[DEBUG] Voxel at (3, 1, 1) with color: ffeeeeee
[DEBUG] Voxel indices: (4,1,1)
[DEBUG] Assigning color: ffeeeeee to voxel at (4, 1, 1)
assigning visible flag to voxel at (4, 1, 1)
[DEBUG] Voxel at (4, 1, 1) with color: ffeeeeee
[DEBUG] Voxel indices: (5,1,1)
[DEBUG] Assigning color: ffeeeeee to voxel at (5, 1, 1)
assigning visible flag to voxel at (5, 1, 1)
[DEBUG] Voxel at (5, 1, 1) with color: ffeeeeee
[DEBUG] Voxel indices: (6,1,1)
[DEBUG] Assigning color: ffeeeeee to voxel at (6, 1, 1)
assigning visible flag to voxel at (6, 1, 1)
[DEBUG] Voxel at (6, 1, 1) with color: ffeeeeee
[DEBUG] Voxel indices: (7,1,1)
[DEBUG] Assigning color: ffeeeeee to voxel at (7, 1, 1)
assigning visible flag to voxel at (7, 1, 1)
[DEBUG] Voxel at (7, 1, 1) with color: ffeeeeee
[DEBUG] Voxel indices: (8,1,1)
[DEBUG] Assigning color: ffeeeeee to voxel at (8, 1, 1)
assigning visible flag to voxel at (8, 1, 1)
[DEBUG] Voxel at (8, 1, 1) with color: ffeeeeee
[DEBUG] Voxel indices: (9,1,1)
[DEBUG] Assigning color: ffeeeeee to voxel at (9, 1, 1)
assigning visible flag to voxel at (9, 1, 1)
[DEBUG] Voxel at (9, 1, 1) with color: ffeeeeee
[DEBUG] Voxel indices: (0,2,1)
[DEBUG] Assigning color: ffeeeeee to voxel at (0, 2, 1)
assigning visible flag to voxel at (0, 2, 1)
[DEBUG] Voxel at (0, 2, 1) with color: ffeeeeee
[DEBUG] Voxel indices: (1,2,1)
[DEBUG] Assigning color: ffeeeeee to voxel at (1, 2, 1)
assigning visible flag to voxel at (1, 2, 1)
[DEBUG] Voxel at (1, 2, 1) with color: ffeeeeee
[DEBUG] Voxel indices: (2,2,1)
[DEBUG] Assigning color: ffeeeeee to voxel at (2, 2, 1)
assigning visible flag to voxel at (2, 2, 1)
[DEBUG] Voxel at (2, 2, 1) with color: ffeeeeee
[DEBUG] Voxel indices: (3,2,1)
[DEBUG] Assigning color: ffeeeeee to voxel at (3, 2, 1)
assigning visible flag to voxel at (3, 2, 1)
[DEBUG] Voxel at (3, 2, 1) with color: ffeeeeee
[DEBUG] Voxel indices: (4,2,1)
[DEBUG] Assigning color: ffeeeeee to voxel at (4, 2, 1)
assigning visible flag to voxel at (4, 2, 1)
[DEBUG] Voxel at (4, 2, 1) with color: ffeeeeee
[DEBUG] Voxel indices: (5,2,1)
[DEBUG] Assigning color: ffeeeeee to voxel at (5, 2, 1)
assigning visible flag to voxel at (5, 2, 1)
[DEBUG] Voxel at (5, 2, 1) with color: ffeeeeee
[DEBUG] Voxel indices: (6,2,1)
[DEBUG] Assigning color: ffeeeeee to voxel at (6, 2, 1)
assigning visible flag to voxel at (6, 2, 1)
[DEBUG] Voxel at (6, 2, 1) with color: ffeeeeee
[DEBUG] Voxel indices: (7,2,1)
[DEBUG] Assigning color: ffeeeeee to voxel at (7, 2, 1)
assigning visible flag to voxel at (7, 2, 1)
[DEBUG] Voxel at (7, 2, 1) with color: ffeeeeee
[DEBUG] Voxel indices: (8,2,1)
[DEBUG] Assigning color: ffeeeeee to voxel at (8, 2, 1)
assigning visible flag to voxel at (8, 2, 1)
[DEBUG] Voxel at (8, 2, 1) with color: ffeeeeee
[DEBUG] Voxel indices: (9,2,1)
[DEBUG] Assigning color: ffeeeeee to voxel at (9, 2, 1)
assigning visible flag to voxel at (9, 2, 1)
[DEBUG] Voxel at (9, 2, 1) with color: ffeeeeee
[DEBUG] Voxel indices: (0,3,1)
[DEBUG] Assigning color: ffeeeeee to voxel at (0, 3, 1)
assigning visible flag to voxel at (0, 3, 1)
[DEBUG] Voxel at (0, 3, 1) with color: ffeeeeee
[DEBUG] Voxel indices: (1,3,1)
[DEBUG] Assigning color: ffeeeeee to voxel at (1, 3, 1)
assigning visible flag to voxel at (1, 3, 1)
[DEBUG] Voxel at (1, 3, 1) with color: ffeeeeee
[DEBUG] Voxel indices: (2,3,1)
[DEBUG] Assigning color: ffeeeeee to voxel at (2, 3, 1)
assigning visible flag to voxel at (2, 3, 1)
[DEBUG] Voxel at (2, 3, 1) with color: ffeeeeee
[DEBUG] Voxel indices: (3,3,1)
[DEBUG] Assigning color: ffeeeeee to voxel at (3, 3, 1)
assigning visible flag to voxel at (3, 3, 1)
[DEBUG] Voxel at (3, 3, 1) with color: ffeeeeee
[DEBUG] Voxel indices: (4,3,1)
[DEBUG] Assigning color: ffeeeeee to voxel at (4, 3, 1)
assigning visible flag to voxel at (4, 3, 1)
[DEBUG] Voxel at (4, 3, 1) with color: ffeeeeee
[DEBUG] Voxel indices: (5,3,1)
[DEBUG] Assigning color: ffeeeeee to voxel at (5, 3, 1)
assigning visible flag to voxel at (5, 3, 1)
[DEBUG] Voxel at (5, 3, 1) with color: ffeeeeee
[DEBUG] Voxel indices: (6,3,1)
[DEBUG] Assigning color: ffeeeeee to voxel at (6, 3, 1)
assigning visible flag to voxel at (6, 3, 1)
[DEBUG] Voxel at (6, 3, 1) with color: ffeeeeee
[DEBUG] Voxel indices: (7,3,1)
[DEBUG] Assigning color: ffeeeeee to voxel at (7, 3, 1)
assigning visible flag to voxel at (7, 3, 1)
[DEBUG] Voxel at (7, 3, 1) with color: ffeeeeee
[DEBUG] Voxel indices: (8,3,1)
[DEBUG] Assigning color: ffeeeeee to voxel at (8, 3, 1)
assigning visible flag to voxel at (8, 3, 1)
[DEBUG] Voxel at (8, 3, 1) with color: ffeeeeee
[DEBUG] Voxel indices: (9,3,1)
[DEBUG] Assigning color: ffeeeeee to voxel at (9, 3, 1)
assigning visible flag to voxel at (9, 3, 1)
[DEBUG] Voxel at (9, 3, 1) with color: ffeeeeee
[DEBUG] Voxel indices: (0,4,1)
[DEBUG] Assigning color: ffeeeeee to voxel at (0, 4, 1)
assigning visible flag to voxel at (0, 4, 1)
[DEBUG] Voxel at (0, 4, 1) with color: ffeeeeee
[DEBUG] Voxel indices: (1,4,1)
[DEBUG] Assigning color: ffeeeeee to voxel at (1, 4, 1)
assigning visible flag to voxel at (1, 4, 1)
[DEBUG] Voxel at (1, 4, 1) with color: ffeeeeee
[DEBUG] Voxel indices: (2,4,1)
[DEBUG] Assigning color: ffeeeeee to voxel at (2, 4, 1)
assigning visible flag to voxel at (2, 4, 1)
[DEBUG] Voxel at (2, 4, 1) with color: ffeeeeee
[DEBUG] Voxel indices: (3,4,1)
[DEBUG] Assigning color: ffeeeeee to voxel at (3, 4, 1)
assigning visible flag to voxel at (3, 4, 1)
[DEBUG] Voxel at (3, 4, 1) with color: ffeeeeee
[DEBUG] Voxel indices: (4,4,1)
[DEBUG] Assigning color: ffeeeeee to voxel at (4, 4, 1)
assigning visible flag to voxel at (4, 4, 1)
[DEBUG] Voxel at (4, 4, 1) with color: ffeeeeee
[DEBUG] Voxel indices: (5,4,1)
[DEBUG] Assigning color: ffeeeeee to voxel at (5, 4, 1)
assigning visible flag to voxel at (5, 4, 1)
[DEBUG] Voxel at (5, 4, 1) with color: ffeeeeee
[DEBUG] Voxel indices: (6,4,1)
[DEBUG] Assigning color: ffeeeeee to voxel at (6, 4, 1)
assigning visible flag to voxel at (6, 4, 1)
[DEBUG] Voxel at (6, 4, 1) with color: ffeeeeee
[DEBUG] Voxel indices: (7,4,1)
[DEBUG] Assigning color: ffeeeeee to voxel at (7, 4, 1)
assigning visible flag to voxel at (7, 4, 1)
[DEBUG] Voxel at (7, 4, 1) with color: ffeeeeee
[DEBUG] Voxel indices: (8,4,1)
[DEBUG] Assigning color: ffeeeeee to voxel at (8, 4, 1)
assigning visible flag to voxel at (8, 4, 1)
[DEBUG] Voxel at (8, 4, 1) with color: ffeeeeee
[DEBUG] Voxel indices: (9,4,1)
[DEBUG] Assigning color: ffeeeeee to voxel at (9, 4, 1)
assigning visible flag to voxel at (9, 4, 1)
[DEBUG] Voxel at (9, 4, 1) with color: ffeeeeee
[DEBUG] Voxel indices: (0,5,1)
[DEBUG] Assigning color: ffeeeeee to voxel at (0, 5, 1)
assigning visible flag to voxel at (0, 5, 1)
[DEBUG] Voxel at (0, 5, 1) with color: ffeeeeee
[DEBUG] Voxel indices: (1,5,1)
[DEBUG] Assigning color: ffeeeeee to voxel at (1, 5, 1)
assigning visible flag to voxel at (1, 5, 1)
[DEBUG] Voxel at (1, 5, 1) with color: ffeeeeee
[DEBUG] Voxel indices: (2,5,1)
[DEBUG] Assigning color: ffeeeeee to voxel at (2, 5, 1)
assigning visible flag to voxel at (2, 5, 1)
[DEBUG] Voxel at (2, 5, 1) with color: ffeeeeee
[DEBUG] Voxel indices: (3,5,1)
[DEBUG] Assigning color: ffeeeeee to voxel at (3, 5, 1)
assigning visible flag to voxel at (3, 5, 1)
[DEBUG] Voxel at (3, 5, 1) with color: ffeeeeee
[DEBUG] Voxel indices: (4,5,1)
[DEBUG] Assigning color: ffeeeeee to voxel at (4, 5, 1)
assigning visible flag to voxel at (4, 5, 1)
[DEBUG] Voxel at (4, 5, 1) with color: ffeeeeee
[DEBUG] Voxel indices: (5,5,1)
[DEBUG] Assigning color: ffeeeeee to voxel at (5, 5, 1)
assigning visible flag to voxel at (5, 5, 1)
[DEBUG] Voxel at (5, 5, 1) with color: ffeeeeee
[DEBUG] Voxel indices: (6,5,1)
[DEBUG] Assigning color: ffeeeeee to voxel at (6, 5, 1)
assigning visible flag to voxel at (6, 5, 1)
[DEBUG] Voxel at (6, 5, 1) with color: ffeeeeee
[DEBUG] Voxel indices: (7,5,1)
[DEBUG] Assigning color: ffeeeeee to voxel at (7, 5, 1)
assigning visible flag to voxel at (7, 5, 1)
[DEBUG] Voxel at (7, 5, 1) with color: ffeeeeee
[DEBUG] Voxel indices: (8,5,1)
[DEBUG] Assigning color: ffeeeeee to voxel at (8, 5, 1)
assigning visible flag to voxel at (8, 5, 1)
[DEBUG] Voxel at (8, 5, 1) with color: ffeeeeee
[DEBUG] Voxel indices: (9,5,1)
[DEBUG] Assigning color: ffeeeeee to voxel at (9, 5, 1)
assigning visible flag to voxel at (9, 5, 1)
[DEBUG] Voxel at (9, 5, 1) with color: ffeeeeee
[DEBUG] Voxel indices: (0,6,1)
[DEBUG] Assigning color: ffeeeeee to voxel at (0, 6, 1)
assigning visible flag to voxel at (0, 6, 1)
[DEBUG] Voxel at (0, 6, 1) with color: ffeeeeee
[DEBUG] Voxel indices: (1,6,1)
[DEBUG] Assigning color: ffeeeeee to voxel at (1, 6, 1)
assigning visible flag to voxel at (1, 6, 1)
[DEBUG] Voxel at (1, 6, 1) with color: ffeeeeee
[DEBUG] Voxel indices: (2,6,1)
[DEBUG] Assigning color: ffeeeeee to voxel at (2, 6, 1)
assigning visible flag to voxel at (2, 6, 1)
[DEBUG] Voxel at (2, 6, 1) with color: ffeeeeee
[DEBUG] Voxel indices: (3,6,1)
[DEBUG] Assigning color: ffeeeeee to voxel at (3, 6, 1)
assigning visible flag to voxel at (3, 6, 1)
[DEBUG] Voxel at (3, 6, 1) with color: ffeeeeee
[DEBUG] Voxel indices: (4,6,1)
[DEBUG] Assigning color: ffeeeeee to voxel at (4, 6, 1)
assigning visible flag to voxel at (4, 6, 1)
[DEBUG] Voxel at (4, 6, 1) with color: ffeeeeee
[DEBUG] Voxel indices: (5,6,1)
[DEBUG] Assigning color: ffeeeeee to voxel at (5, 6, 1)
assigning visible flag to voxel at (5, 6, 1)
[DEBUG] Voxel at (5, 6, 1) with color: ffeeeeee
[DEBUG] Voxel indices: (6,6,1)
[DEBUG] Assigning color: ffeeeeee to voxel at (6, 6, 1)
assigning visible flag to voxel at (6, 6, 1)
[DEBUG] Voxel at (6, 6, 1) with color: ffeeeeee
[DEBUG] Voxel indices: (7,6,1)
[DEBUG] Assigning color: ffeeeeee to voxel at (7, 6, 1)
assigning visible flag to voxel at (7, 6, 1)
[DEBUG] Voxel at (7, 6, 1) with color: ffeeeeee
[DEBUG] Voxel indices: (8,6,1)
[DEBUG] Assigning color: ffeeeeee to voxel at (8, 6, 1)
assigning visible flag to voxel at (8, 6, 1)
[DEBUG] Voxel at (8, 6, 1) with color: ffeeeeee
[DEBUG] Voxel indices: (9,6,1)
[DEBUG] Assigning color: ffeeeeee to voxel at (9, 6, 1)
assigning visible flag to voxel at (9, 6, 1)
[DEBUG] Voxel at (9, 6, 1) with color: ffeeeeee
[DEBUG] Voxel indices: (0,7,1)
[DEBUG] Assigning color: ffeeeeee to voxel at (0, 7, 1)
assigning visible flag to voxel at (0, 7, 1)
[DEBUG] Voxel at (0, 7, 1) with color: ffeeeeee
[DEBUG] Voxel indices: (1,7,1)
[DEBUG] Assigning color: ffeeeeee to voxel at (1, 7, 1)
assigning visible flag to voxel at (1, 7, 1)
[DEBUG] Voxel at (1, 7, 1) with color: ffeeeeee
[DEBUG] Voxel indices: (2,7,1)
[DEBUG] Assigning color: ffeeeeee to voxel at (2, 7, 1)
assigning visible flag to voxel at (2, 7, 1)
[DEBUG] Voxel at (2, 7, 1) with color: ffeeeeee
[DEBUG] Voxel indices: (3,7,1)
[DEBUG] Assigning color: ffeeeeee to voxel at (3, 7, 1)
assigning visible flag to voxel at (3, 7, 1)
[DEBUG] Voxel at (3, 7, 1) with color: ffeeeeee
[DEBUG] Voxel indices: (4,7,1)
[DEBUG] Assigning color: ffeeeeee to voxel at (4, 7, 1)
assigning visible flag to voxel at (4, 7, 1)
[DEBUG] Voxel at (4, 7, 1) with color: ffeeeeee
[DEBUG] Voxel indices: (5,7,1)
[DEBUG] Assigning color: ffeeeeee to voxel at (5, 7, 1)
assigning visible flag to voxel at (5, 7, 1)
[DEBUG] Voxel at (5, 7, 1) with color: ffeeeeee
[DEBUG] Voxel indices: (6,7,1)
[DEBUG] Assigning color: ffeeeeee to voxel at (6, 7, 1)
assigning visible flag to voxel at (6, 7, 1)
[DEBUG] Voxel at (6, 7, 1) with color: ffeeeeee
[DEBUG] Voxel indices: (7,7,1)
[DEBUG] Assigning color: ffeeeeee to voxel at (7, 7, 1)
assigning visible flag to voxel at (7, 7, 1)
[DEBUG] Voxel at (7, 7, 1) with color: ffeeeeee
[DEBUG] Voxel indices: (8,7,1)
[DEBUG] Assigning color: ffeeeeee to voxel at (8, 7, 1)
assigning visible flag to voxel at (8, 7, 1)
[DEBUG] Voxel at (8, 7, 1) with color: ffeeeeee
[DEBUG] Voxel indices: (9,7,1)
[DEBUG] Assigning color: ffeeeeee to voxel at (9, 7, 1)
assigning visible flag to voxel at (9, 7, 1)
[DEBUG] Voxel at (9, 7, 1) with color: ffeeeeee
[DEBUG] Voxel indices: (0,8,1)
[DEBUG] Assigning color: ffeeeeee to voxel at (0, 8, 1)
assigning visible flag to voxel at (0, 8, 1)
[DEBUG] Voxel at (0, 8, 1) with color: ffeeeeee
[DEBUG] Voxel indices: (1,8,1)
[DEBUG] Assigning color: ffeeeeee to voxel at (1, 8, 1)
assigning visible flag to voxel at (1, 8, 1)
[DEBUG] Voxel at (1, 8, 1) with color: ffeeeeee
[DEBUG] Voxel indices: (2,8,1)
[DEBUG] Assigning color: ffeeeeee to voxel at (2, 8, 1)
assigning visible flag to voxel at (2, 8, 1)
[DEBUG] Voxel at (2, 8, 1) with color: ffeeeeee
[DEBUG] Voxel indices: (3,8,1)
[DEBUG] Assigning color: ffeeeeee to voxel at (3, 8, 1)
assigning visible flag to voxel at (3, 8, 1)
[DEBUG] Voxel at (3, 8, 1) with color: ffeeeeee
[DEBUG] Voxel indices: (4,8,1)
[DEBUG] Assigning color: ffeeeeee to voxel at (4, 8, 1)
assigning visible flag to voxel at (4, 8, 1)
[DEBUG] Voxel at (4, 8, 1) with color: ffeeeeee
[DEBUG] Voxel indices: (5,8,1)
[DEBUG] Assigning color: ffeeeeee to voxel at (5, 8, 1)
assigning visible flag to voxel at (5, 8, 1)
[DEBUG] Voxel at (5, 8, 1) with color: ffeeeeee
[DEBUG] Voxel indices: (6,8,1)
[DEBUG] Assigning color: ffeeeeee to voxel at (6, 8, 1)
assigning visible flag to voxel at (6, 8, 1)
[DEBUG] Voxel at (6, 8, 1) with color: ffeeeeee
[DEBUG] Voxel indices: (7,8,1)
[DEBUG] Assigning color: ffeeeeee to voxel at (7, 8, 1)
assigning visible flag to voxel at (7, 8, 1)
[DEBUG] Voxel at (7, 8, 1) with color: ffeeeeee
[DEBUG] Voxel indices: (8,8,1)
[DEBUG] Assigning color: ffeeeeee to voxel at (8, 8, 1)
assigning visible flag to voxel at (8, 8, 1)
[DEBUG] Voxel at (8, 8, 1) with color: ffeeeeee
[DEBUG] Voxel indices: (9,8,1)
[DEBUG] Assigning color: ffeeeeee to voxel at (9, 8, 1)
assigning visible flag to voxel at (9, 8, 1)
[DEBUG] Voxel at (9, 8, 1) with color: ffeeeeee
[DEBUG] Voxel indices: (0,9,1)
[DEBUG] Assigning color: ffeeeeee to voxel at (0, 9, 1)
assigning visible flag to voxel at (0, 9, 1)
[DEBUG] Voxel at (0, 9, 1) with color: ffeeeeee
[DEBUG] Voxel indices: (1,9,1)
[DEBUG] Assigning color: ffeeeeee to voxel at (1, 9, 1)
assigning visible flag to voxel at (1, 9, 1)
[DEBUG] Voxel at (1, 9, 1) with color: ffeeeeee
[DEBUG] Voxel indices: (2,9,1)
[DEBUG] Assigning color: ffeeeeee to voxel at (2, 9, 1)
assigning visible flag to voxel at (2, 9, 1)
[DEBUG] Voxel at (2, 9, 1) with color: ffeeeeee
[DEBUG] Voxel indices: (3,9,1)
[DEBUG] Assigning color: ffeeeeee to voxel at (3, 9, 1)
assigning visible flag to voxel at (3, 9, 1)
[DEBUG] Voxel at (3, 9, 1) with color: ffeeeeee
[DEBUG] Voxel indices: (4,9,1)
[DEBUG] Assigning color: ffeeeeee to voxel at (4, 9, 1)
assigning visible flag to voxel at (4, 9, 1)
[DEBUG] Voxel at (4, 9, 1) with color: ffeeeeee
[DEBUG] Voxel indices: (5,9,1)
[DEBUG] Assigning color: ffeeeeee to voxel at (5, 9, 1)
assigning visible flag to voxel at (5, 9, 1)
[DEBUG] Voxel at (5, 9, 1) with color: ffeeeeee
[DEBUG] Voxel indices: (6,9,1)
[DEBUG] Assigning color: ffeeeeee to voxel at (6, 9, 1)
assigning visible flag to voxel at (6, 9, 1)
[DEBUG] Voxel at (6, 9, 1) with color: ffeeeeee
[DEBUG] Voxel indices: (7,9,1)
[DEBUG] Assigning color: ffeeeeee to voxel at (7, 9, 1)
assigning visible flag to voxel at (7, 9, 1)
[DEBUG] Voxel at (7, 9, 1) with color: ffeeeeee
[DEBUG] Voxel indices: (8,9,1)
[DEBUG] Assigning color: ffeeeeee to voxel at (8, 9, 1)
assigning visible flag to voxel at (8, 9, 1)
[DEBUG] Voxel at (8, 9, 1) with color: ffeeeeee
[DEBUG] Voxel indices: (9,9,1)
[DEBUG] Assigning color: ffeeeeee to voxel at (9, 9, 1)
assigning visible flag to voxel at (9, 9, 1)
[DEBUG] Voxel at (9, 9, 1) with color: ffeeeeee
[DEBUG] Voxel indices: (0,0,2)
[DEBUG] Assigning color: ffeeeeee to voxel at (0, 0, 2)
assigning visible flag to voxel at (0, 0, 2)
[DEBUG] Voxel at (0, 0, 2) with color: ffeeeeee
[DEBUG] Voxel indices: (1,0,2)
[DEBUG] Assigning color: ffeeeeee to voxel at (1, 0, 2)
assigning visible flag to voxel at (1, 0, 2)
[DEBUG] Voxel at (1, 0, 2) with color: ffeeeeee
[DEBUG] Voxel indices: (2,0,2)
[DEBUG] Assigning color: ffeeeeee to voxel at (2, 0, 2)
assigning visible flag to voxel at (2, 0, 2)
[DEBUG] Voxel at (2, 0, 2) with color: ffeeeeee
[DEBUG] Voxel indices: (3,0,2)
[DEBUG] Assigning color: ffeeeeee to voxel at (3, 0, 2)
assigning visible flag to voxel at (3, 0, 2)
[DEBUG] Voxel at (3, 0, 2) with color: ffeeeeee
[DEBUG] Voxel indices: (4,0,2)
[DEBUG] Assigning color: ffeeeeee to voxel at (4, 0, 2)
assigning visible flag to voxel at (4, 0, 2)
[DEBUG] Voxel at (4, 0, 2) with color: ffeeeeee
[DEBUG] Voxel indices: (5,0,2)
[DEBUG] Assigning color: ffeeeeee to voxel at (5, 0, 2)
assigning visible flag to voxel at (5, 0, 2)
[DEBUG] Voxel at (5, 0, 2) with color: ffeeeeee
[DEBUG] Voxel indices: (6,0,2)
[DEBUG] Assigning color: ffeeeeee to voxel at (6, 0, 2)
assigning visible flag to voxel at (6, 0, 2)
[DEBUG] Voxel at (6, 0, 2) with color: ffeeeeee
[DEBUG] Voxel indices: (7,0,2)
[DEBUG] Assigning color: ffeeeeee to voxel at (7, 0, 2)
assigning visible flag to voxel at (7, 0, 2)
[DEBUG] Voxel at (7, 0, 2) with color: ffeeeeee
[DEBUG] Voxel indices: (8,0,2)
[DEBUG] Assigning color: ffeeeeee to voxel at (8, 0, 2)
assigning visible flag to voxel at (8, 0, 2)
[DEBUG] Voxel at (8, 0, 2) with color: ffeeeeee
[DEBUG] Voxel indices: (9,0,2)
[DEBUG] Assigning color: ffeeeeee to voxel at (9, 0, 2)
assigning visible flag to voxel at (9, 0, 2)
[DEBUG] Voxel at (9, 0, 2) with color: ffeeeeee
[DEBUG] Voxel indices: (0,1,2)
[DEBUG] Assigning color: ffeeeeee to voxel at (0, 1, 2)
assigning visible flag to voxel at (0, 1, 2)
[DEBUG] Voxel at (0, 1, 2) with color: ffeeeeee
[DEBUG] Voxel indices: (1,1,2)
[DEBUG] Assigning color: ffeeeeee to voxel at (1, 1, 2)
assigning visible flag to voxel at (1, 1, 2)
[DEBUG] Voxel at (1, 1, 2) with color: ffeeeeee
[DEBUG] Voxel indices: (2,1,2)
[DEBUG] Assigning color: ffeeeeee to voxel at (2, 1, 2)
assigning visible flag to voxel at (2, 1, 2)
[DEBUG] Voxel at (2, 1, 2) with color: ffeeeeee
[DEBUG] Voxel indices: (3,1,2)
[DEBUG] Assigning color: ffeeeeee to voxel at (3, 1, 2)
assigning visible flag to voxel at (3, 1, 2)
[DEBUG] Voxel at (3, 1, 2) with color: ffeeeeee
[DEBUG] Voxel indices: (4,1,2)
[DEBUG] Assigning color: ffeeeeee to voxel at (4, 1, 2)
assigning visible flag to voxel at (4, 1, 2)
[DEBUG] Voxel at (4, 1, 2) with color: ffeeeeee
[DEBUG] Voxel indices: (5,1,2)
[DEBUG] Assigning color: ffeeeeee to voxel at (5, 1, 2)
assigning visible flag to voxel at (5, 1, 2)
[DEBUG] Voxel at (5, 1, 2) with color: ffeeeeee
[DEBUG] Voxel indices: (6,1,2)
[DEBUG] Assigning color: ffeeeeee to voxel at (6, 1, 2)
assigning visible flag to voxel at (6, 1, 2)
[DEBUG] Voxel at (6, 1, 2) with color: ffeeeeee
[DEBUG] Voxel indices: (7,1,2)
[DEBUG] Assigning color: ffeeeeee to voxel at (7, 1, 2)
assigning visible flag to voxel at (7, 1, 2)
[DEBUG] Voxel at (7, 1, 2) with color: ffeeeeee
[DEBUG] Voxel indices: (8,1,2)
[DEBUG] Assigning color: ffeeeeee to voxel at (8, 1, 2)
assigning visible flag to voxel at (8, 1, 2)
[DEBUG] Voxel at (8, 1, 2) with color: ffeeeeee
[DEBUG] Voxel indices: (9,1,2)
[DEBUG] Assigning color: ffeeeeee to voxel at (9, 1, 2)
assigning visible flag to voxel at (9, 1, 2)
[DEBUG] Voxel at (9, 1, 2) with color: ffeeeeee
[DEBUG] Voxel indices: (0,2,2)
[DEBUG] Assigning color: ffeeeeee to voxel at (0, 2, 2)
assigning visible flag to voxel at (0, 2, 2)
[DEBUG] Voxel at (0, 2, 2) with color: ffeeeeee
[DEBUG] Voxel indices: (1,2,2)
[DEBUG] Assigning color: ffeeeeee to voxel at (1, 2, 2)
assigning visible flag to voxel at (1, 2, 2)
[DEBUG] Voxel at (1, 2, 2) with color: ffeeeeee
[DEBUG] Voxel indices: (2,2,2)
[DEBUG] Assigning color: ffeeeeee to voxel at (2, 2, 2)
assigning visible flag to voxel at (2, 2, 2)
[DEBUG] Voxel at (2, 2, 2) with color: ffeeeeee
[DEBUG] Voxel indices: (3,2,2)
[DEBUG] Assigning color: ffeeeeee to voxel at (3, 2, 2)
assigning visible flag to voxel at (3, 2, 2)
[DEBUG] Voxel at (3, 2, 2) with color: ffeeeeee
[DEBUG] Voxel indices: (4,2,2)
[DEBUG] Assigning color: ffeeeeee to voxel at (4, 2, 2)
assigning visible flag to voxel at (4, 2, 2)
[DEBUG] Voxel at (4, 2, 2) with color: ffeeeeee
[DEBUG] Voxel indices: (5,2,2)
[DEBUG] Assigning color: ffeeeeee to voxel at (5, 2, 2)
assigning visible flag to voxel at (5, 2, 2)
[DEBUG] Voxel at (5, 2, 2) with color: ffeeeeee
[DEBUG] Voxel indices: (6,2,2)
[DEBUG] Assigning color: ffeeeeee to voxel at (6, 2, 2)
assigning visible flag to voxel at (6, 2, 2)
[DEBUG] Voxel at (6, 2, 2) with color: ffeeeeee
[DEBUG] Voxel indices: (7,2,2)
[DEBUG] Assigning color: ffeeeeee to voxel at (7, 2, 2)
assigning visible flag to voxel at (7, 2, 2)
[DEBUG] Voxel at (7, 2, 2) with color: ffeeeeee
[DEBUG] Voxel indices: (8,2,2)
[DEBUG] Assigning color: ffeeeeee to voxel at (8, 2, 2)
assigning visible flag to voxel at (8, 2, 2)
[DEBUG] Voxel at (8, 2, 2) with color: ffeeeeee
[DEBUG] Voxel indices: (9,2,2)
[DEBUG] Assigning color: ffeeeeee to voxel at (9, 2, 2)
assigning visible flag to voxel at (9, 2, 2)
[DEBUG] Voxel at (9, 2, 2) with color: ffeeeeee
[DEBUG] Voxel indices: (0,3,2)
[DEBUG] Assigning color: ffeeeeee to voxel at (0, 3, 2)
assigning visible flag to voxel at (0, 3, 2)
[DEBUG] Voxel at (0, 3, 2) with color: ffeeeeee
[DEBUG] Voxel indices: (1,3,2)
[DEBUG] Assigning color: ffeeeeee to voxel at (1, 3, 2)
assigning visible flag to voxel at (1, 3, 2)
[DEBUG] Voxel at (1, 3, 2) with color: ffeeeeee
[DEBUG] Voxel indices: (2,3,2)
[DEBUG] Assigning color: ffeeeeee to voxel at (2, 3, 2)
assigning visible flag to voxel at (2, 3, 2)
[DEBUG] Voxel at (2, 3, 2) with color: ffeeeeee
[DEBUG] Voxel indices: (3,3,2)
[DEBUG] Assigning color: ffeeeeee to voxel at (3, 3, 2)
assigning visible flag to voxel at (3, 3, 2)
[DEBUG] Voxel at (3, 3, 2) with color: ffeeeeee
[DEBUG] Voxel indices: (4,3,2)
[DEBUG] Assigning color: ffeeeeee to voxel at (4, 3, 2)
assigning visible flag to voxel at (4, 3, 2)
[DEBUG] Voxel at (4, 3, 2) with color: ffeeeeee
[DEBUG] Voxel indices: (5,3,2)
[DEBUG] Assigning color: ffeeeeee to voxel at (5, 3, 2)
assigning visible flag to voxel at (5, 3, 2)
[DEBUG] Voxel at (5, 3, 2) with color: ffeeeeee
[DEBUG] Voxel indices: (6,3,2)
[DEBUG] Assigning color: ffeeeeee to voxel at (6, 3, 2)
assigning visible flag to voxel at (6, 3, 2)
[DEBUG] Voxel at (6, 3, 2) with color: ffeeeeee
[DEBUG] Voxel indices: (7,3,2)
[DEBUG] Assigning color: ffeeeeee to voxel at (7, 3, 2)
assigning visible flag to voxel at (7, 3, 2)
[DEBUG] Voxel at (7, 3, 2) with color: ffeeeeee
[DEBUG] Voxel indices: (8,3,2)
[DEBUG] Assigning color: ffeeeeee to voxel at (8, 3, 2)
assigning visible flag to voxel at (8, 3, 2)
[DEBUG] Voxel at (8, 3, 2) with color: ffeeeeee
[DEBUG] Voxel indices: (9,3,2)
[DEBUG] Assigning color: ffeeeeee to voxel at (9, 3, 2)
assigning visible flag to voxel at (9, 3, 2)
[DEBUG] Voxel at (9, 3, 2) with color: ffeeeeee
[DEBUG] Voxel indices: (0,4,2)
[DEBUG] Assigning color: ffeeeeee to voxel at (0, 4, 2)
assigning visible flag to voxel at (0, 4, 2)
[DEBUG] Voxel at (0, 4, 2) with color: ffeeeeee
[DEBUG] Voxel indices: (1,4,2)
[DEBUG] Assigning color: ffeeeeee to voxel at (1, 4, 2)
assigning visible flag to voxel at (1, 4, 2)
[DEBUG] Voxel at (1, 4, 2) with color: ffeeeeee
[DEBUG] Voxel indices: (2,4,2)
[DEBUG] Assigning color: ffeeeeee to voxel at (2, 4, 2)
assigning visible flag to voxel at (2, 4, 2)
[DEBUG] Voxel at (2, 4, 2) with color: ffeeeeee
[DEBUG] Voxel indices: (3,4,2)
[DEBUG] Assigning color: ffeeeeee to voxel at (3, 4, 2)
assigning visible flag to voxel at (3, 4, 2)
[DEBUG] Voxel at (3, 4, 2) with color: ffeeeeee
[DEBUG] Voxel indices: (4,4,2)
[DEBUG] Assigning color: ffeeeeee to voxel at (4, 4, 2)
assigning visible flag to voxel at (4, 4, 2)
[DEBUG] Voxel at (4, 4, 2) with color: ffeeeeee
[DEBUG] Voxel indices: (5,4,2)
[DEBUG] Assigning color: ffeeeeee to voxel at (5, 4, 2)
assigning visible flag to voxel at (5, 4, 2)
[DEBUG] Voxel at (5, 4, 2) with color: ffeeeeee
[DEBUG] Voxel indices: (6,4,2)
[DEBUG] Assigning color: ffeeeeee to voxel at (6, 4, 2)
assigning visible flag to voxel at (6, 4, 2)
[DEBUG] Voxel at (6, 4, 2) with color: ffeeeeee
[DEBUG] Voxel indices: (7,4,2)
[DEBUG] Assigning color: ffeeeeee to voxel at (7, 4, 2)
assigning visible flag to voxel at (7, 4, 2)
[DEBUG] Voxel at (7, 4, 2) with color: ffeeeeee
[DEBUG] Voxel indices: (8,4,2)
[DEBUG] Assigning color: ffeeeeee to voxel at (8, 4, 2)
assigning visible flag to voxel at (8, 4, 2)
[DEBUG] Voxel at (8, 4, 2) with color: ffeeeeee
[DEBUG] Voxel indices: (9,4,2)
[DEBUG] Assigning color: ffeeeeee to voxel at (9, 4, 2)
assigning visible flag to voxel at (9, 4, 2)
[DEBUG] Voxel at (9, 4, 2) with color: ffeeeeee
[DEBUG] Voxel indices: (0,5,2)
[DEBUG] Assigning color: ffeeeeee to voxel at (0, 5, 2)
assigning visible flag to voxel at (0, 5, 2)
[DEBUG] Voxel at (0, 5, 2) with color: ffeeeeee
[DEBUG] Voxel indices: (1,5,2)
[DEBUG] Assigning color: ffeeeeee to voxel at (1, 5, 2)
assigning visible flag to voxel at (1, 5, 2)
[DEBUG] Voxel at (1, 5, 2) with color: ffeeeeee
[DEBUG] Voxel indices: (2,5,2)
[DEBUG] Assigning color: ffeeeeee to voxel at (2, 5, 2)
assigning visible flag to voxel at (2, 5, 2)
[DEBUG] Voxel at (2, 5, 2) with color: ffeeeeee
[DEBUG] Voxel indices: (3,5,2)
[DEBUG] Assigning color: ffeeeeee to voxel at (3, 5, 2)
assigning visible flag to voxel at (3, 5, 2)
[DEBUG] Voxel at (3, 5, 2) with color: ffeeeeee
[DEBUG] Voxel indices: (4,5,2)
[DEBUG] Assigning color: ffeeeeee to voxel at (4, 5, 2)
assigning visible flag to voxel at (4, 5, 2)
[DEBUG] Voxel at (4, 5, 2) with color: ffeeeeee
[DEBUG] Voxel indices: (5,5,2)
[DEBUG] Assigning color: ffeeeeee to voxel at (5, 5, 2)
assigning visible flag to voxel at (5, 5, 2)
[DEBUG] Voxel at (5, 5, 2) with color: ffeeeeee
[DEBUG] Voxel indices: (6,5,2)
[DEBUG] Assigning color: ffeeeeee to voxel at (6, 5, 2)
assigning visible flag to voxel at (6, 5, 2)
[DEBUG] Voxel at (6, 5, 2) with color: ffeeeeee
[DEBUG] Voxel indices: (7,5,2)
[DEBUG] Assigning color: ffeeeeee to voxel at (7, 5, 2)
assigning visible flag to voxel at (7, 5, 2)
[DEBUG] Voxel at (7, 5, 2) with color: ffeeeeee
[DEBUG] Voxel indices: (8,5,2)
[DEBUG] Assigning color: ffeeeeee to voxel at (8, 5, 2)
assigning visible flag to voxel at (8, 5, 2)
[DEBUG] Voxel at (8, 5, 2) with color: ffeeeeee
[DEBUG] Voxel indices: (9,5,2)
[DEBUG] Assigning color: ffeeeeee to voxel at (9, 5, 2)
assigning visible flag to voxel at (9, 5, 2)
[DEBUG] Voxel at (9, 5, 2) with color: ffeeeeee
[DEBUG] Voxel indices: (0,6,2)
[DEBUG] Assigning color: ffeeeeee to voxel at (0, 6, 2)
assigning visible flag to voxel at (0, 6, 2)
[DEBUG] Voxel at (0, 6, 2) with color: ffeeeeee
[DEBUG] Voxel indices: (1,6,2)
[DEBUG] Assigning color: ffeeeeee to voxel at (1, 6, 2)
assigning visible flag to voxel at (1, 6, 2)
[DEBUG] Voxel at (1, 6, 2) with color: ffeeeeee
[DEBUG] Voxel indices: (2,6,2)
[DEBUG] Assigning color: ffeeeeee to voxel at (2, 6, 2)
assigning visible flag to voxel at (2, 6, 2)
[DEBUG] Voxel at (2, 6, 2) with color: ffeeeeee
[DEBUG] Voxel indices: (3,6,2)
[DEBUG] Assigning color: ffeeeeee to voxel at (3, 6, 2)
assigning visible flag to voxel at (3, 6, 2)
[DEBUG] Voxel at (3, 6, 2) with color: ffeeeeee
[DEBUG] Voxel indices: (4,6,2)
[DEBUG] Assigning color: ffeeeeee to voxel at (4, 6, 2)
assigning visible flag to voxel at (4, 6, 2)
[DEBUG] Voxel at (4, 6, 2) with color: ffeeeeee
[DEBUG] Voxel indices: (5,6,2)
[DEBUG] Assigning color: ffeeeeee to voxel at (5, 6, 2)
assigning visible flag to voxel at (5, 6, 2)
[DEBUG] Voxel at (5, 6, 2) with color: ffeeeeee
[DEBUG] Voxel indices: (6,6,2)
[DEBUG] Assigning color: ffeeeeee to voxel at (6, 6, 2)
assigning visible flag to voxel at (6, 6, 2)
[DEBUG] Voxel at (6, 6, 2) with color: ffeeeeee
[DEBUG] Voxel indices: (7,6,2)
[DEBUG] Assigning color: ffeeeeee to voxel at (7, 6, 2)
assigning visible flag to voxel at (7, 6, 2)
[DEBUG] Voxel at (7, 6, 2) with color: ffeeeeee
[DEBUG] Voxel indices: (8,6,2)
[DEBUG] Assigning color: ffeeeeee to voxel at (8, 6, 2)
assigning visible flag to voxel at (8, 6, 2)
[DEBUG] Voxel at (8, 6, 2) with color: ffeeeeee
[DEBUG] Voxel indices: (9,6,2)
[DEBUG] Assigning color: ffeeeeee to voxel at (9, 6, 2)
assigning visible flag to voxel at (9, 6, 2)
[DEBUG] Voxel at (9, 6, 2) with color: ffeeeeee
[DEBUG] Voxel indices: (0,7,2)
[DEBUG] Assigning color: ffeeeeee to voxel at (0, 7, 2)
assigning visible flag to voxel at (0, 7, 2)
[DEBUG] Voxel at (0, 7, 2) with color: ffeeeeee
[DEBUG] Voxel indices: (1,7,2)
[DEBUG] Assigning color: ffeeeeee to voxel at (1, 7, 2)
assigning visible flag to voxel at (1, 7, 2)
[DEBUG] Voxel at (1, 7, 2) with color: ffeeeeee
[DEBUG] Voxel indices: (2,7,2)
[DEBUG] Assigning color: ffeeeeee to voxel at (2, 7, 2)
assigning visible flag to voxel at (2, 7, 2)
[DEBUG] Voxel at (2, 7, 2) with color: ffeeeeee
[DEBUG] Voxel indices: (3,7,2)
[DEBUG] Assigning color: ffeeeeee to voxel at (3, 7, 2)
assigning visible flag to voxel at (3, 7, 2)
[DEBUG] Voxel at (3, 7, 2) with color: ffeeeeee
[DEBUG] Voxel indices: (4,7,2)
[DEBUG] Assigning color: ffeeeeee to voxel at (4, 7, 2)
assigning visible flag to voxel at (4, 7, 2)
[DEBUG] Voxel at (4, 7, 2) with color: ffeeeeee
[DEBUG] Voxel indices: (5,7,2)
[DEBUG] Assigning color: ffeeeeee to voxel at (5, 7, 2)
assigning visible flag to voxel at (5, 7, 2)
[DEBUG] Voxel at (5, 7, 2) with color: ffeeeeee
[DEBUG] Voxel indices: (6,7,2)
[DEBUG] Assigning color: ffeeeeee to voxel at (6, 7, 2)
assigning visible flag to voxel at (6, 7, 2)
[DEBUG] Voxel at (6, 7, 2) with color: ffeeeeee
[DEBUG] Voxel indices: (7,7,2)
[DEBUG] Assigning color: ffeeeeee to voxel at (7, 7, 2)
assigning visible flag to voxel at (7, 7, 2)
[DEBUG] Voxel at (7, 7, 2) with color: ffeeeeee
[DEBUG] Voxel indices: (8,7,2)
[DEBUG] Assigning color: ffeeeeee to voxel at (8, 7, 2)
assigning visible flag to voxel at (8, 7, 2)
[DEBUG] Voxel at (8, 7, 2) with color: ffeeeeee
[DEBUG] Voxel indices: (9,7,2)
[DEBUG] Assigning color: ffeeeeee to voxel at (9, 7, 2)
assigning visible flag to voxel at (9, 7, 2)
[DEBUG] Voxel at (9, 7, 2) with color: ffeeeeee
[DEBUG] Voxel indices: (0,8,2)
[DEBUG] Assigning color: ffeeeeee to voxel at (0, 8, 2)
assigning visible flag to voxel at (0, 8, 2)
[DEBUG] Voxel at (0, 8, 2) with color: ffeeeeee
[DEBUG] Voxel indices: (1,8,2)
[DEBUG] Assigning color: ffeeeeee to voxel at (1, 8, 2)
assigning visible flag to voxel at (1, 8, 2)
[DEBUG] Voxel at (1, 8, 2) with color: ffeeeeee
[DEBUG] Voxel indices: (2,8,2)
[DEBUG] Assigning color: ffeeeeee to voxel at (2, 8, 2)
assigning visible flag to voxel at (2, 8, 2)
[DEBUG] Voxel at (2, 8, 2) with color: ffeeeeee
[DEBUG] Voxel indices: (3,8,2)
[DEBUG] Assigning color: ffeeeeee to voxel at (3, 8, 2)
assigning visible flag to voxel at (3, 8, 2)
[DEBUG] Voxel at (3, 8, 2) with color: ffeeeeee
[DEBUG] Voxel indices: (4,8,2)
[DEBUG] Assigning color: ffeeeeee to voxel at (4, 8, 2)
assigning visible flag to voxel at (4, 8, 2)
[DEBUG] Voxel at (4, 8, 2) with color: ffeeeeee
[DEBUG] Voxel indices: (5,8,2)
[DEBUG] Assigning color: ffeeeeee to voxel at (5, 8, 2)
assigning visible flag to voxel at (5, 8, 2)
[DEBUG] Voxel at (5, 8, 2) with color: ffeeeeee
[DEBUG] Voxel indices: (6,8,2)
[DEBUG] Assigning color: ffeeeeee to voxel at (6, 8, 2)
assigning visible flag to voxel at (6, 8, 2)
[DEBUG] Voxel at (6, 8, 2) with color: ffeeeeee
[DEBUG] Voxel indices: (7,8,2)
[DEBUG] Assigning color: ffeeeeee to voxel at (7, 8, 2)
assigning visible flag to voxel at (7, 8, 2)
[DEBUG] Voxel at (7, 8, 2) with color: ffeeeeee
[DEBUG] Voxel indices: (8,8,2)
[DEBUG] Assigning color: ffeeeeee to voxel at (8, 8, 2)
assigning visible flag to voxel at (8, 8, 2)
[DEBUG] Voxel at (8, 8, 2) with color: ffeeeeee
[DEBUG] Voxel indices: (9,8,2)
[DEBUG] Assigning color: ffeeeeee to voxel at (9, 8, 2)
assigning visible flag to voxel at (9, 8, 2)
[DEBUG] Voxel at (9, 8, 2) with color: ffeeeeee
[DEBUG] Voxel indices: (0,9,2)
[DEBUG] Assigning color: ffeeeeee to voxel at (0, 9, 2)
assigning visible flag to voxel at (0, 9, 2)
[DEBUG] Voxel at (0, 9, 2) with color: ffeeeeee
[DEBUG] Voxel indices: (1,9,2)
[DEBUG] Assigning color: ffeeeeee to voxel at (1, 9, 2)
assigning visible flag to voxel at (1, 9, 2)
[DEBUG] Voxel at (1, 9, 2) with color: ffeeeeee
[DEBUG] Voxel indices: (2,9,2)
[DEBUG] Assigning color: ffeeeeee to voxel at (2, 9, 2)
assigning visible flag to voxel at (2, 9, 2)
[DEBUG] Voxel at (2, 9, 2) with color: ffeeeeee
[DEBUG] Voxel indices: (3,9,2)
[DEBUG] Assigning color: ffeeeeee to voxel at (3, 9, 2)
assigning visible flag to voxel at (3, 9, 2)
[DEBUG] Voxel at (3, 9, 2) with color: ffeeeeee
[DEBUG] Voxel indices: (4,9,2)
[DEBUG] Assigning color: ffeeeeee to voxel at (4, 9, 2)
assigning visible flag to voxel at (4, 9, 2)
[DEBUG] Voxel at (4, 9, 2) with color: ffeeeeee
[DEBUG] Voxel indices: (5,9,2)
[DEBUG] Assigning color: ffeeeeee to voxel at (5, 9, 2)
assigning visible flag to voxel at (5, 9, 2)
[DEBUG] Voxel at (5, 9, 2) with color: ffeeeeee
[DEBUG] Voxel indices: (6,9,2)
[DEBUG] Assigning color: ffeeeeee to voxel at (6, 9, 2)
assigning visible flag to voxel at (6, 9, 2)
[DEBUG] Voxel at (6, 9, 2) with color: ffeeeeee
[DEBUG] Voxel indices: (7,9,2)
[DEBUG] Assigning color: ffeeeeee to voxel at (7, 9, 2)
assigning visible flag to voxel at (7, 9, 2)
[DEBUG] Voxel at (7, 9, 2) with color: ffeeeeee
[DEBUG] Voxel indices: (8,9,2)
[DEBUG] Assigning color: ffeeeeee to voxel at (8, 9, 2)
assigning visible flag to voxel at (8, 9, 2)
[DEBUG] Voxel at (8, 9, 2) with color: ffeeeeee
[DEBUG] Voxel indices: (9,9,2)
[DEBUG] Assigning color: ffeeeeee to voxel at (9, 9, 2)
assigning visible flag to voxel at (9, 9, 2)
[DEBUG] Voxel at (9, 9, 2) with color: ffeeeeee
[DEBUG] Voxel indices: (0,0,3)
[DEBUG] Assigning color: ffeeeeee to voxel at (0, 0, 3)
assigning visible flag to voxel at (0, 0, 3)
[DEBUG] Voxel at (0, 0, 3) with color: ffeeeeee
[DEBUG] Voxel indices: (1,0,3)
[DEBUG] Assigning color: ffeeeeee to voxel at (1, 0, 3)
assigning visible flag to voxel at (1, 0, 3)
[DEBUG] Voxel at (1, 0, 3) with color: ffeeeeee
[DEBUG] Voxel indices: (2,0,3)
[DEBUG] Assigning color: ffeeeeee to voxel at (2, 0, 3)
assigning visible flag to voxel at (2, 0, 3)
[DEBUG] Voxel at (2, 0, 3) with color: ffeeeeee
[DEBUG] Voxel indices: (3,0,3)
[DEBUG] Assigning color: ffeeeeee to voxel at (3, 0, 3)
assigning visible flag to voxel at (3, 0, 3)
[DEBUG] Voxel at (3, 0, 3) with color: ffeeeeee
[DEBUG] Voxel indices: (4,0,3)
[DEBUG] Assigning color: ffeeeeee to voxel at (4, 0, 3)
assigning visible flag to voxel at (4, 0, 3)
[DEBUG] Voxel at (4, 0, 3) with color: ffeeeeee
[DEBUG] Voxel indices: (5,0,3)
[DEBUG] Assigning color: ffeeeeee to voxel at (5, 0, 3)
assigning visible flag to voxel at (5, 0, 3)
[DEBUG] Voxel at (5, 0, 3) with color: ffeeeeee
[DEBUG] Voxel indices: (6,0,3)
[DEBUG] Assigning color: ffeeeeee to voxel at (6, 0, 3)
assigning visible flag to voxel at (6, 0, 3)
[DEBUG] Voxel at (6, 0, 3) with color: ffeeeeee
[DEBUG] Voxel indices: (7,0,3)
[DEBUG] Assigning color: ffeeeeee to voxel at (7, 0, 3)
assigning visible flag to voxel at (7, 0, 3)
[DEBUG] Voxel at (7, 0, 3) with color: ffeeeeee
[DEBUG] Voxel indices: (8,0,3)
[DEBUG] Assigning color: ffeeeeee to voxel at (8, 0, 3)
assigning visible flag to voxel at (8, 0, 3)
[DEBUG] Voxel at (8, 0, 3) with color: ffeeeeee
[DEBUG] Voxel indices: (9,0,3)
[DEBUG] Assigning color: ffeeeeee to voxel at (9, 0, 3)
assigning visible flag to voxel at (9, 0, 3)
[DEBUG] Voxel at (9, 0, 3) with color: ffeeeeee
[DEBUG] Voxel indices: (0,1,3)
[DEBUG] Assigning color: ffeeeeee to voxel at (0, 1, 3)
assigning visible flag to voxel at (0, 1, 3)
[DEBUG] Voxel at (0, 1, 3) with color: ffeeeeee
[DEBUG] Voxel indices: (1,1,3)
[DEBUG] Assigning color: ffeeeeee to voxel at (1, 1, 3)
assigning visible flag to voxel at (1, 1, 3)
[DEBUG] Voxel at (1, 1, 3) with color: ffeeeeee
[DEBUG] Voxel indices: (2,1,3)
[DEBUG] Assigning color: ffeeeeee to voxel at (2, 1, 3)
assigning visible flag to voxel at (2, 1, 3)
[DEBUG] Voxel at (2, 1, 3) with color: ffeeeeee
[DEBUG] Voxel indices: (3,1,3)
[DEBUG] Assigning color: ffeeeeee to voxel at (3, 1, 3)
assigning visible flag to voxel at (3, 1, 3)
[DEBUG] Voxel at (3, 1, 3) with color: ffeeeeee
[DEBUG] Voxel indices: (4,1,3)
[DEBUG] Assigning color: ffeeeeee to voxel at (4, 1, 3)
assigning visible flag to voxel at (4, 1, 3)
[DEBUG] Voxel at (4, 1, 3) with color: ffeeeeee
[DEBUG] Voxel indices: (5,1,3)
[DEBUG] Assigning color: ffeeeeee to voxel at (5, 1, 3)
assigning visible flag to voxel at (5, 1, 3)
[DEBUG] Voxel at (5, 1, 3) with color: ffeeeeee
[DEBUG] Voxel indices: (6,1,3)
[DEBUG] Assigning color: ffeeeeee to voxel at (6, 1, 3)
assigning visible flag to voxel at (6, 1, 3)
[DEBUG] Voxel at (6, 1, 3) with color: ffeeeeee
[DEBUG] Voxel indices: (7,1,3)
[DEBUG] Assigning color: ffeeeeee to voxel at (7, 1, 3)
assigning visible flag to voxel at (7, 1, 3)
[DEBUG] Voxel at (7, 1, 3) with color: ffeeeeee
[DEBUG] Voxel indices: (8,1,3)
[DEBUG] Assigning color: ffeeeeee to voxel at (8, 1, 3)
assigning visible flag to voxel at (8, 1, 3)
[DEBUG] Voxel at (8, 1, 3) with color: ffeeeeee
[DEBUG] Voxel indices: (9,1,3)
[DEBUG] Assigning color: ffeeeeee to voxel at (9, 1, 3)
assigning visible flag to voxel at (9, 1, 3)
[DEBUG] Voxel at (9, 1, 3) with color: ffeeeeee
[DEBUG] Voxel indices: (0,2,3)
[DEBUG] Assigning color: ffeeeeee to voxel at (0, 2, 3)
assigning visible flag to voxel at (0, 2, 3)
[DEBUG] Voxel at (0, 2, 3) with color: ffeeeeee
[DEBUG] Voxel indices: (1,2,3)
[DEBUG] Assigning color: ffeeeeee to voxel at (1, 2, 3)
assigning visible flag to voxel at (1, 2, 3)
[DEBUG] Voxel at (1, 2, 3) with color: ffeeeeee
[DEBUG] Voxel indices: (2,2,3)
[DEBUG] Assigning color: ffeeeeee to voxel at (2, 2, 3)
assigning visible flag to voxel at (2, 2, 3)
[DEBUG] Voxel at (2, 2, 3) with color: ffeeeeee
[DEBUG] Voxel indices: (3,2,3)
[DEBUG] Assigning color: ffeeeeee to voxel at (3, 2, 3)
assigning visible flag to voxel at (3, 2, 3)
[DEBUG] Voxel at (3, 2, 3) with color: ffeeeeee
[DEBUG] Voxel indices: (4,2,3)
[DEBUG] Assigning color: ffeeeeee to voxel at (4, 2, 3)
assigning visible flag to voxel at (4, 2, 3)
[DEBUG] Voxel at (4, 2, 3) with color: ffeeeeee
[DEBUG] Voxel indices: (5,2,3)
[DEBUG] Assigning color: ffeeeeee to voxel at (5, 2, 3)
assigning visible flag to voxel at (5, 2, 3)
[DEBUG] Voxel at (5, 2, 3) with color: ffeeeeee
[DEBUG] Voxel indices: (6,2,3)
[DEBUG] Assigning color: ffeeeeee to voxel at (6, 2, 3)
assigning visible flag to voxel at (6, 2, 3)
[DEBUG] Voxel at (6, 2, 3) with color: ffeeeeee
[DEBUG] Voxel indices: (7,2,3)
[DEBUG] Assigning color: ffeeeeee to voxel at (7, 2, 3)
assigning visible flag to voxel at (7, 2, 3)
[DEBUG] Voxel at (7, 2, 3) with color: ffeeeeee
[DEBUG] Voxel indices: (8,2,3)
[DEBUG] Assigning color: ffeeeeee to voxel at (8, 2, 3)
assigning visible flag to voxel at (8, 2, 3)
[DEBUG] Voxel at (8, 2, 3) with color: ffeeeeee
[DEBUG] Voxel indices: (9,2,3)
[DEBUG] Assigning color: ffeeeeee to voxel at (9, 2, 3)
assigning visible flag to voxel at (9, 2, 3)
[DEBUG] Voxel at (9, 2, 3) with color: ffeeeeee
[DEBUG] Voxel indices: (0,3,3)
[DEBUG] Assigning color: ffeeeeee to voxel at (0, 3, 3)
assigning visible flag to voxel at (0, 3, 3)
[DEBUG] Voxel at (0, 3, 3) with color: ffeeeeee
[DEBUG] Voxel indices: (1,3,3)
[DEBUG] Assigning color: ffeeeeee to voxel at (1, 3, 3)
assigning visible flag to voxel at (1, 3, 3)
[DEBUG] Voxel at (1, 3, 3) with color: ffeeeeee
[DEBUG] Voxel indices: (2,3,3)
[DEBUG] Assigning color: ffeeeeee to voxel at (2, 3, 3)
assigning visible flag to voxel at (2, 3, 3)
[DEBUG] Voxel at (2, 3, 3) with color: ffeeeeee
[DEBUG] Voxel indices: (3,3,3)
[DEBUG] Assigning color: ffeeeeee to voxel at (3, 3, 3)
assigning visible flag to voxel at (3, 3, 3)
[DEBUG] Voxel at (3, 3, 3) with color: ffeeeeee
[DEBUG] Voxel indices: (4,3,3)
[DEBUG] Assigning color: ffeeeeee to voxel at (4, 3, 3)
assigning visible flag to voxel at (4, 3, 3)
[DEBUG] Voxel at (4, 3, 3) with color: ffeeeeee
[DEBUG] Voxel indices: (5,3,3)
[DEBUG] Assigning color: ffeeeeee to voxel at (5, 3, 3)
assigning visible flag to voxel at (5, 3, 3)
[DEBUG] Voxel at (5, 3, 3) with color: ffeeeeee
[DEBUG] Voxel indices: (6,3,3)
[DEBUG] Assigning color: ffeeeeee to voxel at (6, 3, 3)
assigning visible flag to voxel at (6, 3, 3)
[DEBUG] Voxel at (6, 3, 3) with color: ffeeeeee
[DEBUG] Voxel indices: (7,3,3)
[DEBUG] Assigning color: ffeeeeee to voxel at (7, 3, 3)
assigning visible flag to voxel at (7, 3, 3)
[DEBUG] Voxel at (7, 3, 3) with color: ffeeeeee
[DEBUG] Voxel indices: (8,3,3)
[DEBUG] Assigning color: ffeeeeee to voxel at (8, 3, 3)
assigning visible flag to voxel at (8, 3, 3)
[DEBUG] Voxel at (8, 3, 3) with color: ffeeeeee
[DEBUG] Voxel indices: (9,3,3)
[DEBUG] Assigning color: ffeeeeee to voxel at (9, 3, 3)
assigning visible flag to voxel at (9, 3, 3)
[DEBUG] Voxel at (9, 3, 3) with color: ffeeeeee
[DEBUG] Voxel indices: (0,4,3)
[DEBUG] Assigning color: ffeeeeee to voxel at (0, 4, 3)
assigning visible flag to voxel at (0, 4, 3)
[DEBUG] Voxel at (0, 4, 3) with color: ffeeeeee
[DEBUG] Voxel indices: (1,4,3)
[DEBUG] Assigning color: ffeeeeee to voxel at (1, 4, 3)
assigning visible flag to voxel at (1, 4, 3)
[DEBUG] Voxel at (1, 4, 3) with color: ffeeeeee
[DEBUG] Voxel indices: (2,4,3)
[DEBUG] Assigning color: ffeeeeee to voxel at (2, 4, 3)
assigning visible flag to voxel at (2, 4, 3)
[DEBUG] Voxel at (2, 4, 3) with color: ffeeeeee
[DEBUG] Voxel indices: (3,4,3)
[DEBUG] Assigning color: ffeeeeee to voxel at (3, 4, 3)
assigning visible flag to voxel at (3, 4, 3)
[DEBUG] Voxel at (3, 4, 3) with color: ffeeeeee
[DEBUG] Voxel indices: (4,4,3)
[DEBUG] Assigning color: ffeeeeee to voxel at (4, 4, 3)
assigning visible flag to voxel at (4, 4, 3)
[DEBUG] Voxel at (4, 4, 3) with color: ffeeeeee
[DEBUG] Voxel indices: (5,4,3)
[DEBUG] Assigning color: ffeeeeee to voxel at (5, 4, 3)
assigning visible flag to voxel at (5, 4, 3)
[DEBUG] Voxel at (5, 4, 3) with color: ffeeeeee
[DEBUG] Voxel indices: (6,4,3)
[DEBUG] Assigning color: ffeeeeee to voxel at (6, 4, 3)
assigning visible flag to voxel at (6, 4, 3)
[DEBUG] Voxel at (6, 4, 3) with color: ffeeeeee
[DEBUG] Voxel indices: (7,4,3)
[DEBUG] Assigning color: ffeeeeee to voxel at (7, 4, 3)
assigning visible flag to voxel at (7, 4, 3)
[DEBUG] Voxel at (7, 4, 3) with color: ffeeeeee
[DEBUG] Voxel indices: (8,4,3)
[DEBUG] Assigning color: ffeeeeee to voxel at (8, 4, 3)
assigning visible flag to voxel at (8, 4, 3)
[DEBUG] Voxel at (8, 4, 3) with color: ffeeeeee
[DEBUG] Voxel indices: (9,4,3)
[DEBUG] Assigning color: ffeeeeee to voxel at (9, 4, 3)
assigning visible flag to voxel at (9, 4, 3)
[DEBUG] Voxel at (9, 4, 3) with color: ffeeeeee
[DEBUG] Voxel indices: (0,5,3)
[DEBUG] Assigning color: ffeeeeee to voxel at (0, 5, 3)
assigning visible flag to voxel at (0, 5, 3)
[DEBUG] Voxel at (0, 5, 3) with color: ffeeeeee
[DEBUG] Voxel indices: (1,5,3)
[DEBUG] Assigning color: ffeeeeee to voxel at (1, 5, 3)
assigning visible flag to voxel at (1, 5, 3)
[DEBUG] Voxel at (1, 5, 3) with color: ffeeeeee
[DEBUG] Voxel indices: (2,5,3)
[DEBUG] Assigning color: ffeeeeee to voxel at (2, 5, 3)
assigning visible flag to voxel at (2, 5, 3)
[DEBUG] Voxel at (2, 5, 3) with color: ffeeeeee
[DEBUG] Voxel indices: (3,5,3)
[DEBUG] Assigning color: ffeeeeee to voxel at (3, 5, 3)
assigning visible flag to voxel at (3, 5, 3)
[DEBUG] Voxel at (3, 5, 3) with color: ffeeeeee
[DEBUG] Voxel indices: (4,5,3)
[DEBUG] Assigning color: ffeeeeee to voxel at (4, 5, 3)
assigning visible flag to voxel at (4, 5, 3)
[DEBUG] Voxel at (4, 5, 3) with color: ffeeeeee
[DEBUG] Voxel indices: (5,5,3)
[DEBUG] Assigning color: ffeeeeee to voxel at (5, 5, 3)
assigning visible flag to voxel at (5, 5, 3)
[DEBUG] Voxel at (5, 5, 3) with color: ffeeeeee
[DEBUG] Voxel indices: (6,5,3)
[DEBUG] Assigning color: ffeeeeee to voxel at (6, 5, 3)
assigning visible flag to voxel at (6, 5, 3)
[DEBUG] Voxel at (6, 5, 3) with color: ffeeeeee
[DEBUG] Voxel indices: (7,5,3)
[DEBUG] Assigning color: ffeeeeee to voxel at (7, 5, 3)
assigning visible flag to voxel at (7, 5, 3)
[DEBUG] Voxel at (7, 5, 3) with color: ffeeeeee
[DEBUG] Voxel indices: (8,5,3)
[DEBUG] Assigning color: ffeeeeee to voxel at (8, 5, 3)
assigning visible flag to voxel at (8, 5, 3)
[DEBUG] Voxel at (8, 5, 3) with color: ffeeeeee
[DEBUG] Voxel indices: (9,5,3)
[DEBUG] Assigning color: ffeeeeee to voxel at (9, 5, 3)
assigning visible flag to voxel at (9, 5, 3)
[DEBUG] Voxel at (9, 5, 3) with color: ffeeeeee
[DEBUG] Voxel indices: (0,6,3)
[DEBUG] Assigning color: ffeeeeee to voxel at (0, 6, 3)
assigning visible flag to voxel at (0, 6, 3)
[DEBUG] Voxel at (0, 6, 3) with color: ffeeeeee
[DEBUG] Voxel indices: (1,6,3)
[DEBUG] Assigning color: ffeeeeee to voxel at (1, 6, 3)
assigning visible flag to voxel at (1, 6, 3)
[DEBUG] Voxel at (1, 6, 3) with color: ffeeeeee
[DEBUG] Voxel indices: (2,6,3)
[DEBUG] Assigning color: ffeeeeee to voxel at (2, 6, 3)
assigning visible flag to voxel at (2, 6, 3)
[DEBUG] Voxel at (2, 6, 3) with color: ffeeeeee
[DEBUG] Voxel indices: (3,6,3)
[DEBUG] Assigning color: ffeeeeee to voxel at (3, 6, 3)
assigning visible flag to voxel at (3, 6, 3)
[DEBUG] Voxel at (3, 6, 3) with color: ffeeeeee
[DEBUG] Voxel indices: (4,6,3)
[DEBUG] Assigning color: ffeeeeee to voxel at (4, 6, 3)
assigning visible flag to voxel at (4, 6, 3)
[DEBUG] Voxel at (4, 6, 3) with color: ffeeeeee
[DEBUG] Voxel indices: (5,6,3)
[DEBUG] Assigning color: ffeeeeee to voxel at (5, 6, 3)
assigning visible flag to voxel at (5, 6, 3)
[DEBUG] Voxel at (5, 6, 3) with color: ffeeeeee
[DEBUG] Voxel indices: (6,6,3)
[DEBUG] Assigning color: ffeeeeee to voxel at (6, 6, 3)
assigning visible flag to voxel at (6, 6, 3)
[DEBUG] Voxel at (6, 6, 3) with color: ffeeeeee
[DEBUG] Voxel indices: (7,6,3)
[DEBUG] Assigning color: ffeeeeee to voxel at (7, 6, 3)
assigning visible flag to voxel at (7, 6, 3)
[DEBUG] Voxel at (7, 6, 3) with color: ffeeeeee
[DEBUG] Voxel indices: (8,6,3)
[DEBUG] Assigning color: ffeeeeee to voxel at (8, 6, 3)
assigning visible flag to voxel at (8, 6, 3)
[DEBUG] Voxel at (8, 6, 3) with color: ffeeeeee
[DEBUG] Voxel indices: (9,6,3)
[DEBUG] Assigning color: ffeeeeee to voxel at (9, 6, 3)
assigning visible flag to voxel at (9, 6, 3)
[DEBUG] Voxel at (9, 6, 3) with color: ffeeeeee
[DEBUG] Voxel indices: (0,7,3)
[DEBUG] Assigning color: ffeeeeee to voxel at (0, 7, 3)
assigning visible flag to voxel at (0, 7, 3)
[DEBUG] Voxel at (0, 7, 3) with color: ffeeeeee
[DEBUG] Voxel indices: (1,7,3)
[DEBUG] Assigning color: ffeeeeee to voxel at (1, 7, 3)
assigning visible flag to voxel at (1, 7, 3)
[DEBUG] Voxel at (1, 7, 3) with color: ffeeeeee
[DEBUG] Voxel indices: (2,7,3)
[DEBUG] Assigning color: ffeeeeee to voxel at (2, 7, 3)
assigning visible flag to voxel at (2, 7, 3)
[DEBUG] Voxel at (2, 7, 3) with color: ffeeeeee
[DEBUG] Voxel indices: (3,7,3)
[DEBUG] Assigning color: ffeeeeee to voxel at (3, 7, 3)
assigning visible flag to voxel at (3, 7, 3)
[DEBUG] Voxel at (3, 7, 3) with color: ffeeeeee
[DEBUG] Voxel indices: (4,7,3)
[DEBUG] Assigning color: ffeeeeee to voxel at (4, 7, 3)
assigning visible flag to voxel at (4, 7, 3)
[DEBUG] Voxel at (4, 7, 3) with color: ffeeeeee
[DEBUG] Voxel indices: (5,7,3)
[DEBUG] Assigning color: ffeeeeee to voxel at (5, 7, 3)
assigning visible flag to voxel at (5, 7, 3)
[DEBUG] Voxel at (5, 7, 3) with color: ffeeeeee
[DEBUG] Voxel indices: (6,7,3)
[DEBUG] Assigning color: ffeeeeee to voxel at (6, 7, 3)
assigning visible flag to voxel at (6, 7, 3)
[DEBUG] Voxel at (6, 7, 3) with color: ffeeeeee
[DEBUG] Voxel indices: (7,7,3)
[DEBUG] Assigning color: ffeeeeee to voxel at (7, 7, 3)
assigning visible flag to voxel at (7, 7, 3)
[DEBUG] Voxel at (7, 7, 3) with color: ffeeeeee
[DEBUG] Voxel indices: (8,7,3)
[DEBUG] Assigning color: ffeeeeee to voxel at (8, 7, 3)
assigning visible flag to voxel at (8, 7, 3)
[DEBUG] Voxel at (8, 7, 3) with color: ffeeeeee
[DEBUG] Voxel indices: (9,7,3)
[DEBUG] Assigning color: ffeeeeee to voxel at (9, 7, 3)
assigning visible flag to voxel at (9, 7, 3)
[DEBUG] Voxel at (9, 7, 3) with color: ffeeeeee
[DEBUG] Voxel indices: (0,8,3)
[DEBUG] Assigning color: ffeeeeee to voxel at (0, 8, 3)
assigning visible flag to voxel at (0, 8, 3)
[DEBUG] Voxel at (0, 8, 3) with color: ffeeeeee
[DEBUG] Voxel indices: (1,8,3)
[DEBUG] Assigning color: ffeeeeee to voxel at (1, 8, 3)
assigning visible flag to voxel at (1, 8, 3)
[DEBUG] Voxel at (1, 8, 3) with color: ffeeeeee
[DEBUG] Voxel indices: (2,8,3)
[DEBUG] Assigning color: ffeeeeee to voxel at (2, 8, 3)
assigning visible flag to voxel at (2, 8, 3)
[DEBUG] Voxel at (2, 8, 3) with color: ffeeeeee
[DEBUG] Voxel indices: (3,8,3)
[DEBUG] Assigning color: ffeeeeee to voxel at (3, 8, 3)
assigning visible flag to voxel at (3, 8, 3)
[DEBUG] Voxel at (3, 8, 3) with color: ffeeeeee
[DEBUG] Voxel indices: (4,8,3)
[DEBUG] Assigning color: ffeeeeee to voxel at (4, 8, 3)
assigning visible flag to voxel at (4, 8, 3)
[DEBUG] Voxel at (4, 8, 3) with color: ffeeeeee
[DEBUG] Voxel indices: (5,8,3)
[DEBUG] Assigning color: ffeeeeee to voxel at (5, 8, 3)
assigning visible flag to voxel at (5, 8, 3)
[DEBUG] Voxel at (5, 8, 3) with color: ffeeeeee
[DEBUG] Voxel indices: (6,8,3)
[DEBUG] Assigning color: ffeeeeee to voxel at (6, 8, 3)
assigning visible flag to voxel at (6, 8, 3)
[DEBUG] Voxel at (6, 8, 3) with color: ffeeeeee
[DEBUG] Voxel indices: (7,8,3)
[DEBUG] Assigning color: ffeeeeee to voxel at (7, 8, 3)
assigning visible flag to voxel at (7, 8, 3)
[DEBUG] Voxel at (7, 8, 3) with color: ffeeeeee
[DEBUG] Voxel indices: (8,8,3)
[DEBUG] Assigning color: ffeeeeee to voxel at (8, 8, 3)
assigning visible flag to voxel at (8, 8, 3)
[DEBUG] Voxel at (8, 8, 3) with color: ffeeeeee
[DEBUG] Voxel indices: (9,8,3)
[DEBUG] Assigning color: ffeeeeee to voxel at (9, 8, 3)
assigning visible flag to voxel at (9, 8, 3)
[DEBUG] Voxel at (9, 8, 3) with color: ffeeeeee
[DEBUG] Voxel indices: (0,9,3)
[DEBUG] Assigning color: ffeeeeee to voxel at (0, 9, 3)
assigning visible flag to voxel at (0, 9, 3)
[DEBUG] Voxel at (0, 9, 3) with color: ffeeeeee
[DEBUG] Voxel indices: (1,9,3)
[DEBUG] Assigning color: ffeeeeee to voxel at (1, 9, 3)
assigning visible flag to voxel at (1, 9, 3)
[DEBUG] Voxel at (1, 9, 3) with color: ffeeeeee
[DEBUG] Voxel indices: (2,9,3)
[DEBUG] Assigning color: ffeeeeee to voxel at (2, 9, 3)
assigning visible flag to voxel at (2, 9, 3)
[DEBUG] Voxel at (2, 9, 3) with color: ffeeeeee
[DEBUG] Voxel indices: (3,9,3)
[DEBUG] Assigning color: ffeeeeee to voxel at (3, 9, 3)
assigning visible flag to voxel at (3, 9, 3)
[DEBUG] Voxel at (3, 9, 3) with color: ffeeeeee
[DEBUG] Voxel indices: (4,9,3)
[DEBUG] Assigning color: ffeeeeee to voxel at (4, 9, 3)
assigning visible flag to voxel at (4, 9, 3)
[DEBUG] Voxel at (4, 9, 3) with color: ffeeeeee
[DEBUG] Voxel indices: (5,9,3)
[DEBUG] Assigning color: ffeeeeee to voxel at (5, 9, 3)
assigning visible flag to voxel at (5, 9, 3)
[DEBUG] Voxel at (5, 9, 3) with color: ffeeeeee
[DEBUG] Voxel indices: (6,9,3)
[DEBUG] Assigning color: ffeeeeee to voxel at (6, 9, 3)
assigning visible flag to voxel at (6, 9, 3)
[DEBUG] Voxel at (6, 9, 3) with color: ffeeeeee
[DEBUG] Voxel indices: (7,9,3)
[DEBUG] Assigning color: ffeeeeee to voxel at (7, 9, 3)
assigning visible flag to voxel at (7, 9, 3)
[DEBUG] Voxel at (7, 9, 3) with color: ffeeeeee
[DEBUG] Voxel indices: (8,9,3)
[DEBUG] Assigning color: ffeeeeee to voxel at (8, 9, 3)
assigning visible flag to voxel at (8, 9, 3)
[DEBUG] Voxel at (8, 9, 3) with color: ffeeeeee
[DEBUG] Voxel indices: (9,9,3)
[DEBUG] Assigning color: ffeeeeee to voxel at (9, 9, 3)
assigning visible flag to voxel at (9, 9, 3)
[DEBUG] Voxel at (9, 9, 3) with color: ffeeeeee
[DEBUG] Voxel indices: (0,0,4)
[DEBUG] Assigning color: ffeeeeee to voxel at (0, 0, 4)
assigning visible flag to voxel at (0, 0, 4)
[DEBUG] Voxel at (0, 0, 4) with color: ffeeeeee
[DEBUG] Voxel indices: (1,0,4)
[DEBUG] Assigning color: ffeeeeee to voxel at (1, 0, 4)
assigning visible flag to voxel at (1, 0, 4)
[DEBUG] Voxel at (1, 0, 4) with color: ffeeeeee
[DEBUG] Voxel indices: (2,0,4)
[DEBUG] Assigning color: ffeeeeee to voxel at (2, 0, 4)
assigning visible flag to voxel at (2, 0, 4)
[DEBUG] Voxel at (2, 0, 4) with color: ffeeeeee
[DEBUG] Voxel indices: (3,0,4)
[DEBUG] Assigning color: ffeeeeee to voxel at (3, 0, 4)
assigning visible flag to voxel at (3, 0, 4)
[DEBUG] Voxel at (3, 0, 4) with color: ffeeeeee
[DEBUG] Voxel indices: (4,0,4)
[DEBUG] Assigning color: ffeeeeee to voxel at (4, 0, 4)
assigning visible flag to voxel at (4, 0, 4)
[DEBUG] Voxel at (4, 0, 4) with color: ffeeeeee
[DEBUG] Voxel indices: (5,0,4)
[DEBUG] Assigning color: ffeeeeee to voxel at (5, 0, 4)
assigning visible flag to voxel at (5, 0, 4)
[DEBUG] Voxel at (5, 0, 4) with color: ffeeeeee
[DEBUG] Voxel indices: (6,0,4)
[DEBUG] Assigning color: ffeeeeee to voxel at (6, 0, 4)
assigning visible flag to voxel at (6, 0, 4)
[DEBUG] Voxel at (6, 0, 4) with color: ffeeeeee
[DEBUG] Voxel indices: (7,0,4)
[DEBUG] Assigning color: ffeeeeee to voxel at (7, 0, 4)
assigning visible flag to voxel at (7, 0, 4)
[DEBUG] Voxel at (7, 0, 4) with color: ffeeeeee
[DEBUG] Voxel indices: (8,0,4)
[DEBUG] Assigning color: ffeeeeee to voxel at (8, 0, 4)
assigning visible flag to voxel at (8, 0, 4)
[DEBUG] Voxel at (8, 0, 4) with color: ffeeeeee
[DEBUG] Voxel indices: (9,0,4)
[DEBUG] Assigning color: ffeeeeee to voxel at (9, 0, 4)
assigning visible flag to voxel at (9, 0, 4)
[DEBUG] Voxel at (9, 0, 4) with color: ffeeeeee
[DEBUG] Voxel indices: (0,1,4)
[DEBUG] Assigning color: ffeeeeee to voxel at (0, 1, 4)
assigning visible flag to voxel at (0, 1, 4)
[DEBUG] Voxel at (0, 1, 4) with color: ffeeeeee
[DEBUG] Voxel indices: (1,1,4)
[DEBUG] Assigning color: ffeeeeee to voxel at (1, 1, 4)
assigning visible flag to voxel at (1, 1, 4)
[DEBUG] Voxel at (1, 1, 4) with color: ffeeeeee
[DEBUG] Voxel indices: (2,1,4)
[DEBUG] Assigning color: ffeeeeee to voxel at (2, 1, 4)
assigning visible flag to voxel at (2, 1, 4)
[DEBUG] Voxel at (2, 1, 4) with color: ffeeeeee
[DEBUG] Voxel indices: (3,1,4)
[DEBUG] Assigning color: ffeeeeee to voxel at (3, 1, 4)
assigning visible flag to voxel at (3, 1, 4)
[DEBUG] Voxel at (3, 1, 4) with color: ffeeeeee
[DEBUG] Voxel indices: (4,1,4)
[DEBUG] Assigning color: ffeeeeee to voxel at (4, 1, 4)
assigning visible flag to voxel at (4, 1, 4)
[DEBUG] Voxel at (4, 1, 4) with color: ffeeeeee
[DEBUG] Voxel indices: (5,1,4)
[DEBUG] Assigning color: ffeeeeee to voxel at (5, 1, 4)
assigning visible flag to voxel at (5, 1, 4)
[DEBUG] Voxel at (5, 1, 4) with color: ffeeeeee
[DEBUG] Voxel indices: (6,1,4)
[DEBUG] Assigning color: ffeeeeee to voxel at (6, 1, 4)
assigning visible flag to voxel at (6, 1, 4)
[DEBUG] Voxel at (6, 1, 4) with color: ffeeeeee
[DEBUG] Voxel indices: (7,1,4)
[DEBUG] Assigning color: ffeeeeee to voxel at (7, 1, 4)
assigning visible flag to voxel at (7, 1, 4)
[DEBUG] Voxel at (7, 1, 4) with color: ffeeeeee
[DEBUG] Voxel indices: (8,1,4)
[DEBUG] Assigning color: ffeeeeee to voxel at (8, 1, 4)
assigning visible flag to voxel at (8, 1, 4)
[DEBUG] Voxel at (8, 1, 4) with color: ffeeeeee
[DEBUG] Voxel indices: (9,1,4)
[DEBUG] Assigning color: ffeeeeee to voxel at (9, 1, 4)
assigning visible flag to voxel at (9, 1, 4)
[DEBUG] Voxel at (9, 1, 4) with color: ffeeeeee
[DEBUG] Voxel indices: (0,2,4)
[DEBUG] Assigning color: ffeeeeee to voxel at (0, 2, 4)
assigning visible flag to voxel at (0, 2, 4)
[DEBUG] Voxel at (0, 2, 4) with color: ffeeeeee
[DEBUG] Voxel indices: (1,2,4)
[DEBUG] Assigning color: ffeeeeee to voxel at (1, 2, 4)
assigning visible flag to voxel at (1, 2, 4)
[DEBUG] Voxel at (1, 2, 4) with color: ffeeeeee
[DEBUG] Voxel indices: (2,2,4)
[DEBUG] Assigning color: ffeeeeee to voxel at (2, 2, 4)
assigning visible flag to voxel at (2, 2, 4)
[DEBUG] Voxel at (2, 2, 4) with color: ffeeeeee
[DEBUG] Voxel indices: (3,2,4)
[DEBUG] Assigning color: ffeeeeee to voxel at (3, 2, 4)
assigning visible flag to voxel at (3, 2, 4)
[DEBUG] Voxel at (3, 2, 4) with color: ffeeeeee
[DEBUG] Voxel indices: (4,2,4)
[DEBUG] Assigning color: ffeeeeee to voxel at (4, 2, 4)
assigning visible flag to voxel at (4, 2, 4)
[DEBUG] Voxel at (4, 2, 4) with color: ffeeeeee
[DEBUG] Voxel indices: (5,2,4)
[DEBUG] Assigning color: ffeeeeee to voxel at (5, 2, 4)
assigning visible flag to voxel at (5, 2, 4)
[DEBUG] Voxel at (5, 2, 4) with color: ffeeeeee
[DEBUG] Voxel indices: (6,2,4)
[DEBUG] Assigning color: ffeeeeee to voxel at (6, 2, 4)
assigning visible flag to voxel at (6, 2, 4)
[DEBUG] Voxel at (6, 2, 4) with color: ffeeeeee
[DEBUG] Voxel indices: (7,2,4)
[DEBUG] Assigning color: ffeeeeee to voxel at (7, 2, 4)
assigning visible flag to voxel at (7, 2, 4)
[DEBUG] Voxel at (7, 2, 4) with color: ffeeeeee
[DEBUG] Voxel indices: (8,2,4)
[DEBUG] Assigning color: ffeeeeee to voxel at (8, 2, 4)
assigning visible flag to voxel at (8, 2, 4)
[DEBUG] Voxel at (8, 2, 4) with color: ffeeeeee
[DEBUG] Voxel indices: (9,2,4)
[DEBUG] Assigning color: ffeeeeee to voxel at (9, 2, 4)
assigning visible flag to voxel at (9, 2, 4)
[DEBUG] Voxel at (9, 2, 4) with color: ffeeeeee
[DEBUG] Voxel indices: (0,3,4)
[DEBUG] Assigning color: ffeeeeee to voxel at (0, 3, 4)
assigning visible flag to voxel at (0, 3, 4)
[DEBUG] Voxel at (0, 3, 4) with color: ffeeeeee
[DEBUG] Voxel indices: (1,3,4)
[DEBUG] Assigning color: ffeeeeee to voxel at (1, 3, 4)
assigning visible flag to voxel at (1, 3, 4)
[DEBUG] Voxel at (1, 3, 4) with color: ffeeeeee
[DEBUG] Voxel indices: (2,3,4)
[DEBUG] Assigning color: ffeeeeee to voxel at (2, 3, 4)
assigning visible flag to voxel at (2, 3, 4)
[DEBUG] Voxel at (2, 3, 4) with color: ffeeeeee
[DEBUG] Voxel indices: (3,3,4)
[DEBUG] Assigning color: ffeeeeee to voxel at (3, 3, 4)
assigning visible flag to voxel at (3, 3, 4)
[DEBUG] Voxel at (3, 3, 4) with color: ffeeeeee
[DEBUG] Voxel indices: (4,3,4)
[DEBUG] Assigning color: ffeeeeee to voxel at (4, 3, 4)
assigning visible flag to voxel at (4, 3, 4)
[DEBUG] Voxel at (4, 3, 4) with color: ffeeeeee
[DEBUG] Voxel indices: (5,3,4)
[DEBUG] Assigning color: ffeeeeee to voxel at (5, 3, 4)
assigning visible flag to voxel at (5, 3, 4)
[DEBUG] Voxel at (5, 3, 4) with color: ffeeeeee
[DEBUG] Voxel indices: (6,3,4)
[DEBUG] Assigning color: ffeeeeee to voxel at (6, 3, 4)
assigning visible flag to voxel at (6, 3, 4)
[DEBUG] Voxel at (6, 3, 4) with color: ffeeeeee
[DEBUG] Voxel indices: (7,3,4)
[DEBUG] Assigning color: ffeeeeee to voxel at (7, 3, 4)
assigning visible flag to voxel at (7, 3, 4)
[DEBUG] Voxel at (7, 3, 4) with color: ffeeeeee
[DEBUG] Voxel indices: (8,3,4)
[DEBUG] Assigning color: ffeeeeee to voxel at (8, 3, 4)
assigning visible flag to voxel at (8, 3, 4)
[DEBUG] Voxel at (8, 3, 4) with color: ffeeeeee
[DEBUG] Voxel indices: (9,3,4)
[DEBUG] Assigning color: ffeeeeee to voxel at (9, 3, 4)
assigning visible flag to voxel at (9, 3, 4)
[...]
[DEBUG] Mask Y_NEGATIVE: Visible at (0,0,3)
[DEBUG] Mask Y_NEGATIVE: Visible at (0,0,4)
[DEBUG] Mask Y_NEGATIVE: Visible at (0,0,5)
[DEBUG] Mask Y_NEGATIVE: Visible at (0,0,6)
[DEBUG] Mask Y_NEGATIVE: Visible at (0,0,7)
[DEBUG] Mask Y_NEGATIVE: Visible at (0,0,8)
[DEBUG] Mask Y_NEGATIVE: Visible at (0,0,9)
[DEBUG] Mask Y_NEGATIVE: Visible at (1,0,0)
[DEBUG] Mask Y_NEGATIVE: Visible at (1,0,1)
[DEBUG] Mask Y_NEGATIVE: Visible at (1,0,2)
[DEBUG] Mask Y_NEGATIVE: Visible at (1,0,3)
[DEBUG] Mask Y_NEGATIVE: Visible at (1,0,4)
[DEBUG] Mask Y_NEGATIVE: Visible at (1,0,5)
[DEBUG] Mask Y_NEGATIVE: Visible at (1,0,6)
[DEBUG] Mask Y_NEGATIVE: Visible at (1,0,7)
[DEBUG] Mask Y_NEGATIVE: Visible at (1,0,8)
[DEBUG] Mask Y_NEGATIVE: Visible at (1,0,9)
[DEBUG] Mask Y_NEGATIVE: Visible at (2,0,0)
[DEBUG] Mask Y_NEGATIVE: Visible at (2,0,1)
[DEBUG] Mask Y_NEGATIVE: Visible at (2,0,2)
[DEBUG] Mask Y_NEGATIVE: Visible at (2,0,3)
[DEBUG] Mask Y_NEGATIVE: Visible at (2,0,4)
[DEBUG] Mask Y_NEGATIVE: Visible at (2,0,5)
[DEBUG] Mask Y_NEGATIVE: Visible at (2,0,6)
[DEBUG] Mask Y_NEGATIVE: Visible at (2,0,7)
[DEBUG] Mask Y_NEGATIVE: Visible at (2,0,8)
[DEBUG] Mask Y_NEGATIVE: Visible at (2,0,9)
[DEBUG] Mask Y_NEGATIVE: Visible at (3,0,0)
[DEBUG] Mask Y_NEGATIVE: Visible at (3,0,1)
[DEBUG] Mask Y_NEGATIVE: Visible at (3,0,2)
[DEBUG] Mask Y_NEGATIVE: Visible at (3,0,3)
[DEBUG] Mask Y_NEGATIVE: Visible at (3,0,4)
[DEBUG] Mask Y_NEGATIVE: Visible at (3,0,5)
[DEBUG] Mask Y_NEGATIVE: Visible at (3,0,6)
[DEBUG] Mask Y_NEGATIVE: Visible at (3,0,7)
[DEBUG] Mask Y_NEGATIVE: Visible at (3,0,8)
[DEBUG] Mask Y_NEGATIVE: Visible at (3,0,9)
[DEBUG] Mask Y_NEGATIVE: Visible at (4,0,0)
[DEBUG] Mask Y_NEGATIVE: Visible at (4,0,1)
[DEBUG] Mask Y_NEGATIVE: Visible at (4,0,2)
[DEBUG] Mask Y_NEGATIVE: Visible at (4,0,3)
[DEBUG] Mask Y_NEGATIVE: Visible at (4,0,4)
[DEBUG] Mask Y_NEGATIVE: Visible at (4,0,5)
[DEBUG] Mask Y_NEGATIVE: Visible at (4,0,6)
[DEBUG] Mask Y_NEGATIVE: Visible at (4,0,7)
[DEBUG] Mask Y_NEGATIVE: Visible at (4,0,8)
[DEBUG] Mask Y_NEGATIVE: Visible at (4,0,9)
[DEBUG] Mask Y_NEGATIVE: Visible at (5,0,0)
[DEBUG] Mask Y_NEGATIVE: Visible at (5,0,1)
[DEBUG] Mask Y_NEGATIVE: Visible at (5,0,2)
[DEBUG] Mask Y_NEGATIVE: Visible at (5,0,3)
[DEBUG] Mask Y_NEGATIVE: Visible at (5,0,4)
[DEBUG] Mask Y_NEGATIVE: Visible at (5,0,5)
[DEBUG] Mask Y_NEGATIVE: Visible at (5,0,6)
[DEBUG] Mask Y_NEGATIVE: Visible at (5,0,7)
[DEBUG] Mask Y_NEGATIVE: Visible at (5,0,8)
[DEBUG] Mask Y_NEGATIVE: Visible at (5,0,9)
[DEBUG] Mask Y_NEGATIVE: Visible at (6,0,0)
[DEBUG] Mask Y_NEGATIVE: Visible at (6,0,1)
[DEBUG] Mask Y_NEGATIVE: Visible at (6,0,2)
[DEBUG] Mask Y_NEGATIVE: Visible at (6,0,3)
[DEBUG] Mask Y_NEGATIVE: Visible at (6,0,4)
[DEBUG] Mask Y_NEGATIVE: Visible at (6,0,5)
[DEBUG] Mask Y_NEGATIVE: Visible at (6,0,6)
[DEBUG] Mask Y_NEGATIVE: Visible at (6,0,7)
[DEBUG] Mask Y_NEGATIVE: Visible at (6,0,8)
[DEBUG] Mask Y_NEGATIVE: Visible at (6,0,9)
[DEBUG] Mask Y_NEGATIVE: Visible at (7,0,0)
[DEBUG] Mask Y_NEGATIVE: Visible at (7,0,1)
[DEBUG] Mask Y_NEGATIVE: Visible at (7,0,2)
[DEBUG] Mask Y_NEGATIVE: Visible at (7,0,3)
[DEBUG] Mask Y_NEGATIVE: Visible at (7,0,4)
[DEBUG] Mask Y_NEGATIVE: Visible at (7,0,5)
[DEBUG] Mask Y_NEGATIVE: Visible at (7,0,6)
[DEBUG] Mask Y_NEGATIVE: Visible at (7,0,7)
[DEBUG] Mask Y_NEGATIVE: Visible at (7,0,8)
[DEBUG] Mask Y_NEGATIVE: Visible at (7,0,9)
[DEBUG] Mask Y_NEGATIVE: Visible at (8,0,0)
[DEBUG] Mask Y_NEGATIVE: Visible at (8,0,1)
[DEBUG] Mask Y_NEGATIVE: Visible at (8,0,2)
[DEBUG] Mask Y_NEGATIVE: Visible at (8,0,3)
[DEBUG] Mask Y_NEGATIVE: Visible at (8,0,4)
[DEBUG] Mask Y_NEGATIVE: Visible at (8,0,5)
[DEBUG] Mask Y_NEGATIVE: Visible at (8,0,6)
[DEBUG] Mask Y_NEGATIVE: Visible at (8,0,7)
[DEBUG] Mask Y_NEGATIVE: Visible at (8,0,8)
[DEBUG] Mask Y_NEGATIVE: Visible at (8,0,9)
[DEBUG] Mask Y_NEGATIVE: Visible at (9,0,0)
[DEBUG] Mask Y_NEGATIVE: Visible at (9,0,1)
[DEBUG] Mask Y_NEGATIVE: Visible at (9,0,2)
[DEBUG] Mask Y_NEGATIVE: Visible at (9,0,3)
[DEBUG] Mask Y_NEGATIVE: Visible at (9,0,4)
[DEBUG] Mask Y_NEGATIVE: Visible at (9,0,5)
[DEBUG] Mask Y_NEGATIVE: Visible at (9,0,6)
[DEBUG] Mask Y_NEGATIVE: Visible at (9,0,7)
[DEBUG] Mask Y_NEGATIVE: Visible at (9,0,8)
[DEBUG] Mask Y_NEGATIVE: Visible at (9,0,9)
[DEBUG] Creating mask #4 for direction 5
[DEBUG] Mask Z_POSITIVE: Visible at (1,1,0)
[DEBUG] Mask Z_POSITIVE: Visible at (1,2,0)
[DEBUG] Mask Z_POSITIVE: Visible at (1,3,0)
[DEBUG] Mask Z_POSITIVE: Visible at (1,4,0)
[DEBUG] Mask Z_POSITIVE: Visible at (1,5,0)
[DEBUG] Mask Z_POSITIVE: Visible at (1,6,0)
[DEBUG] Mask Z_POSITIVE: Visible at (1,7,0)
[DEBUG] Mask Z_POSITIVE: Visible at (1,8,0)
[DEBUG] Mask Z_POSITIVE: Visible at (2,1,0)
[DEBUG] Mask Z_POSITIVE: Visible at (2,2,0)
[DEBUG] Mask Z_POSITIVE: Visible at (2,3,0)
[DEBUG] Mask Z_POSITIVE: Visible at (2,4,0)
[DEBUG] Mask Z_POSITIVE: Visible at (2,5,0)
[DEBUG] Mask Z_POSITIVE: Visible at (2,6,0)
[DEBUG] Mask Z_POSITIVE: Visible at (2,7,0)
[DEBUG] Mask Z_POSITIVE: Visible at (2,8,0)
[DEBUG] Mask Z_POSITIVE: Visible at (3,1,0)
[DEBUG] Mask Z_POSITIVE: Visible at (3,2,0)
[DEBUG] Mask Z_POSITIVE: Visible at (3,3,0)
[DEBUG] Mask Z_POSITIVE: Visible at (3,4,0)
[DEBUG] Mask Z_POSITIVE: Visible at (3,5,0)
[DEBUG] Mask Z_POSITIVE: Visible at (3,6,0)
[DEBUG] Mask Z_POSITIVE: Visible at (3,7,0)
[DEBUG] Mask Z_POSITIVE: Visible at (3,8,0)
[DEBUG] Mask Z_POSITIVE: Visible at (4,1,0)
[DEBUG] Mask Z_POSITIVE: Visible at (4,2,0)
[DEBUG] Mask Z_POSITIVE: Visible at (4,3,0)
[DEBUG] Mask Z_POSITIVE: Visible at (4,4,0)
[DEBUG] Mask Z_POSITIVE: Visible at (4,5,0)
[DEBUG] Mask Z_POSITIVE: Visible at (4,6,0)
[DEBUG] Mask Z_POSITIVE: Visible at (4,7,0)
[DEBUG] Mask Z_POSITIVE: Visible at (4,8,0)
[DEBUG] Mask Z_POSITIVE: Visible at (5,1,0)
[DEBUG] Mask Z_POSITIVE: Visible at (5,2,0)
[DEBUG] Mask Z_POSITIVE: Visible at (5,3,0)
[DEBUG] Mask Z_POSITIVE: Visible at (5,4,0)
[DEBUG] Mask Z_POSITIVE: Visible at (5,5,0)
[DEBUG] Mask Z_POSITIVE: Visible at (5,6,0)
[DEBUG] Mask Z_POSITIVE: Visible at (5,7,0)
[DEBUG] Mask Z_POSITIVE: Visible at (5,8,0)
[DEBUG] Mask Z_POSITIVE: Visible at (6,1,0)
[DEBUG] Mask Z_POSITIVE: Visible at (6,2,0)
[DEBUG] Mask Z_POSITIVE: Visible at (6,3,0)
[DEBUG] Mask Z_POSITIVE: Visible at (6,4,0)
[DEBUG] Mask Z_POSITIVE: Visible at (6,5,0)
[DEBUG] Mask Z_POSITIVE: Visible at (6,6,0)
[DEBUG] Mask Z_POSITIVE: Visible at (6,7,0)
[DEBUG] Mask Z_POSITIVE: Visible at (6,8,0)
[DEBUG] Mask Z_POSITIVE: Visible at (7,1,0)
[DEBUG] Mask Z_POSITIVE: Visible at (7,2,0)
[DEBUG] Mask Z_POSITIVE: Visible at (7,3,0)
[DEBUG] Mask Z_POSITIVE: Visible at (7,4,0)
[DEBUG] Mask Z_POSITIVE: Visible at (7,5,0)
[DEBUG] Mask Z_POSITIVE: Visible at (7,6,0)
[DEBUG] Mask Z_POSITIVE: Visible at (7,7,0)
[DEBUG] Mask Z_POSITIVE: Visible at (7,8,0)
[DEBUG] Mask Z_POSITIVE: Visible at (8,1,0)
[DEBUG] Mask Z_POSITIVE: Visible at (8,2,0)
[DEBUG] Mask Z_POSITIVE: Visible at (8,3,0)
[DEBUG] Mask Z_POSITIVE: Visible at (8,4,0)
[DEBUG] Mask Z_POSITIVE: Visible at (8,5,0)
[DEBUG] Mask Z_POSITIVE: Visible at (8,6,0)
[DEBUG] Mask Z_POSITIVE: Visible at (8,7,0)
[DEBUG] Mask Z_POSITIVE: Visible at (8,8,0)
[DEBUG] Mask Z_POSITIVE: Visible at (0,0,9)
[DEBUG] Mask Z_POSITIVE: Visible at (0,1,9)
[DEBUG] Mask Z_POSITIVE: Visible at (0,2,9)
[DEBUG] Mask Z_POSITIVE: Visible at (0,3,9)
[DEBUG] Mask Z_POSITIVE: Visible at (0,4,9)
[DEBUG] Mask Z_POSITIVE: Visible at (0,5,9)
[DEBUG] Mask Z_POSITIVE: Visible at (0,6,9)
[DEBUG] Mask Z_POSITIVE: Visible at (0,7,9)
[DEBUG] Mask Z_POSITIVE: Visible at (0,8,9)
[DEBUG] Mask Z_POSITIVE: Visible at (0,9,9)
[DEBUG] Mask Z_POSITIVE: Visible at (1,0,9)
[DEBUG] Mask Z_POSITIVE: Visible at (1,1,9)
[DEBUG] Mask Z_POSITIVE: Visible at (1,2,9)
[DEBUG] Mask Z_POSITIVE: Visible at (1,3,9)
[DEBUG] Mask Z_POSITIVE: Visible at (1,4,9)
[DEBUG] Mask Z_POSITIVE: Visible at (1,5,9)
[DEBUG] Mask Z_POSITIVE: Visible at (1,6,9)
[DEBUG] Mask Z_POSITIVE: Visible at (1,7,9)
[DEBUG] Mask Z_POSITIVE: Visible at (1,8,9)
[DEBUG] Mask Z_POSITIVE: Visible at (1,9,9)
[DEBUG] Mask Z_POSITIVE: Visible at (2,0,9)
[DEBUG] Mask Z_POSITIVE: Visible at (2,1,9)
[DEBUG] Mask Z_POSITIVE: Visible at (2,2,9)
[DEBUG] Mask Z_POSITIVE: Visible at (2,3,9)
[DEBUG] Mask Z_POSITIVE: Visible at (2,4,9)
[DEBUG] Mask Z_POSITIVE: Visible at (2,5,9)
[DEBUG] Mask Z_POSITIVE: Visible at (2,6,9)
[DEBUG] Mask Z_POSITIVE: Visible at (2,7,9)
[DEBUG] Mask Z_POSITIVE: Visible at (2,8,9)
[DEBUG] Mask Z_POSITIVE: Visible at (2,9,9)
[DEBUG] Mask Z_POSITIVE: Visible at (3,0,9)
[DEBUG] Mask Z_POSITIVE: Visible at (3,1,9)
[DEBUG] Mask Z_POSITIVE: Visible at (3,2,9)
[DEBUG] Mask Z_POSITIVE: Visible at (3,3,9)
[DEBUG] Mask Z_POSITIVE: Visible at (3,4,9)
[DEBUG] Mask Z_POSITIVE: Visible at (3,5,9)
[DEBUG] Mask Z_POSITIVE: Visible at (3,6,9)
[DEBUG] Mask Z_POSITIVE: Visible at (3,7,9)
[DEBUG] Mask Z_POSITIVE: Visible at (3,8,9)
[DEBUG] Mask Z_POSITIVE: Visible at (3,9,9)
[DEBUG] Mask Z_POSITIVE: Visible at (4,0,9)
[DEBUG] Mask Z_POSITIVE: Visible at (4,1,9)
[DEBUG] Mask Z_POSITIVE: Visible at (4,2,9)
[DEBUG] Mask Z_POSITIVE: Visible at (4,3,9)
[DEBUG] Mask Z_POSITIVE: Visible at (4,4,9)
[DEBUG] Mask Z_POSITIVE: Visible at (4,5,9)
[DEBUG] Mask Z_POSITIVE: Visible at (4,6,9)
[DEBUG] Mask Z_POSITIVE: Visible at (4,7,9)
[DEBUG] Mask Z_POSITIVE: Visible at (4,8,9)
[DEBUG] Mask Z_POSITIVE: Visible at (4,9,9)
[DEBUG] Mask Z_POSITIVE: Visible at (5,0,9)
[DEBUG] Mask Z_POSITIVE: Visible at (5,1,9)
[DEBUG] Mask Z_POSITIVE: Visible at (5,2,9)
[DEBUG] Mask Z_POSITIVE: Visible at (5,3,9)
[DEBUG] Mask Z_POSITIVE: Visible at (5,4,9)
[DEBUG] Mask Z_POSITIVE: Visible at (5,5,9)
[DEBUG] Mask Z_POSITIVE: Visible at (5,6,9)
[DEBUG] Mask Z_POSITIVE: Visible at (5,7,9)
[DEBUG] Mask Z_POSITIVE: Visible at (5,8,9)
[DEBUG] Mask Z_POSITIVE: Visible at (5,9,9)
[DEBUG] Mask Z_POSITIVE: Visible at (6,0,9)
[DEBUG] Mask Z_POSITIVE: Visible at (6,1,9)
[DEBUG] Mask Z_POSITIVE: Visible at (6,2,9)
[DEBUG] Mask Z_POSITIVE: Visible at (6,3,9)
[DEBUG] Mask Z_POSITIVE: Visible at (6,4,9)
[DEBUG] Mask Z_POSITIVE: Visible at (6,5,9)
[DEBUG] Mask Z_POSITIVE: Visible at (6,6,9)
[DEBUG] Mask Z_POSITIVE: Visible at (6,7,9)
[DEBUG] Mask Z_POSITIVE: Visible at (6,8,9)
[DEBUG] Mask Z_POSITIVE: Visible at (6,9,9)
[DEBUG] Mask Z_POSITIVE: Visible at (7,0,9)
[DEBUG] Mask Z_POSITIVE: Visible at (7,1,9)
[DEBUG] Mask Z_POSITIVE: Visible at (7,2,9)
[DEBUG] Mask Z_POSITIVE: Visible at (7,3,9)
[DEBUG] Mask Z_POSITIVE: Visible at (7,4,9)
[DEBUG] Mask Z_POSITIVE: Visible at (7,5,9)
[DEBUG] Mask Z_POSITIVE: Visible at (7,6,9)
[DEBUG] Mask Z_POSITIVE: Visible at (7,7,9)
[DEBUG] Mask Z_POSITIVE: Visible at (7,8,9)
[DEBUG] Mask Z_POSITIVE: Visible at (7,9,9)
[DEBUG] Mask Z_POSITIVE: Visible at (8,0,9)
[DEBUG] Mask Z_POSITIVE: Visible at (8,1,9)
[DEBUG] Mask Z_POSITIVE: Visible at (8,2,9)
[DEBUG] Mask Z_POSITIVE: Visible at (8,3,9)
[DEBUG] Mask Z_POSITIVE: Visible at (8,4,9)
[DEBUG] Mask Z_POSITIVE: Visible at (8,5,9)
[DEBUG] Mask Z_POSITIVE: Visible at (8,6,9)
[DEBUG] Mask Z_POSITIVE: Visible at (8,7,9)
[DEBUG] Mask Z_POSITIVE: Visible at (8,8,9)
[DEBUG] Mask Z_POSITIVE: Visible at (8,9,9)
[DEBUG] Mask Z_POSITIVE: Visible at (9,0,9)
[DEBUG] Mask Z_POSITIVE: Visible at (9,1,9)
[DEBUG] Mask Z_POSITIVE: Visible at (9,2,9)
[DEBUG] Mask Z_POSITIVE: Visible at (9,3,9)
[DEBUG] Mask Z_POSITIVE: Visible at (9,4,9)
[DEBUG] Mask Z_POSITIVE: Visible at (9,5,9)
[DEBUG] Mask Z_POSITIVE: Visible at (9,6,9)
[DEBUG] Mask Z_POSITIVE: Visible at (9,7,9)
[DEBUG] Mask Z_POSITIVE: Visible at (9,8,9)
[DEBUG] Mask Z_POSITIVE: Visible at (9,9,9)
[DEBUG] Creating mask #5 for direction 6
[DEBUG] Mask Z_NEGATIVE: Visible at (1,1,9)
[DEBUG] Mask Z_NEGATIVE: Visible at (1,2,9)
[DEBUG] Mask Z_NEGATIVE: Visible at (1,3,9)
[DEBUG] Mask Z_NEGATIVE: Visible at (1,4,9)
[DEBUG] Mask Z_NEGATIVE: Visible at (1,5,9)
[DEBUG] Mask Z_NEGATIVE: Visible at (1,6,9)
[DEBUG] Mask Z_NEGATIVE: Visible at (1,7,9)
[DEBUG] Mask Z_NEGATIVE: Visible at (1,8,9)
[DEBUG] Mask Z_NEGATIVE: Visible at (2,1,9)
[DEBUG] Mask Z_NEGATIVE: Visible at (2,2,9)
[DEBUG] Mask Z_NEGATIVE: Visible at (2,3,9)
[DEBUG] Mask Z_NEGATIVE: Visible at (2,4,9)
[DEBUG] Mask Z_NEGATIVE: Visible at (2,5,9)
[DEBUG] Mask Z_NEGATIVE: Visible at (2,6,9)
[DEBUG] Mask Z_NEGATIVE: Visible at (2,7,9)
[DEBUG] Mask Z_NEGATIVE: Visible at (2,8,9)
[DEBUG] Mask Z_NEGATIVE: Visible at (3,1,9)
[DEBUG] Mask Z_NEGATIVE: Visible at (3,2,9)
[DEBUG] Mask Z_NEGATIVE: Visible at (3,3,9)
[DEBUG] Mask Z_NEGATIVE: Visible at (3,4,9)
[DEBUG] Mask Z_NEGATIVE: Visible at (3,5,9)
[DEBUG] Mask Z_NEGATIVE: Visible at (3,6,9)
[DEBUG] Mask Z_NEGATIVE: Visible at (3,7,9)
[DEBUG] Mask Z_NEGATIVE: Visible at (3,8,9)
[DEBUG] Mask Z_NEGATIVE: Visible at (4,1,9)
[DEBUG] Mask Z_NEGATIVE: Visible at (4,2,9)
[DEBUG] Mask Z_NEGATIVE: Visible at (4,3,9)
[DEBUG] Mask Z_NEGATIVE: Visible at (4,4,9)
[DEBUG] Mask Z_NEGATIVE: Visible at (4,5,9)
[DEBUG] Mask Z_NEGATIVE: Visible at (4,6,9)
[DEBUG] Mask Z_NEGATIVE: Visible at (4,7,9)
[DEBUG] Mask Z_NEGATIVE: Visible at (4,8,9)
[DEBUG] Mask Z_NEGATIVE: Visible at (5,1,9)
[DEBUG] Mask Z_NEGATIVE: Visible at (5,2,9)
[DEBUG] Mask Z_NEGATIVE: Visible at (5,3,9)
[DEBUG] Mask Z_NEGATIVE: Visible at (5,4,9)
[DEBUG] Mask Z_NEGATIVE: Visible at (5,5,9)
[DEBUG] Mask Z_NEGATIVE: Visible at (5,6,9)
[DEBUG] Mask Z_NEGATIVE: Visible at (5,7,9)
[DEBUG] Mask Z_NEGATIVE: Visible at (5,8,9)
[DEBUG] Mask Z_NEGATIVE: Visible at (6,1,9)
[DEBUG] Mask Z_NEGATIVE: Visible at (6,2,9)
[DEBUG] Mask Z_NEGATIVE: Visible at (6,3,9)
[DEBUG] Mask Z_NEGATIVE: Visible at (6,4,9)
[DEBUG] Mask Z_NEGATIVE: Visible at (6,5,9)
[DEBUG] Mask Z_NEGATIVE: Visible at (6,6,9)
[DEBUG] Mask Z_NEGATIVE: Visible at (6,7,9)
[DEBUG] Mask Z_NEGATIVE: Visible at (6,8,9)
[DEBUG] Mask Z_NEGATIVE: Visible at (7,1,9)
[DEBUG] Mask Z_NEGATIVE: Visible at (7,2,9)
[DEBUG] Mask Z_NEGATIVE: Visible at (7,3,9)
[DEBUG] Mask Z_NEGATIVE: Visible at (7,4,9)
[DEBUG] Mask Z_NEGATIVE: Visible at (7,5,9)
[DEBUG] Mask Z_NEGATIVE: Visible at (7,6,9)
[DEBUG] Mask Z_NEGATIVE: Visible at (7,7,9)
[DEBUG] Mask Z_NEGATIVE: Visible at (7,8,9)
[DEBUG] Mask Z_NEGATIVE: Visible at (8,1,9)
[DEBUG] Mask Z_NEGATIVE: Visible at (8,2,9)
[DEBUG] Mask Z_NEGATIVE: Visible at (8,3,9)
[DEBUG] Mask Z_NEGATIVE: Visible at (8,4,9)
[DEBUG] Mask Z_NEGATIVE: Visible at (8,5,9)
[DEBUG] Mask Z_NEGATIVE: Visible at (8,6,9)
[DEBUG] Mask Z_NEGATIVE: Visible at (8,7,9)
[DEBUG] Mask Z_NEGATIVE: Visible at (8,8,9)
[DEBUG] Mask Z_NEGATIVE: Visible at (0,0,0)
[DEBUG] Mask Z_NEGATIVE: Visible at (0,1,0)
[DEBUG] Mask Z_NEGATIVE: Visible at (0,2,0)
[DEBUG] Mask Z_NEGATIVE: Visible at (0,3,0)
[DEBUG] Mask Z_NEGATIVE: Visible at (0,4,0)
[DEBUG] Mask Z_NEGATIVE: Visible at (0,5,0)
[DEBUG] Mask Z_NEGATIVE: Visible at (0,6,0)
[DEBUG] Mask Z_NEGATIVE: Visible at (0,7,0)
[DEBUG] Mask Z_NEGATIVE: Visible at (0,8,0)
[DEBUG] Mask Z_NEGATIVE: Visible at (0,9,0)
[DEBUG] Mask Z_NEGATIVE: Visible at (1,0,0)
[DEBUG] Mask Z_NEGATIVE: Visible at (1,1,0)
[DEBUG] Mask Z_NEGATIVE: Visible at (1,2,0)
[DEBUG] Mask Z_NEGATIVE: Visible at (1,3,0)
[DEBUG] Mask Z_NEGATIVE: Visible at (1,4,0)
[DEBUG] Mask Z_NEGATIVE: Visible at (1,5,0)
[DEBUG] Mask Z_NEGATIVE: Visible at (1,6,0)
[DEBUG] Mask Z_NEGATIVE: Visible at (1,7,0)
[DEBUG] Mask Z_NEGATIVE: Visible at (1,8,0)
[DEBUG] Mask Z_NEGATIVE: Visible at (1,9,0)
[DEBUG] Mask Z_NEGATIVE: Visible at (2,0,0)
[DEBUG] Mask Z_NEGATIVE: Visible at (2,1,0)
[DEBUG] Mask Z_NEGATIVE: Visible at (2,2,0)
[DEBUG] Mask Z_NEGATIVE: Visible at (2,3,0)
[DEBUG] Mask Z_NEGATIVE: Visible at (2,4,0)
[DEBUG] Mask Z_NEGATIVE: Visible at (2,5,0)
[DEBUG] Mask Z_NEGATIVE: Visible at (2,6,0)
[DEBUG] Mask Z_NEGATIVE: Visible at (2,7,0)
[DEBUG] Mask Z_NEGATIVE: Visible at (2,8,0)
[DEBUG] Mask Z_NEGATIVE: Visible at (2,9,0)
[DEBUG] Mask Z_NEGATIVE: Visible at (3,0,0)
[DEBUG] Mask Z_NEGATIVE: Visible at (3,1,0)
[DEBUG] Mask Z_NEGATIVE: Visible at (3,2,0)
[DEBUG] Mask Z_NEGATIVE: Visible at (3,3,0)
[DEBUG] Mask Z_NEGATIVE: Visible at (3,4,0)
[DEBUG] Mask Z_NEGATIVE: Visible at (3,5,0)
[DEBUG] Mask Z_NEGATIVE: Visible at (3,6,0)
[DEBUG] Mask Z_NEGATIVE: Visible at (3,7,0)
[DEBUG] Mask Z_NEGATIVE: Visible at (3,8,0)
[DEBUG] Mask Z_NEGATIVE: Visible at (3,9,0)
[DEBUG] Mask Z_NEGATIVE: Visible at (4,0,0)
[DEBUG] Mask Z_NEGATIVE: Visible at (4,1,0)
[DEBUG] Mask Z_NEGATIVE: Visible at (4,2,0)
[DEBUG] Mask Z_NEGATIVE: Visible at (4,3,0)
[DEBUG] Mask Z_NEGATIVE: Visible at (4,4,0)
[DEBUG] Mask Z_NEGATIVE: Visible at (4,5,0)
[DEBUG] Mask Z_NEGATIVE: Visible at (4,6,0)
[DEBUG] Mask Z_NEGATIVE: Visible at (4,7,0)
[DEBUG] Mask Z_NEGATIVE: Visible at (4,8,0)
[DEBUG] Mask Z_NEGATIVE: Visible at (4,9,0)
[DEBUG] Mask Z_NEGATIVE: Visible at (5,0,0)
[DEBUG] Mask Z_NEGATIVE: Visible at (5,1,0)
[DEBUG] Mask Z_NEGATIVE: Visible at (5,2,0)
[DEBUG] Mask Z_NEGATIVE: Visible at (5,3,0)
[DEBUG] Mask Z_NEGATIVE: Visible at (5,4,0)
[DEBUG] Mask Z_NEGATIVE: Visible at (5,5,0)
[DEBUG] Mask Z_NEGATIVE: Visible at (5,6,0)
[DEBUG] Mask Z_NEGATIVE: Visible at (5,7,0)
[DEBUG] Mask Z_NEGATIVE: Visible at (5,8,0)
[DEBUG] Mask Z_NEGATIVE: Visible at (5,9,0)
[DEBUG] Mask Z_NEGATIVE: Visible at (6,0,0)
[DEBUG] Mask Z_NEGATIVE: Visible at (6,1,0)
[DEBUG] Mask Z_NEGATIVE: Visible at (6,2,0)
[DEBUG] Mask Z_NEGATIVE: Visible at (6,3,0)
[DEBUG] Mask Z_NEGATIVE: Visible at (6,4,0)
[DEBUG] Mask Z_NEGATIVE: Visible at (6,5,0)
[DEBUG] Mask Z_NEGATIVE: Visible at (6,6,0)
[DEBUG] Mask Z_NEGATIVE: Visible at (6,7,0)
[DEBUG] Mask Z_NEGATIVE: Visible at (6,8,0)
[DEBUG] Mask Z_NEGATIVE: Visible at (6,9,0)
[DEBUG] Mask Z_NEGATIVE: Visible at (7,0,0)
[DEBUG] Mask Z_NEGATIVE: Visible at (7,1,0)
[DEBUG] Mask Z_NEGATIVE: Visible at (7,2,0)
[DEBUG] Mask Z_NEGATIVE: Visible at (7,3,0)
[DEBUG] Mask Z_NEGATIVE: Visible at (7,4,0)
[DEBUG] Mask Z_NEGATIVE: Visible at (7,5,0)
[DEBUG] Mask Z_NEGATIVE: Visible at (7,6,0)
[DEBUG] Mask Z_NEGATIVE: Visible at (7,7,0)
[DEBUG] Mask Z_NEGATIVE: Visible at (7,8,0)
[DEBUG] Mask Z_NEGATIVE: Visible at (7,9,0)
[DEBUG] Mask Z_NEGATIVE: Visible at (8,0,0)
[DEBUG] Mask Z_NEGATIVE: Visible at (8,1,0)
[DEBUG] Mask Z_NEGATIVE: Visible at (8,2,0)
[DEBUG] Mask Z_NEGATIVE: Visible at (8,3,0)
[DEBUG] Mask Z_NEGATIVE: Visible at (8,4,0)
[DEBUG] Mask Z_NEGATIVE: Visible at (8,5,0)
[DEBUG] Mask Z_NEGATIVE: Visible at (8,6,0)
[DEBUG] Mask Z_NEGATIVE: Visible at (8,7,0)
[DEBUG] Mask Z_NEGATIVE: Visible at (8,8,0)
[DEBUG] Mask Z_NEGATIVE: Visible at (8,9,0)
[DEBUG] Mask Z_NEGATIVE: Visible at (9,0,0)
[DEBUG] Mask Z_NEGATIVE: Visible at (9,1,0)
[DEBUG] Mask Z_NEGATIVE: Visible at (9,2,0)
[DEBUG] Mask Z_NEGATIVE: Visible at (9,3,0)
[DEBUG] Mask Z_NEGATIVE: Visible at (9,4,0)
[DEBUG] Mask Z_NEGATIVE: Visible at (9,5,0)
[DEBUG] Mask Z_NEGATIVE: Visible at (9,6,0)
[DEBUG] Mask Z_NEGATIVE: Visible at (9,7,0)
[DEBUG] Mask Z_NEGATIVE: Visible at (9,8,0)
[DEBUG] Mask Z_NEGATIVE: Visible at (9,9,0)
[DEBUG] Finished CreateMasks()
[DEBUG] Finished CreateMasks()
[DEBUG] Starting GreedyMeshing()
[DEBUG] Creating quad at mask #0 position (0,0) with size 10x10 and color (238,238,238,255)
[DEBUG] Creating quad at mask #1 position (0,0) with size 10x10 and color (238,238,238,255)
[DEBUG] Creating quad at mask #2 position (0,0) with size 10x10 and color (238,238,238,255)
[DEBUG] Creating quad at mask #3 position (0,0) with size 10x10 and color (238,238,238,255)
[DEBUG] Creating quad at mask #4 position (0,0) with size 10x10 and color (238,238,238,255)
[DEBUG] Creating quad at mask #5 position (0,0) with size 10x10 and color (238,238,238,255)
[DEBUG] Finished GreedyMeshing()
[DEBUG] Finished GreedyMeshing()
===============================================================================
All tests passed (6 assertions in 1 test case)

<end of output>
Test time =   0.01 sec
----------------------------------------------------------
Test Passed.
"VoxManipulator provides VoxData object" end time: Jul 18 10:52 BST
"VoxManipulator provides VoxData object" time elapsed: 00:00:00
----------------------------------------------------------

End testing: Jul 18 10:52 BST
