Start testing: Jul 15 16:44 BST
----------------------------------------------------------
1/3 Testing: Test directory paths in configuration
1/3 Test: Test directory paths in configuration
Command: "/home/bwallis/projects/walliscode/hollow-lantern/build/Debug/tests/config/config-tests" "Test directory paths in configuration"
Directory: /home/bwallis/projects/walliscode/hollow-lantern/build/Debug/tests/config
"Test directory paths in configuration" start time: Jul 15 16:44 BST
Output:
----------------------------------------------------------
Filters: "Test directory paths in configuration"
Randomness seeded to: 3385424011
===============================================================================
All tests passed (6 assertions in 1 test case)

<end of output>
Test time =   0.00 sec
----------------------------------------------------------
Test Passed.
"Test directory paths in configuration" end time: Jul 15 16:44 BST
"Test directory paths in configuration" time elapsed: 00:00:00
----------------------------------------------------------

2/3 Testing: VoxReader provides VoxData object
2/3 Test: VoxReader provides VoxData object
Command: "/home/bwallis/projects/walliscode/hollow-lantern/build/Debug/tests/readers/test_readers" "VoxReader provides VoxData object"
Directory: /home/bwallis/projects/walliscode/hollow-lantern/build/Debug/tests/readers
"VoxReader provides VoxData object" start time: Jul 15 16:44 BST
Output:
----------------------------------------------------------
Filters: "VoxReader provides VoxData object"
Randomness seeded to: 1081462911
File size (filesystem): 0 bytes.
Header: 
File size (filesystem): 5 bytes.
Header: VOX 
File size (filesystem): 2688 bytes.
Header: VOX 
Found MAIN chunk.
Found XYZI chunk with 398 voxels.
VoxData voxels size: 398
===============================================================================
All tests passed (2795 assertions in 1 test case)

<end of output>
Test time =   0.00 sec
----------------------------------------------------------
Test Passed.
"VoxReader provides VoxData object" end time: Jul 15 16:44 BST
"VoxReader provides VoxData object" time elapsed: 00:00:00
----------------------------------------------------------

3/3 Testing: VoxManipulator provides VoxData object
3/3 Test: VoxManipulator provides VoxData object
Command: "/home/bwallis/projects/walliscode/hollow-lantern/build/Debug/tests/manipulators/test_manipulators" "VoxManipulator provides VoxData object"
Directory: /home/bwallis/projects/walliscode/hollow-lantern/build/Debug/tests/manipulators
"VoxManipulator provides VoxData object" start time: Jul 15 16:44 BST
Output:
----------------------------------------------------------
Filters: "VoxManipulator provides VoxData object"
Randomness seeded to: 2685761906
File size (filesystem): 5096 bytes.
Header: VOX 
Found MAIN chunk.
Found XYZI chunk with 1000 voxels.
VoxData voxels size: 1000
Checking voxel at position: 0, 0, 0
Checking voxel at position: 0, 0, 0
Checking voxel at position: 1, 0, 0
Checking voxel at position: 2, 0, 0
Checking voxel at position: 3, 0, 0
Checking voxel at position: 4, 0, 0
Checking voxel at position: 5, 0, 0
Checking voxel at position: 6, 0, 0
Checking voxel at position: 7, 0, 0
Checking voxel at position: 8, 0, 0
Checking voxel at position: 9, 0, 0
Checking voxel at position: 0, 1, 0
Checking voxel at position: 1, 1, 0
Checking voxel at position: 2, 1, 0
Checking voxel at position: 3, 1, 0
Checking voxel at position: 4, 1, 0
Checking voxel at position: 5, 1, 0
Checking voxel at position: 6, 1, 0
Checking voxel at position: 7, 1, 0
Checking voxel at position: 8, 1, 0
Checking voxel at position: 9, 1, 0
Checking voxel at position: 0, 2, 0
Checking voxel at position: 1, 2, 0
Checking voxel at position: 2, 2, 0
Checking voxel at position: 3, 2, 0
Checking voxel at position: 4, 2, 0
Checking voxel at position: 5, 2, 0
Checking voxel at position: 6, 2, 0
Checking voxel at position: 7, 2, 0
Checking voxel at position: 8, 2, 0
Checking voxel at position: 9, 2, 0
Checking voxel at position: 0, 3, 0
Checking voxel at position: 1, 3, 0
Checking voxel at position: 2, 3, 0
Checking voxel at position: 3, 3, 0
Checking voxel at position: 4, 3, 0
Checking voxel at position: 5, 3, 0
Checking voxel at position: 6, 3, 0
Checking voxel at position: 7, 3, 0
Checking voxel at position: 8, 3, 0
Checking voxel at position: 9, 3, 0
Checking voxel at position: 0, 4, 0
Checking voxel at position: 1, 4, 0
Checking voxel at position: 2, 4, 0
Checking voxel at position: 3, 4, 0
Checking voxel at position: 4, 4, 0
Checking voxel at position: 5, 4, 0
Checking voxel at position: 6, 4, 0
Checking voxel at position: 7, 4, 0
Checking voxel at position: 8, 4, 0
Checking voxel at position: 9, 4, 0
Checking voxel at position: 0, 5, 0
Checking voxel at position: 1, 5, 0
Checking voxel at position: 2, 5, 0
Checking voxel at position: 3, 5, 0
Checking voxel at position: 4, 5, 0
Checking voxel at position: 5, 5, 0
Checking voxel at position: 6, 5, 0
Checking voxel at position: 7, 5, 0
Checking voxel at position: 8, 5, 0
Checking voxel at position: 9, 5, 0
Checking voxel at position: 0, 6, 0
Checking voxel at position: 1, 6, 0
Checking voxel at position: 2, 6, 0
Checking voxel at position: 3, 6, 0
Checking voxel at position: 4, 6, 0
Checking voxel at position: 5, 6, 0
Checking voxel at position: 6, 6, 0
Checking voxel at position: 7, 6, 0
Checking voxel at position: 8, 6, 0
Checking voxel at position: 9, 6, 0
Checking voxel at position: 0, 7, 0
Checking voxel at position: 1, 7, 0
Checking voxel at position: 2, 7, 0
Checking voxel at position: 3, 7, 0
Checking voxel at position: 4, 7, 0
Checking voxel at position: 5, 7, 0
Checking voxel at position: 6, 7, 0
Checking voxel at position: 7, 7, 0
Checking voxel at position: 8, 7, 0
Checking voxel at position: 9, 7, 0
Checking voxel at position: 0, 8, 0
Checking voxel at position: 1, 8, 0
Checking voxel at position: 2, 8, 0
Checking voxel at position: 3, 8, 0
Checking voxel at position: 4, 8, 0
Checking voxel at position: 5, 8, 0
Checking voxel at position: 6, 8, 0
Checking voxel at position: 7, 8, 0
Checking voxel at position: 8, 8, 0
Checking voxel at position: 9, 8, 0
Checking voxel at position: 0, 9, 0
Checking voxel at position: 1, 9, 0
Checking voxel at position: 2, 9, 0
Checking voxel at position: 3, 9, 0
Checking voxel at position: 4, 9, 0
Checking voxel at position: 5, 9, 0
Checking voxel at position: 6, 9, 0
Checking voxel at position: 7, 9, 0
Checking voxel at position: 8, 9, 0
Checking voxel at position: 9, 9, 0
Checking voxel at position: 0, 0, 1
Checking voxel at position: 0, 0, 0
Checking voxel at position: 1, 0, 0
Checking voxel at position: 2, 0, 0
Checking voxel at position: 3, 0, 0
Checking voxel at position: 4, 0, 0
Checking voxel at position: 5, 0, 0
Checking voxel at position: 6, 0, 0
Checking voxel at position: 7, 0, 0
Checking voxel at position: 8, 0, 0
Checking voxel at position: 9, 0, 0
Checking voxel at position: 0, 1, 0
Checking voxel at position: 1, 1, 0
Checking voxel at position: 2, 1, 0
Checking voxel at position: 3, 1, 0
Checking voxel at position: 4, 1, 0
Checking voxel at position: 5, 1, 0
Checking voxel at position: 6, 1, 0
Checking voxel at position: 7, 1, 0
Checking voxel at position: 8, 1, 0
Checking voxel at position: 9, 1, 0
Checking voxel at position: 0, 2, 0
Checking voxel at position: 1, 2, 0
Checking voxel at position: 2, 2, 0
Checking voxel at position: 3, 2, 0
Checking voxel at position: 4, 2, 0
Checking voxel at position: 5, 2, 0
Checking voxel at position: 6, 2, 0
Checking voxel at position: 7, 2, 0
Checking voxel at position: 8, 2, 0
Checking voxel at position: 9, 2, 0
Checking voxel at position: 0, 3, 0
Checking voxel at position: 1, 3, 0
Checking voxel at position: 2, 3, 0
Checking voxel at position: 3, 3, 0
Checking voxel at position: 4, 3, 0
Checking voxel at position: 5, 3, 0
Checking voxel at position: 6, 3, 0
Checking voxel at position: 7, 3, 0
Checking voxel at position: 8, 3, 0
Checking voxel at position: 9, 3, 0
Checking voxel at position: 0, 4, 0
Checking voxel at position: 1, 4, 0
Checking voxel at position: 2, 4, 0
Checking voxel at position: 3, 4, 0
Checking voxel at position: 4, 4, 0
Checking voxel at position: 5, 4, 0
Checking voxel at position: 6, 4, 0
Checking voxel at position: 7, 4, 0
Checking voxel at position: 8, 4, 0
Checking voxel at position: 9, 4, 0
Checking voxel at position: 0, 5, 0
Checking voxel at position: 1, 5, 0
Checking voxel at position: 2, 5, 0
Checking voxel at position: 3, 5, 0
Checking voxel at position: 4, 5, 0
Checking voxel at position: 5, 5, 0
Checking voxel at position: 6, 5, 0
Checking voxel at position: 7, 5, 0
Checking voxel at position: 8, 5, 0
Checking voxel at position: 9, 5, 0
Checking voxel at position: 0, 6, 0
Checking voxel at position: 1, 6, 0
Checking voxel at position: 2, 6, 0
Checking voxel at position: 3, 6, 0
Checking voxel at position: 4, 6, 0
Checking voxel at position: 5, 6, 0
Checking voxel at position: 6, 6, 0
Checking voxel at position: 7, 6, 0
Checking voxel at position: 8, 6, 0
Checking voxel at position: 9, 6, 0
Checking voxel at position: 0, 7, 0
Checking voxel at position: 1, 7, 0
Checking voxel at position: 2, 7, 0
Checking voxel at position: 3, 7, 0
Checking voxel at position: 4, 7, 0
Checking voxel at position: 5, 7, 0
Checking voxel at position: 6, 7, 0
Checking voxel at position: 7, 7, 0
Checking voxel at position: 8, 7, 0
Checking voxel at position: 9, 7, 0
Checking voxel at position: 0, 8, 0
Checking voxel at position: 1, 8, 0
Checking voxel at position: 2, 8, 0
Checking voxel at position: 3, 8, 0
Checking voxel at position: 4, 8, 0
Checking voxel at position: 5, 8, 0
Checking voxel at position: 6, 8, 0
Checking voxel at position: 7, 8, 0
Checking voxel at position: 8, 8, 0
Checking voxel at position: 9, 8, 0
Checking voxel at position: 0, 9, 0
Checking voxel at position: 1, 9, 0
Checking voxel at position: 2, 9, 0
Checking voxel at position: 3, 9, 0
Checking voxel at position: 4, 9, 0
Checking voxel at position: 5, 9, 0
Checking voxel at position: 6, 9, 0
Checking voxel at position: 7, 9, 0
Checking voxel at position: 8, 9, 0
Checking voxel at position: 9, 9, 0
Checking voxel at position: 0, 0, 1
Checking voxel at position: 1, 0, 1
Checking voxel at position: 2, 0, 1
Checking voxel at position: 3, 0, 1
Checking voxel at position: 4, 0, 1
Checking voxel at position: 5, 0, 1
Checking voxel at position: 6, 0, 1
Checking voxel at position: 7, 0, 1
Checking voxel at position: 8, 0, 1
Checking voxel at position: 9, 0, 1
Checking voxel at position: 0, 1, 1
Checking voxel at position: 9, 1, 1
Checking voxel at position: 0, 2, 1
Checking voxel at position: 9, 2, 1
Checking voxel at position: 0, 3, 1
Checking voxel at position: 9, 3, 1
Checking voxel at position: 0, 4, 1
Checking voxel at position: 9, 4, 1
Checking voxel at position: 0, 5, 1
Checking voxel at position: 9, 5, 1
Checking voxel at position: 0, 6, 1
Checking voxel at position: 9, 6, 1
Checking voxel at position: 0, 7, 1
Checking voxel at position: 9, 7, 1
Checking voxel at position: 0, 8, 1
Checking voxel at position: 9, 8, 1
Checking voxel at position: 0, 9, 1
Checking voxel at position: 1, 9, 1
Checking voxel at position: 2, 9, 1
Checking voxel at position: 3, 9, 1
Checking voxel at position: 4, 9, 1
Checking voxel at position: 5, 9, 1
Checking voxel at position: 6, 9, 1
Checking voxel at position: 7, 9, 1
Checking voxel at position: 8, 9, 1
Checking voxel at position: 9, 9, 1
Checking voxel at position: 0, 0, 2
Checking voxel at position: 0, 0, 0
Checking voxel at position: 1, 0, 0
Checking voxel at position: 2, 0, 0
Checking voxel at position: 3, 0, 0
Checking voxel at position: 4, 0, 0
Checking voxel at position: 5, 0, 0
Checking voxel at position: 6, 0, 0
Checking voxel at position: 7, 0, 0
Checking voxel at position: 8, 0, 0
Checking voxel at position: 9, 0, 0
Checking voxel at position: 0, 1, 0
Checking voxel at position: 1, 1, 0
Checking voxel at position: 2, 1, 0
Checking voxel at position: 3, 1, 0
Checking voxel at position: 4, 1, 0
Checking voxel at position: 5, 1, 0
Checking voxel at position: 6, 1, 0
Checking voxel at position: 7, 1, 0
Checking voxel at position: 8, 1, 0
Checking voxel at position: 9, 1, 0
Checking voxel at position: 0, 2, 0
Checking voxel at position: 1, 2, 0
Checking voxel at position: 2, 2, 0
Checking voxel at position: 3, 2, 0
Checking voxel at position: 4, 2, 0
Checking voxel at position: 5, 2, 0
Checking voxel at position: 6, 2, 0
Checking voxel at position: 7, 2, 0
Checking voxel at position: 8, 2, 0
Checking voxel at position: 9, 2, 0
Checking voxel at position: 0, 3, 0
Checking voxel at position: 1, 3, 0
Checking voxel at position: 2, 3, 0
Checking voxel at position: 3, 3, 0
Checking voxel at position: 4, 3, 0
Checking voxel at position: 5, 3, 0
Checking voxel at position: 6, 3, 0
Checking voxel at position: 7, 3, 0
Checking voxel at position: 8, 3, 0
Checking voxel at position: 9, 3, 0
Checking voxel at position: 0, 4, 0
Checking voxel at position: 1, 4, 0
Checking voxel at position: 2, 4, 0
Checking voxel at position: 3, 4, 0
Checking voxel at position: 4, 4, 0
Checking voxel at position: 5, 4, 0
Checking voxel at position: 6, 4, 0
Checking voxel at position: 7, 4, 0
Checking voxel at position: 8, 4, 0
Checking voxel at position: 9, 4, 0
Checking voxel at position: 0, 5, 0
Checking voxel at position: 1, 5, 0
Checking voxel at position: 2, 5, 0
Checking voxel at position: 3, 5, 0
Checking voxel at position: 4, 5, 0
Checking voxel at position: 5, 5, 0
Checking voxel at position: 6, 5, 0
Checking voxel at position: 7, 5, 0
Checking voxel at position: 8, 5, 0
Checking voxel at position: 9, 5, 0
Checking voxel at position: 0, 6, 0
Checking voxel at position: 1, 6, 0
Checking voxel at position: 2, 6, 0
Checking voxel at position: 3, 6, 0
Checking voxel at position: 4, 6, 0
Checking voxel at position: 5, 6, 0
Checking voxel at position: 6, 6, 0
Checking voxel at position: 7, 6, 0
Checking voxel at position: 8, 6, 0
Checking voxel at position: 9, 6, 0
Checking voxel at position: 0, 7, 0
Checking voxel at position: 1, 7, 0
Checking voxel at position: 2, 7, 0
Checking voxel at position: 3, 7, 0
Checking voxel at position: 4, 7, 0
Checking voxel at position: 5, 7, 0
Checking voxel at position: 6, 7, 0
Checking voxel at position: 7, 7, 0
Checking voxel at position: 8, 7, 0
Checking voxel at position: 9, 7, 0
Checking voxel at position: 0, 8, 0
Checking voxel at position: 1, 8, 0
Checking voxel at position: 2, 8, 0
Checking voxel at position: 3, 8, 0
Checking voxel at position: 4, 8, 0
Checking voxel at position: 5, 8, 0
Checking voxel at position: 6, 8, 0
Checking voxel at position: 7, 8, 0
Checking voxel at position: 8, 8, 0
Checking voxel at position: 9, 8, 0
Checking voxel at position: 0, 9, 0
Checking voxel at position: 1, 9, 0
Checking voxel at position: 2, 9, 0
Checking voxel at position: 3, 9, 0
Checking voxel at position: 4, 9, 0
Checking voxel at position: 5, 9, 0
Checking voxel at position: 6, 9, 0
Checking voxel at position: 7, 9, 0
Checking voxel at position: 8, 9, 0
Checking voxel at position: 9, 9, 0
Checking voxel at position: 0, 0, 1
Checking voxel at position: 1, 0, 1
Checking voxel at position: 2, 0, 1
Checking voxel at position: 3, 0, 1
Checking voxel at position: 4, 0, 1
Checking voxel at position: 5, 0, 1
Checking voxel at position: 6, 0, 1
Checking voxel at position: 7, 0, 1
Checking voxel at position: 8, 0, 1
Checking voxel at position: 9, 0, 1
Checking voxel at position: 0, 1, 1
Checking voxel at position: 9, 1, 1
Checking voxel at position: 0, 2, 1
Checking voxel at position: 9, 2, 1
Checking voxel at position: 0, 3, 1
Checking voxel at position: 9, 3, 1
Checking voxel at position: 0, 4, 1
Checking voxel at position: 9, 4, 1
Checking voxel at position: 0, 5, 1
Checking voxel at position: 9, 5, 1
Checking voxel at position: 0, 6, 1
Checking voxel at position: 9, 6, 1
Checking voxel at position: 0, 7, 1
Checking voxel at position: 9, 7, 1
Checking voxel at position: 0, 8, 1
Checking voxel at position: 9, 8, 1
Checking voxel at position: 0, 9, 1
Checking voxel at position: 1, 9, 1
Checking voxel at position: 2, 9, 1
Checking voxel at position: 3, 9, 1
Checking voxel at position: 4, 9, 1
Checking voxel at position: 5, 9, 1
Checking voxel at position: 6, 9, 1
Checking voxel at position: 7, 9, 1
Checking voxel at position: 8, 9, 1
Checking voxel at position: 9, 9, 1
Checking voxel at position: 0, 0, 2
Checking voxel at position: 1, 0, 2
Checking voxel at position: 2, 0, 2
Checking voxel at position: 3, 0, 2
Checking voxel at position: 4, 0, 2
Checking voxel at position: 5, 0, 2
Checking voxel at position: 6, 0, 2
Checking voxel at position: 7, 0, 2
Checking voxel at position: 8, 0, 2
Checking voxel at position: 9, 0, 2
Checking voxel at position: 0, 1, 2
Checking voxel at position: 9, 1, 2
Checking voxel at position: 0, 2, 2
Checking voxel at position: 9, 2, 2
Checking voxel at position: 0, 3, 2
Checking voxel at position: 9, 3, 2
Checking voxel at position: 0, 4, 2
Checking voxel at position: 9, 4, 2
Checking voxel at position: 0, 5, 2
Checking voxel at position: 9, 5, 2
Checking voxel at position: 0, 6, 2
Checking voxel at position: 9, 6, 2
Checking voxel at position: 0, 7, 2
Checking voxel at position: 9, 7, 2
Checking voxel at position: 0, 8, 2
Checking voxel at position: 9, 8, 2
Checking voxel at position: 0, 9, 2
Checking voxel at position: 1, 9, 2
Checking voxel at position: 2, 9, 2
Checking voxel at position: 3, 9, 2
Checking voxel at position: 4, 9, 2
Checking voxel at position: 5, 9, 2
Checking voxel at position: 6, 9, 2
Checking voxel at position: 7, 9, 2
Checking voxel at position: 8, 9, 2
Checking voxel at position: 9, 9, 2
Checking voxel at position: 0, 0, 3
Checking voxel at position: 0, 0, 0
Checking voxel at position: 1, 0, 0
Checking voxel at position: 2, 0, 0
Checking voxel at position: 3, 0, 0
Checking voxel at position: 4, 0, 0
Checking voxel at position: 5, 0, 0
Checking voxel at position: 6, 0, 0
Checking voxel at position: 7, 0, 0
Checking voxel at position: 8, 0, 0
Checking voxel at position: 9, 0, 0
Checking voxel at position: 0, 1, 0
Checking voxel at position: 1, 1, 0
Checking voxel at position: 2, 1, 0
Checking voxel at position: 3, 1, 0
Checking voxel at position: 4, 1, 0
Checking voxel at position: 5, 1, 0
Checking voxel at position: 6, 1, 0
Checking voxel at position: 7, 1, 0
Checking voxel at position: 8, 1, 0
Checking voxel at position: 9, 1, 0
Checking voxel at position: 0, 2, 0
Checking voxel at position: 1, 2, 0
Checking voxel at position: 2, 2, 0
Checking voxel at position: 3, 2, 0
Checking voxel at position: 4, 2, 0
Checking voxel at position: 5, 2, 0
Checking voxel at position: 6, 2, 0
Checking voxel at position: 7, 2, 0
Checking voxel at position: 8, 2, 0
Checking voxel at position: 9, 2, 0
Checking voxel at position: 0, 3, 0
Checking voxel at position: 1, 3, 0
Checking voxel at position: 2, 3, 0
Checking voxel at position: 3, 3, 0
Checking voxel at position: 4, 3, 0
Checking voxel at position: 5, 3, 0
Checking voxel at position: 6, 3, 0
Checking voxel at position: 7, 3, 0
Checking voxel at position: 8, 3, 0
Checking voxel at position: 9, 3, 0
Checking voxel at position: 0, 4, 0
Checking voxel at position: 1, 4, 0
Checking voxel at position: 2, 4, 0
Checking voxel at position: 3, 4, 0
Checking voxel at position: 4, 4, 0
Checking voxel at position: 5, 4, 0
Checking voxel at position: 6, 4, 0
Checking voxel at position: 7, 4, 0
Checking voxel at position: 8, 4, 0
Checking voxel at position: 9, 4, 0
Checking voxel at position: 0, 5, 0
Checking voxel at position: 1, 5, 0
Checking voxel at position: 2, 5, 0
Checking voxel at position: 3, 5, 0
Checking voxel at position: 4, 5, 0
Checking voxel at position: 5, 5, 0
Checking voxel at position: 6, 5, 0
Checking voxel at position: 7, 5, 0
Checking voxel at position: 8, 5, 0
Checking voxel at position: 9, 5, 0
Checking voxel at position: 0, 6, 0
Checking voxel at position: 1, 6, 0
Checking voxel at position: 2, 6, 0
Checking voxel at position: 3, 6, 0
Checking voxel at position: 4, 6, 0
Checking voxel at position: 5, 6, 0
Checking voxel at position: 6, 6, 0
Checking voxel at position: 7, 6, 0
Checking voxel at position: 8, 6, 0
Checking voxel at position: 9, 6, 0
Checking voxel at position: 0, 7, 0
Checking voxel at position: 1, 7, 0
Checking voxel at position: 2, 7, 0
Checking voxel at position: 3, 7, 0
Checking voxel at position: 4, 7, 0
Checking voxel at position: 5, 7, 0
Checking voxel at position: 6, 7, 0
Checking voxel at position: 7, 7, 0
Checking voxel at position: 8, 7, 0
Checking voxel at position: 9, 7, 0
Checking voxel at position: 0, 8, 0
Checking voxel at position: 1, 8, 0
Checking voxel at position: 2, 8, 0
Checking voxel at position: 3, 8, 0
Checking voxel at position: 4, 8, 0
Checking voxel at position: 5, 8, 0
Checking voxel at position: 6, 8, 0
Checking voxel at position: 7, 8, 0
Checking voxel at position: 8, 8, 0
Checking voxel at position: 9, 8, 0
Checking voxel at position: 0, 9, 0
Checking voxel at position: 1, 9, 0
Checking voxel at position: 2, 9, 0
Checking voxel at position: 3, 9, 0
Checking voxel at position: 4, 9, 0
Checking voxel at position: 5, 9, 0
Checking voxel at position: 6, 9, 0
Checking voxel at position: 7, 9, 0
Checking voxel at position: 8, 9, 0
Checking voxel at position: 9, 9, 0
Checking voxel at position: 0, 0, 1
Checking voxel at position: 1, 0, 1
Checking voxel at position: 2, 0, 1
Checking voxel at position: 3, 0, 1
Checking voxel at position: 4, 0, 1
Checking voxel at position: 5, 0, 1
Checking voxel at position: 6, 0, 1
Checking voxel at position: 7, 0, 1
Checking voxel at position: 8, 0, 1
Checking voxel at position: 9, 0, 1
Checking voxel at position: 0, 1, 1
Checking voxel at position: 9, 1, 1
Checking voxel at position: 0, 2, 1
Checking voxel at position: 9, 2, 1
Checking voxel at position: 0, 3, 1
Checking voxel at position: 9, 3, 1
Checking voxel at position: 0, 4, 1
Checking voxel at position: 9, 4, 1
Checking voxel at position: 0, 5, 1
Checking voxel at position: 9, 5, 1
Checking voxel at position: 0, 6, 1
Checking voxel at position: 9, 6, 1
Checking voxel at position: 0, 7, 1
Checking voxel at position: 9, 7, 1
Checking voxel at position: 0, 8, 1
Checking voxel at position: 9, 8, 1
Checking voxel at position: 0, 9, 1
Checking voxel at position: 1, 9, 1
Checking voxel at position: 2, 9, 1
Checking voxel at position: 3, 9, 1
Checking voxel at position: 4, 9, 1
Checking voxel at position: 5, 9, 1
Checking voxel at position: 6, 9, 1
Checking voxel at position: 7, 9, 1
Checking voxel at position: 8, 9, 1
Checking voxel at position: 9, 9, 1
Checking voxel at position: 0, 0, 2
Checking voxel at position: 1, 0, 2
Checking voxel at position: 2, 0, 2
Checking voxel at position: 3, 0, 2
Checking voxel at position: 4, 0, 2
Checking voxel at position: 5, 0, 2
Checking voxel at position: 6, 0, 2
Checking voxel at position: 7, 0, 2
Checking voxel at position: 8, 0, 2
Checking voxel at position: 9, 0, 2
Checking voxel at position: 0, 1, 2
Checking voxel at position: 9, 1, 2
Checking voxel at position: 0, 2, 2
Checking voxel at position: 9, 2, 2
Checking voxel at position: 0, 3, 2
Checking voxel at position: 9, 3, 2
Checking voxel at position: 0, 4, 2
Checking voxel at position: 9, 4, 2
Checking voxel at position: 0, 5, 2
Checking voxel at position: 9, 5, 2
Checking voxel at position: 0, 6, 2
Checking voxel at position: 9, 6, 2
Checking voxel at position: 0, 7, 2
Checking voxel at position: 9, 7, 2
Checking voxel at position: 0, 8, 2
Checking voxel at position: 9, 8, 2
Checking voxel at position: 0, 9, 2
Checking voxel at position: 1, 9, 2
Checking voxel at position: 2, 9, 2
Checking voxel at position: 3, 9, 2
Checking voxel at position: 4, 9, 2
Checking voxel at position: 5, 9, 2
Checking voxel at position: 6, 9, 2
Checking voxel at position: 7, 9, 2
Checking voxel at position: 8, 9, 2
Checking voxel at position: 9, 9, 2
Checking voxel at position: 0, 0, 3
Checking voxel at position: 1, 0, 3
Checking voxel at position: 2, 0, 3
Checking voxel at position: 3, 0, 3
Checking voxel at position: 4, 0, 3
Checking voxel at position: 5, 0, 3
Checking voxel at position: 6, 0, 3
Checking voxel at position: 7, 0, 3
Checking voxel at position: 8, 0, 3
Checking voxel at position: 9, 0, 3
Checking voxel at position: 0, 1, 3
Checking voxel at position: 9, 1, 3
Checking voxel at position: 0, 2, 3
Checking voxel at position: 9, 2, 3
Checking voxel at position: 0, 3, 3
Checking voxel at position: 9, 3, 3
Checking voxel at position: 0, 4, 3
Checking voxel at position: 9, 4, 3
Checking voxel at position: 0, 5, 3
Checking voxel at position: 9, 5, 3
Checking voxel at position: 0, 6, 3
Checking voxel at position: 9, 6, 3
Checking voxel at position: 0, 7, 3
Checking voxel at position: 9, 7, 3
Checking voxel at position: 0, 8, 3
Checking voxel at position: 9, 8, 3
Checking voxel at position: 0, 9, 3
Checking voxel at position: 1, 9, 3
Checking voxel at position: 2, 9, 3
Checking voxel at position: 3, 9, 3
Checking voxel at position: 4, 9, 3
Checking voxel at position: 5, 9, 3
Checking voxel at position: 6, 9, 3
Checking voxel at position: 7, 9, 3
Checking voxel at position: 8, 9, 3
Checking voxel at position: 9, 9, 3
Checking voxel at position: 0, 0, 4
Checking voxel at position: 0, 0, 0
Checking voxel at position: 1, 0, 0
Checking voxel at position: 2, 0, 0
Checking voxel at position: 3, 0, 0
Checking voxel at position: 4, 0, 0
Checking voxel at position: 5, 0, 0
Checking voxel at position: 6, 0, 0
Checking voxel at position: 7, 0, 0
Checking voxel at position: 8, 0, 0
Checking voxel at position: 9, 0, 0
Checking voxel at position: 0, 1, 0
Checking voxel at position: 1, 1, 0
Checking voxel at position: 2, 1, 0
Checking voxel at position: 3, 1, 0
Checking voxel at position: 4, 1, 0
Checking voxel at position: 5, 1, 0
Checking voxel at position: 6, 1, 0
Checking voxel at position: 7, 1, 0
Checking voxel at position: 8, 1, 0
Checking voxel at position: 9, 1, 0
Checking voxel at position: 0, 2, 0
Checking voxel at position: 1, 2, 0
Checking voxel at position: 2, 2, 0
Checking voxel at position: 3, 2, 0
Checking voxel at position: 4, 2, 0
Checking voxel at position: 5, 2, 0
Checking voxel at position: 6, 2, 0
Checking voxel at position: 7, 2, 0
Checking voxel at position: 8, 2, 0
Checking voxel at position: 9, 2, 0
Checking voxel at position: 0, 3, 0
Checking voxel at position: 1, 3, 0
Checking voxel at position: 2, 3, 0
Checking voxel at position: 3, 3, 0
Checking voxel at position: 4, 3, 0
Checking voxel at position: 5, 3, 0
Checking voxel at position: 6, 3, 0
Checking voxel at position: 7, 3, 0
Checking voxel at position: 8, 3, 0
Checking voxel at position: 9, 3, 0
Checking voxel at position: 0, 4, 0
Checking voxel at position: 1, 4, 0
Checking voxel at position: 2, 4, 0
Checking voxel at position: 3, 4, 0
Checking voxel at position: 4, 4, 0
Checking voxel at position: 5, 4, 0
Checking voxel at position: 6, 4, 0
Checking voxel at position: 7, 4, 0
Checking voxel at position: 8, 4, 0
Checking voxel at position: 9, 4, 0
Checking voxel at position: 0, 5, 0
Checking voxel at position: 1, 5, 0
Checking voxel at position: 2, 5, 0
Checking voxel at position: 3, 5, 0
Checking voxel at position: 4, 5, 0
Checking voxel at position: 5, 5, 0
Checking voxel at position: 6, 5, 0
Checking voxel at position: 7, 5, 0
Checking voxel at position: 8, 5, 0
Checking voxel at position: 9, 5, 0
Checking voxel at position: 0, 6, 0
Checking voxel at position: 1, 6, 0
Checking voxel at position: 2, 6, 0
Checking voxel at position: 3, 6, 0
Checking voxel at position: 4, 6, 0
Checking voxel at position: 5, 6, 0
Checking voxel at position: 6, 6, 0
Checking voxel at position: 7, 6, 0
Checking voxel at position: 8, 6, 0
Checking voxel at position: 9, 6, 0
Checking voxel at position: 0, 7, 0
Checking voxel at position: 1, 7, 0
Checking voxel at position: 2, 7, 0
Checking voxel at position: 3, 7, 0
Checking voxel at position: 4, 7, 0
Checking voxel at position: 5, 7, 0
Checking voxel at position: 6, 7, 0
Checking voxel at position: 7, 7, 0
Checking voxel at position: 8, 7, 0
Checking voxel at position: 9, 7, 0
Checking voxel at position: 0, 8, 0
Checking voxel at position: 1, 8, 0
Checking voxel at position: 2, 8, 0
Checking voxel at position: 3, 8, 0
Checking voxel at position: 4, 8, 0
Checking voxel at position: 5, 8, 0
Checking voxel at position: 6, 8, 0
Checking voxel at position: 7, 8, 0
Checking voxel at position: 8, 8, 0
Checking voxel at position: 9, 8, 0
Checking voxel at position: 0, 9, 0
Checking voxel at position: 1, 9, 0
Checking voxel at position: 2, 9, 0
Checking voxel at position: 3, 9, 0
Checking voxel at position: 4, 9, 0
Checking voxel at position: 5, 9, 0
Checking voxel at position: 6, 9, 0
Checking voxel at position: 7, 9, 0
Checking voxel at position: 8, 9, 0
Checking voxel at position: 9, 9, 0
Checking voxel at position: 0, 0, 1
Checking voxel at position: 1, 0, 1
Checking voxel at position: 2, 0, 1
Checking voxel at position: 3, 0, 1
Checking voxel at position: 4, 0, 1
Checking voxel at position: 5, 0, 1
Checking voxel at position: 6, 0, 1
Checking voxel at position: 7, 0, 1
Checking voxel at position: 8, 0, 1
Checking voxel at position: 9, 0, 1
Checking voxel at position: 0, 1, 1
Checking voxel at position: 9, 1, 1
Checking voxel at position: 0, 2, 1
Checking voxel at position: 9, 2, 1
Checking voxel at position: 0, 3, 1
Checking voxel at position: 9, 3, 1
Checking voxel at position: 0, 4, 1
Checking voxel at position: 9, 4, 1
Checking voxel at position: 0, 5, 1
Checking voxel at position: 9, 5, 1
Checking voxel at position: 0, 6, 1
Checking voxel at position: 9, 6, 1
Checking voxel at position: 0, 7, 1
Checking voxel at position: 9, 7, 1
Checking voxel at position: 0, 8, 1
Checking voxel at position: 9, 8, 1
Checking voxel at position: 0, 9, 1
Checking voxel at position: 1, 9, 1
Checking voxel at position: 2, 9, 1
Checking voxel at position: 3, 9, 1
Checking voxel at position: 4, 9, 1
Checking voxel at position: 5, 9, 1
Checking voxel at position: 6, 9, 1
Checking voxel at position: 7, 9, 1
Checking voxel at position: 8, 9, 1
Checking voxel at position: 9, 9, 1
Checking voxel at position: 0, 0, 2
Checking voxel at position: 1, 0, 2
Checking voxel at position: 2, 0, 2
Checking voxel at position: 3, 0, 2
Checking voxel at position: 4, 0, 2
Checking voxel at position: 5, 0, 2
Checking voxel at position: 6, 0, 2
Checking voxel at position: 7, 0, 2
Checking voxel at position: 8, 0, 2
Checking voxel at position: 9, 0, 2
Checking voxel at position: 0, 1, 2
Checking voxel at position: 9, 1, 2
Checking voxel at position: 0, 2, 2
Checking voxel at position: 9, 2, 2
Checking voxel at position: 0, 3, 2
Checking voxel at position: 9, 3, 2
Checking voxel at position: 0, 4, 2
Checking voxel at position: 9, 4, 2
Checking voxel at position: 0, 5, 2
Checking voxel at position: 9, 5, 2
Checking voxel at position: 0, 6, 2
Checking voxel at position: 9, 6, 2
Checking voxel at position: 0, 7, 2
Checking voxel at position: 9, 7, 2
Checking voxel at position: 0, 8, 2
Checking voxel at position: 9, 8, 2
Checking voxel at position: 0, 9, 2
Checking voxel at position: 1, 9, 2
Checking voxel at position: 2, 9, 2
Checking voxel at position: 3, 9, 2
Checking voxel at position: 4, 9, 2
Checking voxel at position: 5, 9, 2
Checking voxel at position: 6, 9, 2
Checking voxel at position: 7, 9, 2
Checking voxel at position: 8, 9, 2
Checking voxel at position: 9, 9, 2
Checking voxel at position: 0, 0, 3
Checking voxel at position: 1, 0, 3
Checking voxel at position: 2, 0, 3
Checking voxel at position: 3, 0, 3
Checking voxel at position: 4, 0, 3
Checking voxel at position: 5, 0, 3
Checking voxel at position: 6, 0, 3
Checking voxel at position: 7, 0, 3
Checking voxel at position: 8, 0, 3
Checking voxel at position: 9, 0, 3
Checking voxel at position: 0, 1, 3
Checking voxel at position: 9, 1, 3
Checking voxel at position: 0, 2, 3
Checking voxel at position: 9, 2, 3
Checking voxel at position: 0, 3, 3
Checking voxel at position: 9, 3, 3
Checking voxel at position: 0, 4, 3
Checking voxel at position: 9, 4, 3
Checking voxel at position: 0, 5, 3
Checking voxel at position: 9, 5, 3
Checking voxel at position: 0, 6, 3
Checking voxel at position: 9, 6, 3
Checking voxel at position: 0, 7, 3
Checking voxel at position: 9, 7, 3
Checking voxel at position: 0, 8, 3
Checking voxel at position: 9, 8, 3
Checking voxel at position: 0, 9, 3
Checking voxel at position: 1, 9, 3
Checking voxel at position: 2, 9, 3
Checking voxel at position: 3, 9, 3
Checking voxel at position: 4, 9, 3
Checking voxel at position: 5, 9, 3
Checking voxel at position: 6, 9, 3
Checking voxel at position: 7, 9, 3
Checking voxel at position: 8, 9, 3
Checking voxel at position: 9, 9, 3
Checking voxel at position: 0, 0, 4
Checking voxel at position: 1, 0, 4
Checking voxel at position: 2, 0, 4
Checking voxel at position: 3, 0, 4
Checking voxel at position: 4, 0, 4
Checking voxel at position: 5, 0, 4
Checking voxel at position: 6, 0, 4
Checking voxel at position: 7, 0, 4
Checking voxel at position: 8, 0, 4
Checking voxel at position: 9, 0, 4
Checking voxel at position: 0, 1, 4
Checking voxel at position: 9, 1, 4
Checking voxel at position: 0, 2, 4
Checking voxel at position: 9, 2, 4
Checking voxel at position: 0, 3, 4
Checking voxel at position: 9, 3, 4
Checking voxel at position: 0, 4, 4
Checking voxel at position: 9, 4, 4
Checking voxel at position: 0, 5, 4
Checking voxel at position: 9, 5, 4
Checking voxel at position: 0, 6, 4
Checking voxel at position: 9, 6, 4
Checking voxel at position: 0, 7, 4
Checking voxel at position: 9, 7, 4
Checking voxel at position: 0, 8, 4
Checking voxel at position: 9, 8, 4
Checking voxel at position: 0, 9, 4
Checking voxel at position: 1, 9, 4
Checking voxel at position: 2, 9, 4
Checking voxel at position: 3, 9, 4
Checking voxel at position: 4, 9, 4
Checking voxel at position: 5, 9, 4
Checking voxel at position: 6, 9, 4
Checking voxel at position: 7, 9, 4
Checking voxel at position: 8, 9, 4
Checking voxel at position: 9, 9, 4
Checking voxel at position: 0, 0, 5
Checking voxel at position: 0, 0, 0
Checking voxel at position: 1, 0, 0
Checking voxel at position: 2, 0, 0
Checking voxel at position: 3, 0, 0
Checking voxel at position: 4, 0, 0
Checking voxel at position: 5, 0, 0
Checking voxel at position: 6, 0, 0
Checking voxel at position: 7, 0, 0
Checking voxel at position: 8, 0, 0
Checking voxel at position: 9, 0, 0
Checking voxel at position: 0, 1, 0
Checking voxel at position: 1, 1, 0
Checking voxel at position: 2, 1, 0
Checking voxel at position: 3, 1, 0
Checking voxel at position: 4, 1, 0
Checking voxel at position: 5, 1, 0
Checking voxel at position: 6, 1, 0
Checking voxel at position: 7, 1, 0
Checking voxel at position: 8, 1, 0
Checking voxel at position: 9, 1, 0
Checking voxel at position: 0, 2, 0
Checking voxel at position: 1, 2, 0
Checking voxel at position: 2, 2, 0
Checking voxel at position: 3, 2, 0
Checking voxel at position: 4, 2, 0
Checking voxel at position: 5, 2, 0
Checking voxel at position: 6, 2, 0
Checking voxel at position: 7, 2, 0
Checking voxel at position: 8, 2, 0
Checking voxel at position: 9, 2, 0
Checking voxel at position: 0, 3, 0
Checking voxel at position: 1, 3, 0
Checking voxel at position: 2, 3, 0
Checking voxel at position: 3, 3, 0
Checking voxel at position: 4, 3, 0
Checking voxel at position: 5, 3, 0
Checking voxel at position: 6, 3, 0
Checking voxel at position: 7, 3, 0
Checking voxel at position: 8, 3, 0
Checking voxel at position: 9, 3, 0
Checking voxel at position: 0, 4, 0
Checking voxel at position: 1, 4, 0
Checking voxel at position: 2, 4, 0
Checking voxel at position: 3, 4, 0
Checking voxel at position: 4, 4, 0
Checking voxel at position: 5, 4, 0
Checking voxel at position: 6, 4, 0
Checking voxel at position: 7, 4, 0
Checking voxel at position: 8, 4, 0
Checking voxel at position: 9, 4, 0
Checking voxel at position: 0, 5, 0
Checking voxel at position: 1, 5, 0
Checking voxel at position: 2, 5, 0
Checking voxel at position: 3, 5, 0
Checking voxel at position: 4, 5, 0
Checking voxel at position: 5, 5, 0
Checking voxel at position: 6, 5, 0
Checking voxel at position: 7, 5, 0
Checking voxel at position: 8, 5, 0
Checking voxel at position: 9, 5, 0
Checking voxel at position: 0, 6, 0
Checking voxel at position: 1, 6, 0
Checking voxel at position: 2, 6, 0
Checking voxel at position: 3, 6, 0
Checking voxel at position: 4, 6, 0
Checking voxel at position: 5, 6, 0
Checking voxel at position: 6, 6, 0
Checking voxel at position: 7, 6, 0
Checking voxel at position: 8, 6, 0
Checking voxel at position: 9, 6, 0
Checking voxel at position: 0, 7, 0
Checking voxel at position: 1, 7, 0
Checking voxel at position: 2, 7, 0
Checking voxel at position: 3, 7, 0
Checking voxel at position: 4, 7, 0
Checking voxel at position: 5, 7, 0
Checking voxel at position: 6, 7, 0
Checking voxel at position: 7, 7, 0
Checking voxel at position: 8, 7, 0
Checking voxel at position: 9, 7, 0
Checking voxel at position: 0, 8, 0
Checking voxel at position: 1, 8, 0
Checking voxel at position: 2, 8, 0
Checking voxel at position: 3, 8, 0
Checking voxel at position: 4, 8, 0
Checking voxel at position: 5, 8, 0
Checking voxel at position: 6, 8, 0
Checking voxel at position: 7, 8, 0
Checking voxel at position: 8, 8, 0
Checking voxel at position: 9, 8, 0
Checking voxel at position: 0, 9, 0
Checking voxel at position: 1, 9, 0
Checking voxel at position: 2, 9, 0
Checking voxel at position: 3, 9, 0
Checking voxel at position: 4, 9, 0
Checking voxel at position: 5, 9, 0
Checking voxel at position: 6, 9, 0
Checking voxel at position: 7, 9, 0
Checking voxel at position: 8, 9, 0
Checking voxel at position: 9, 9, 0
Checking voxel at position: 0, 0, 1
Checking voxel at position: 1, 0, 1
Checking voxel at position: 2, 0, 1
Checking voxel at position: 3, 0, 1
Checking voxel at position: 4, 0, 1
Checking voxel at position: 5, 0, 1
Checking voxel at position: 6, 0, 1
Checking voxel at position: 7, 0, 1
Checking voxel at position: 8, 0, 1
Checking voxel at position: 9, 0, 1
Checking voxel at position: 0, 1, 1
Checking voxel at position: 9, 1, 1
Checking voxel at position: 0, 2, 1
Checking voxel at position: 9, 2, 1
Checking voxel at position: 0, 3, 1
Checking voxel at position: 9, 3, 1
Checking voxel at position: 0, 4, 1
Checking voxel at position: 9, 4, 1
Checking voxel at position: 0, 5, 1
Checking voxel at position: 9, 5, 1
Checking voxel at position: 0, 6, 1
Checking voxel at position: 9, 6, 1
Checking voxel at position: 0, 7, 1
Checking voxel at position: 9, 7, 1
Checking voxel at position: 0, 8, 1
Checking voxel at position: 9, 8, 1
Checking voxel at position: 0, 9, 1
Checking voxel at position: 1, 9, 1
Checking voxel at position: 2, 9, 1
Checking voxel at position: 3, 9, 1
Checking voxel at position: 4, 9, 1
Checking voxel at position: 5, 9, 1
Checking voxel at position: 6, 9, 1
Checking voxel at position: 7, 9, 1
Checking voxel at position: 8, 9, 1
Checking voxel at position: 9, 9, 1
Checking voxel at position: 0, 0, 2
Checking voxel at position: 1, 0, 2
Checking voxel at position: 2, 0, 2
Checking voxel at position: 3, 0, 2
Checking voxel at position: 4, 0, 2
Checking voxel at position: 5, 0, 2
Checking voxel at position: 6, 0, 2
Checking voxel at position: 7, 0, 2
Checking voxel at position: 8, 0, 2
Checking voxel at position: 9, 0, 2
Checking voxel at position: 0, 1, 2
Checking voxel at position: 9, 1, 2
Checking voxel at position: 0, 2, 2
Checking voxel at position: 9, 2, 2
Checking voxel at position: 0, 3, 2
Checking voxel at position: 9, 3, 2
Checking voxel at position: 0, 4, 2
Checking voxel at position: 9, 4, 2
Checking voxel at position: 0, 5, 2
Checking voxel at position: 9, 5, 2
Checking voxel at position: 0, 6, 2
Checking voxel at position: 9, 6, 2
Checking voxel at position: 0, 7, 2
Checking voxel at position: 9, 7, 2
Checking voxel at position: 0, 8, 2
Checking voxel at position: 9, 8, 2
Checking voxel at position: 0, 9, 2
Checking voxel at position: 1, 9, 2
Checking voxel at position: 2, 9, 2
Checking voxel at position: 3, 9, 2
Checking voxel at position: 4, 9, 2
Checking voxel at position: 5, 9, 2
Checking voxel at position: 6, 9, 2
Checking voxel at position: 7, 9, 2
Checking voxel at position: 8, 9, 2
Checking voxel at position: 9, 9, 2
Checking voxel at position: 0, 0, 3
Checking voxel at position: 1, 0, 3
Checking voxel at position: 2, 0, 3
Checking voxel at position: 3, 0, 3
Checking voxel at position: 4, 0, 3
Checking voxel at position: 5, 0, 3
Checking voxel at position: 6, 0, 3
Checking voxel at position: 7, 0, 3
Checking voxel at position: 8, 0, 3
Checking voxel at position: 9, 0, 3
Checking voxel at position: 0, 1, 3
Checking voxel at position: 9, 1, 3
Checking voxel at position: 0, 2, 3
Checking voxel at position: 9, 2, 3
Checking voxel at position: 0, 3, 3
Checking voxel at position: 9, 3, 3
Checking voxel at position: 0, 4, 3
Checking voxel at position: 9, 4, 3
Checking voxel at position: 0, 5, 3
Checking voxel at position: 9, 5, 3
Checking voxel at position: 0, 6, 3
Checking voxel at position: 9, 6, 3
Checking voxel at position: 0, 7, 3
Checking voxel at position: 9, 7, 3
Checking voxel at position: 0, 8, 3
Checking voxel at position: 9, 8, 3
Checking voxel at position: 0, 9, 3
Checking voxel at position: 1, 9, 3
Checking voxel at position: 2, 9, 3
Checking voxel at position: 3, 9, 3
Checking voxel at position: 4, 9, 3
Checking voxel at position: 5, 9, 3
Checking voxel at position: 6, 9, 3
Checking voxel at position: 7, 9, 3
Checking voxel at position: 8, 9, 3
Checking voxel at position: 9, 9, 3
Checking voxel at position: 0, 0, 4
Checking voxel at position: 1, 0, 4
Checking voxel at position: 2, 0, 4
Checking voxel at position: 3, 0, 4
Checking voxel at position: 4, 0, 4
Checking voxel at position: 5, 0, 4
Checking voxel at position: 6, 0, 4
Checking voxel at position: 7, 0, 4
Checking voxel at position: 8, 0, 4
Checking voxel at position: 9, 0, 4
Checking voxel at position: 0, 1, 4
Checking voxel at position: 9, 1, 4
Checking voxel at position: 0, 2, 4
Checking voxel at position: 9, 2, 4
Checking voxel at position: 0, 3, 4
Checking voxel at position: 9, 3, 4
Checking voxel at position: 0, 4, 4
Checking voxel at position: 9, 4, 4
Checking voxel at position: 0, 5, 4
Checking voxel at position: 9, 5, 4
Checking voxel at position: 0, 6, 4
Checking voxel at position: 9, 6, 4
Checking voxel at position: 0, 7, 4
Checking voxel at position: 9, 7, 4
Checking voxel at position: 0, 8, 4
Checking voxel at position: 9, 8, 4
Checking voxel at position: 0, 9, 4
Checking voxel at position: 1, 9, 4
Checking voxel at position: 2, 9, 4
Checking voxel at position: 3, 9, 4
Checking voxel at position: 4, 9, 4
Checking voxel at position: 5, 9, 4
Checking voxel at position: 6, 9, 4
Checking voxel at position: 7, 9, 4
Checking voxel at position: 8, 9, 4
Checking voxel at position: 9, 9, 4
Checking voxel at position: 0, 0, 5
Checking voxel at position: 1, 0, 5
Checking voxel at position: 2, 0, 5
Checking voxel at position: 3, 0, 5
Checking voxel at position: 4, 0, 5
Checking voxel at position: 5, 0, 5
Checking voxel at position: 6, 0, 5
Checking voxel at position: 7, 0, 5
Checking voxel at position: 8, 0, 5
Checking voxel at position: 9, 0, 5
Checking voxel at position: 0, 1, 5
Checking voxel at position: 9, 1, 5
Checking voxel at position: 0, 2, 5
Checking voxel at position: 9, 2, 5
Checking voxel at position: 0, 3, 5
Checking voxel at position: 9, 3, 5
Checking voxel at position: 0, 4, 5
Checking voxel at position: 9, 4, 5
Checking voxel at position: 0, 5, 5
Checking voxel at position: 9, 5, 5
Checking voxel at position: 0, 6, 5
Checking voxel at position: 9, 6, 5
Checking voxel at position: 0, 7, 5
Checking voxel at position: 9, 7, 5
Checking voxel at position: 0, 8, 5
Checking voxel at position: 9, 8, 5
Checking voxel at position: 0, 9, 5
Checking voxel at position: 1, 9, 5
Checking voxel at position: 2, 9, 5
Checking voxel at position: 3, 9, 5
Checking voxel at position: 4, 9, 5
Checking voxel at position: 5, 9, 5
Checking voxel at position: 6, 9, 5
Checking voxel at position: 7, 9, 5
Checking voxel at position: 8, 9, 5
Checking voxel at position: 9, 9, 5
Checking voxel at position: 0, 0, 6
Checking voxel at position: 0, 0, 0
Checking voxel at position: 1, 0, 0
Checking voxel at position: 2, 0, 0
Checking voxel at position: 3, 0, 0
Checking voxel at position: 4, 0, 0
Checking voxel at position: 5, 0, 0
Checking voxel at position: 6, 0, 0
Checking voxel at position: 7, 0, 0
Checking voxel at position: 8, 0, 0
Checking voxel at position: 9, 0, 0
Checking voxel at position: 0, 1, 0
Checking voxel at position: 1, 1, 0
Checking voxel at position: 2, 1, 0
Checking voxel at position: 3, 1, 0
Checking voxel at position: 4, 1, 0
Checking voxel at position: 5, 1, 0
Checking voxel at position: 6, 1, 0
Checking voxel at position: 7, 1, 0
Checking voxel at position: 8, 1, 0
Checking voxel at position: 9, 1, 0
Checking voxel at position: 0, 2, 0
Checking voxel at position: 1, 2, 0
Checking voxel at position: 2, 2, 0
Checking voxel at position: 3, 2, 0
Checking voxel at position: 4, 2, 0
Checking voxel at position: 5, 2, 0
Checking voxel at position: 6, 2, 0
Checking voxel at position: 7, 2, 0
Checking voxel at position: 8, 2, 0
Checking voxel at position: 9, 2, 0
Checking voxel at position: 0, 3, 0
Checking voxel at position: 1, 3, 0
Checking voxel at position: 2, 3, 0
Checking voxel at position: 3, 3, 0
Checking voxel at position: 4, 3, 0
Checking voxel at position: 5, 3, 0
Checking voxel at position: 6, 3, 0
Checking voxel at position: 7, 3, 0
Checking voxel at position: 8, 3, 0
Checking voxel at position: 9, 3, 0
Checking voxel at position: 0, 4, 0
Checking voxel at position: 1, 4, 0
Checking voxel at position: 2, 4, 0
Checking voxel at position: 3, 4, 0
Checking voxel at position: 4, 4, 0
Checking voxel at position: 5, 4, 0
Checking voxel at position: 6, 4, 0
Checking voxel at position: 7, 4, 0
Checking voxel at position: 8, 4, 0
Checking voxel at position: 9, 4, 0
Checking voxel at position: 0, 5, 0
Checking voxel at position: 1, 5, 0
Checking voxel at position: 2, 5, 0
Checking voxel at position: 3, 5, 0
Checking voxel at position: 4, 5, 0
Checking voxel at position: 5, 5, 0
Checking voxel at position: 6, 5, 0
Checking voxel at position: 7, 5, 0
Checking voxel at position: 8, 5, 0
Checking voxel at position: 9, 5, 0
Checking voxel at position: 0, 6, 0
Checking voxel at position: 1, 6, 0
Checking voxel at position: 2, 6, 0
Checking voxel at position: 3, 6, 0
Checking voxel at position: 4, 6, 0
Checking voxel at position: 5, 6, 0
Checking voxel at position: 6, 6, 0
Checking voxel at position: 7, 6, 0
Checking voxel at position: 8, 6, 0
Checking voxel at position: 9, 6, 0
Checking voxel at position: 0, 7, 0
Checking voxel at position: 1, 7, 0
Checking voxel at position: 2, 7, 0
Checking voxel at position: 3, 7, 0
Checking voxel at position: 4, 7, 0
Checking voxel at position: 5, 7, 0
Checking voxel at position: 6, 7, 0
Checking voxel at position: 7, 7, 0
Checking voxel at position: 8, 7, 0
Checking voxel at position: 9, 7, 0
Checking voxel at position: 0, 8, 0
Checking voxel at position: 1, 8, 0
Checking voxel at position: 2, 8, 0
Checking voxel at position: 3, 8, 0
Checking voxel at position: 4, 8, 0
Checking voxel at position: 5, 8, 0
Checking voxel at position: 6, 8, 0
Checking voxel at position: 7, 8, 0
Checking voxel at position: 8, 8, 0
Checking voxel at position: 9, 8, 0
Checking voxel at position: 0, 9, 0
Checking voxel at position: 1, 9, 0
Checking voxel at position: 2, 9, 0
Checking voxel at position: 3, 9, 0
Checking voxel at position: 4, 9, 0
Checking voxel at position: 5, 9, 0
Checking voxel at position: 6, 9, 0
Checking voxel at position: 7, 9, 0
Checking voxel at position: 8, 9, 0
Checking voxel at position: 9, 9, 0
Checking voxel at position: 0, 0, 1
Checking voxel at position: 1, 0, 1
Checking voxel at position: 2, 0, 1
Checking voxel at position: 3, 0, 1
Checking voxel at position: 4, 0, 1
Checking voxel at position: 5, 0, 1
Checking voxel at position: 6, 0, 1
Checking voxel at position: 7, 0, 1
Checking voxel at position: 8, 0, 1
Checking voxel at position: 9, 0, 1
Checking voxel at position: 0, 1, 1
Checking voxel at position: 9, 1, 1
Checking voxel at position: 0, 2, 1
Checking voxel at position: 9, 2, 1
Checking voxel at position: 0, 3, 1
Checking voxel at position: 9, 3, 1
Checking voxel at position: 0, 4, 1
Checking voxel at position: 9, 4, 1
Checking voxel at position: 0, 5, 1
Checking voxel at position: 9, 5, 1
Checking voxel at position: 0, 6, 1
Checking voxel at position: 9, 6, 1
Checking voxel at position: 0, 7, 1
Checking voxel at position: 9, 7, 1
Checking voxel at position: 0, 8, 1
Checking voxel at position: 9, 8, 1
Checking voxel at position: 0, 9, 1
Checking voxel at position: 1, 9, 1
Checking voxel at position: 2, 9, 1
Checking voxel at position: 3, 9, 1
Checking voxel at position: 4, 9, 1
Checking voxel at position: 5, 9, 1
Checking voxel at position: 6, 9, 1
Checking voxel at position: 7, 9, 1
Checking voxel at position: 8, 9, 1
Checking voxel at position: 9, 9, 1
Checking voxel at position: 0, 0, 2
Checking voxel at position: 1, 0, 2
Checking voxel at position: 2, 0, 2
Checking voxel at position: 3, 0, 2
Checking voxel at position: 4, 0, 2
Checking voxel at position: 5, 0, 2
Checking voxel at position: 6, 0, 2
Checking voxel at position: 7, 0, 2
Checking voxel at position: 8, 0, 2
Checking voxel at position: 9, 0, 2
Checking voxel at position: 0, 1, 2
Checking voxel at position: 9, 1, 2
Checking voxel at position: 0, 2, 2
Checking voxel at position: 9, 2, 2
Checking voxel at position: 0, 3, 2
Checking voxel at position: 9, 3, 2
Checking voxel at position: 0, 4, 2
Checking voxel at position: 9, 4, 2
Checking voxel at position: 0, 5, 2
Checking voxel at position: 9, 5, 2
Checking voxel at position: 0, 6, 2
Checking voxel at position: 9, 6, 2
Checking voxel at position: 0, 7, 2
Checking voxel at position: 9, 7, 2
Checking voxel at position: 0, 8, 2
Checking voxel at position: 9, 8, 2
Checking voxel at position: 0, 9, 2
Checking voxel at position: 1, 9, 2
Checking voxel at position: 2, 9, 2
Checking voxel at position: 3, 9, 2
Checking voxel at position: 4, 9, 2
Checking voxel at position: 5, 9, 2
Checking voxel at position: 6, 9, 2
Checking voxel at position: 7, 9, 2
Checking voxel at position: 8, 9, 2
Checking voxel at position: 9, 9, 2
Checking voxel at position: 0, 0, 3
Checking voxel at position: 1, 0, 3
Checking voxel at position: 2, 0, 3
Checking voxel at position: 3, 0, 3
Checking voxel at position: 4, 0, 3
Checking voxel at position: 5, 0, 3
Checking voxel at position: 6, 0, 3
Checking voxel at position: 7, 0, 3
Checking voxel at position: 8, 0, 3
Checking voxel at position: 9, 0, 3
Checking voxel at position: 0, 1, 3
Checking voxel at position: 9, 1, 3
Checking voxel at position: 0, 2, 3
Checking voxel at position: 9, 2, 3
Checking voxel at position: 0, 3, 3
Checking voxel at position: 9, 3, 3
Checking voxel at position: 0, 4, 3
Checking voxel at position: 9, 4, 3
Checking voxel at position: 0, 5, 3
Checking voxel at position: 9, 5, 3
Checking voxel at position: 0, 6, 3
Checking voxel at position: 9, 6, 3
Checking voxel at position: 0, 7, 3
Checking voxel at position: 9, 7, 3
Checking voxel at position: 0, 8, 3
Checking voxel at position: 9, 8, 3
Checking voxel at position: 0, 9, 3
Checking voxel at position: 1, 9, 3
Checking voxel at position: 2, 9, 3
Checking voxel at position: 3, 9, 3
Checking voxel at position: 4, 9, 3
Checking voxel at position: 5, 9, 3
Checking voxel at position: 6, 9, 3
Checking voxel at position: 7, 9, 3
Checking voxel at position: 8, 9, 3
Checking voxel at position: 9, 9, 3
Checking voxel at position: 0, 0, 4
Checking voxel at position: 1, 0, 4
Checking voxel at position: 2, 0, 4
Checking voxel at position: 3, 0, 4
Checking voxel at position: 4, 0, 4
Checking voxel at position: 5, 0, 4
Checking voxel at position: 6, 0, 4
Checking voxel at position: 7, 0, 4
Checking voxel at position: 8, 0, 4
Checking voxel at position: 9, 0, 4
Checking voxel at position: 0, 1, 4
Checking voxel at position: 9, 1, 4
Checking voxel at position: 0, 2, 4
Checking voxel at position: 9, 2, 4
Checking voxel at position: 0, 3, 4
Checking voxel at position: 9, 3, 4
Checking voxel at position: 0, 4, 4
Checking voxel at position: 9, 4, 4
Checking voxel at position: 0, 5, 4
Checking voxel at position: 9, 5, 4
Checking voxel at position: 0, 6, 4
Checking voxel at position: 9, 6, 4
Checking voxel at position: 0, 7, 4
Checking voxel at position: 9, 7, 4
Checking voxel at position: 0, 8, 4
Checking voxel at position: 9, 8, 4
Checking voxel at position: 0, 9, 4
Checking voxel at position: 1, 9, 4
Checking voxel at position: 2, 9, 4
Checking voxel at position: 3, 9, 4
Checking voxel at position: 4, 9, 4
Checking voxel at position: 5, 9, 4
Checking voxel at position: 6, 9, 4
Checking voxel at position: 7, 9, 4
Checking voxel at position: 8, 9, 4
Checking voxel at position: 9, 9, 4
Checking voxel at position: 0, 0, 5
Checking voxel at position: 1, 0, 5
Checking voxel at position: 2, 0, 5
Checking voxel at position: 3, 0, 5
Checking voxel at position: 4, 0, 5
Checking voxel at position: 5, 0, 5
Checking voxel at position: 6, 0, 5
Checking voxel at position: 7, 0, 5
Checking voxel at position: 8, 0, 5
Checking voxel at position: 9, 0, 5
Checking voxel at position: 0, 1, 5
Checking voxel at position: 9, 1, 5
Checking voxel at position: 0, 2, 5
Checking voxel at position: 9, 2, 5
Checking voxel at position: 0, 3, 5
Checking voxel at position: 9, 3, 5
Checking voxel at position: 0, 4, 5
Checking voxel at position: 9, 4, 5
Checking voxel at position: 0, 5, 5
Checking voxel at position: 9, 5, 5
Checking voxel at position: 0, 6, 5
Checking voxel at position: 9, 6, 5
Checking voxel at position: 0, 7, 5
Checking voxel at position: 9, 7, 5
Checking voxel at position: 0, 8, 5
Checking voxel at position: 9, 8, 5
Checking voxel at position: 0, 9, 5
Checking voxel at position: 1, 9, 5
Checking voxel at position: 2, 9, 5
Checking voxel at position: 3, 9, 5
Checking voxel at position: 4, 9, 5
Checking voxel at position: 5, 9, 5
Checking voxel at position: 6, 9, 5
Checking voxel at position: 7, 9, 5
Checking voxel at position: 8, 9, 5
Checking voxel at position: 9, 9, 5
Checking voxel at position: 0, 0, 6
Checking voxel at position: 1, 0, 6
Checking voxel at position: 2, 0, 6
Checking voxel at position: 3, 0, 6
Checking voxel at position: 4, 0, 6
Checking voxel at position: 5, 0, 6
Checking voxel at position: 6, 0, 6
Checking voxel at position: 7, 0, 6
Checking voxel at position: 8, 0, 6
Checking voxel at position: 9, 0, 6
Checking voxel at position: 0, 1, 6
Checking voxel at position: 9, 1, 6
Checking voxel at position: 0, 2, 6
Checking voxel at position: 9, 2, 6
Checking voxel at position: 0, 3, 6
Checking voxel at position: 9, 3, 6
Checking voxel at position: 0, 4, 6
Checking voxel at position: 9, 4, 6
Checking voxel at position: 0, 5, 6
Checking voxel at position: 9, 5, 6
Checking voxel at position: 0, 6, 6
Checking voxel at position: 9, 6, 6
Checking voxel at position: 0, 7, 6
Checking voxel at position: 9, 7, 6
Checking voxel at position: 0, 8, 6
Checking voxel at position: 9, 8, 6
Checking voxel at position: 0, 9, 6
Checking voxel at position: 1, 9, 6
Checking voxel at position: 2, 9, 6
Checking voxel at position: 3, 9, 6
Checking voxel at position: 4, 9, 6
Checking voxel at position: 5, 9, 6
Checking voxel at position: 6, 9, 6
Checking voxel at position: 7, 9, 6
Checking voxel at position: 8, 9, 6
Checking voxel at position: 9, 9, 6
Checking voxel at position: 0, 0, 7
Checking voxel at position: 0, 0, 0
Checking voxel at position: 1, 0, 0
Checking voxel at position: 2, 0, 0
Checking voxel at position: 3, 0, 0
Checking voxel at position: 4, 0, 0
Checking voxel at position: 5, 0, 0
Checking voxel at position: 6, 0, 0
Checking voxel at position: 7, 0, 0
Checking voxel at position: 8, 0, 0
Checking voxel at position: 9, 0, 0
Checking voxel at position: 0, 1, 0
Checking voxel at position: 1, 1, 0
Checking voxel at position: 2, 1, 0
Checking voxel at position: 3, 1, 0
Checking voxel at position: 4, 1, 0
Checking voxel at position: 5, 1, 0
Checking voxel at position: 6, 1, 0
Checking voxel at position: 7, 1, 0
Checking voxel at position: 8, 1, 0
Checking voxel at position: 9, 1, 0
Checking voxel at position: 0, 2, 0
Checking voxel at position: 1, 2, 0
Checking voxel at position: 2, 2, 0
Checking voxel at position: 3, 2, 0
Checking voxel at position: 4, 2, 0
Checking voxel at position: 5, 2, 0
Checking voxel at position: 6, 2, 0
Checking voxel at position: 7, 2, 0
Checking voxel at position: 8, 2, 0
Checking voxel at position: 9, 2, 0
Checking voxel at position: 0, 3, 0
Checking voxel at position: 1, 3, 0
Checking voxel at position: 2, 3, 0
Checking voxel at position: 3, 3, 0
Checking voxel at position: 4, 3, 0
Checking voxel at position: 5, 3, 0
Checking voxel at position: 6, 3, 0
Checking voxel at position: 7, 3, 0
Checking voxel at position: 8, 3, 0
Checking voxel at position: 9, 3, 0
Checking voxel at position: 0, 4, 0
Checking voxel at position: 1, 4, 0
Checking voxel at position: 2, 4, 0
Checking voxel at position: 3, 4, 0
Checking voxel at position: 4, 4, 0
Checking voxel at position: 5, 4, 0
Checking voxel at position: 6, 4, 0
Checking voxel at position: 7, 4, 0
Checking voxel at position: 8, 4, 0
Checking voxel at position: 9, 4, 0
Checking voxel at position: 0, 5, 0
Checking voxel at position: 1, 5, 0
Checking voxel at position: 2, 5, 0
Checking voxel at position: 3, 5, 0
Checking voxel at position: 4, 5, 0
Checking voxel at position: 5, 5, 0
Checking voxel at position: 6, 5, 0
Checking voxel at position: 7, 5, 0
Checking voxel at position: 8, 5, 0
Checking voxel at position: 9, 5, 0
Checking voxel at position: 0, 6, 0
Checking voxel at position: 1, 6, 0
Checking voxel at position: 2, 6, 0
Checking voxel at position: 3, 6, 0
Checking voxel at position: 4, 6, 0
Checking voxel at position: 5, 6, 0
Checking voxel at position: 6, 6, 0
Checking voxel at position: 7, 6, 0
Checking voxel at position: 8, 6, 0
Checking voxel at position: 9, 6, 0
Checking voxel at position: 0, 7, 0
Checking voxel at position: 1, 7, 0
Checking voxel at position: 2, 7, 0
Checking voxel at position: 3, 7, 0
Checking voxel at position: 4, 7, 0
Checking voxel at position: 5, 7, 0
Checking voxel at position: 6, 7, 0
Checking voxel at position: 7, 7, 0
Checking voxel at position: 8, 7, 0
Checking voxel at position: 9, 7, 0
Checking voxel at position: 0, 8, 0
Checking voxel at position: 1, 8, 0
Checking voxel at position: 2, 8, 0
Checking voxel at position: 3, 8, 0
Checking voxel at position: 4, 8, 0
Checking voxel at position: 5, 8, 0
Checking voxel at position: 6, 8, 0
Checking voxel at position: 7, 8, 0
Checking voxel at position: 8, 8, 0
Checking voxel at position: 9, 8, 0
Checking voxel at position: 0, 9, 0
Checking voxel at position: 1, 9, 0
Checking voxel at position: 2, 9, 0
Checking voxel at position: 3, 9, 0
Checking voxel at position: 4, 9, 0
Checking voxel at position: 5, 9, 0
Checking voxel at position: 6, 9, 0
Checking voxel at position: 7, 9, 0
Checking voxel at position: 8, 9, 0
Checking voxel at position: 9, 9, 0
Checking voxel at position: 0, 0, 1
Checking voxel at position: 1, 0, 1
Checking voxel at position: 2, 0, 1
Checking voxel at position: 3, 0, 1
Checking voxel at position: 4, 0, 1
Checking voxel at position: 5, 0, 1
Checking voxel at position: 6, 0, 1
Checking voxel at position: 7, 0, 1
Checking voxel at position: 8, 0, 1
Checking voxel at position: 9, 0, 1
Checking voxel at position: 0, 1, 1
Checking voxel at position: 9, 1, 1
Checking voxel at position: 0, 2, 1
Checking voxel at position: 9, 2, 1
Checking voxel at position: 0, 3, 1
Checking voxel at position: 9, 3, 1
Checking voxel at position: 0, 4, 1
Checking voxel at position: 9, 4, 1
Checking voxel at position: 0, 5, 1
Checking voxel at position: 9, 5, 1
Checking voxel at position: 0, 6, 1
Checking voxel at position: 9, 6, 1
Checking voxel at position: 0, 7, 1
Checking voxel at position: 9, 7, 1
Checking voxel at position: 0, 8, 1
Checking voxel at position: 9, 8, 1
Checking voxel at position: 0, 9, 1
Checking voxel at position: 1, 9, 1
Checking voxel at position: 2, 9, 1
Checking voxel at position: 3, 9, 1
Checking voxel at position: 4, 9, 1
Checking voxel at position: 5, 9, 1
Checking voxel at position: 6, 9, 1
Checking voxel at position: 7, 9, 1
Checking voxel at position: 8, 9, 1
Checking voxel at position: 9, 9, 1
Checking voxel at position: 0, 0, 2
Checking voxel at position: 1, 0, 2
Checking voxel at position: 2, 0, 2
Checking voxel at position: 3, 0, 2
Checking voxel at position: 4, 0, 2
Checking voxel at position: 5, 0, 2
Checking voxel at position: 6, 0, 2
Checking voxel at position: 7, 0, 2
Checking voxel at position: 8, 0, 2
Checking voxel at position: 9, 0, 2
Checking voxel at position: 0, 1, 2
Checking voxel at position: 9, 1, 2
Checking voxel at position: 0, 2, 2
Checking voxel at position: 9, 2, 2
Checking voxel at position: 0, 3, 2
Checking voxel at position: 9, 3, 2
Checking voxel at position: 0, 4, 2
Checking voxel at position: 9, 4, 2
Checking voxel at position: 0, 5, 2
Checking voxel at position: 9, 5, 2
Checking voxel at position: 0, 6, 2
Checking voxel at position: 9, 6, 2
Checking voxel at position: 0, 7, 2
Checking voxel at position: 9, 7, 2
Checking voxel at position: 0, 8, 2
Checking voxel at position: 9, 8, 2
Checking voxel at position: 0, 9, 2
Checking voxel at position: 1, 9, 2
Checking voxel at position: 2, 9, 2
Checking voxel at position: 3, 9, 2
Checking voxel at position: 4, 9, 2
Checking voxel at position: 5, 9, 2
Checking voxel at position: 6, 9, 2
Checking voxel at position: 7, 9, 2
Checking voxel at position: 8, 9, 2
Checking voxel at position: 9, 9, 2
Checking voxel at position: 0, 0, 3
Checking voxel at position: 1, 0, 3
Checking voxel at position: 2, 0, 3
Checking voxel at position: 3, 0, 3
Checking voxel at position: 4, 0, 3
Checking voxel at position: 5, 0, 3
Checking voxel at position: 6, 0, 3
Checking voxel at position: 7, 0, 3
Checking voxel at position: 8, 0, 3
Checking voxel at position: 9, 0, 3
Checking voxel at position: 0, 1, 3
Checking voxel at position: 9, 1, 3
Checking voxel at position: 0, 2, 3
Checking voxel at position: 9, 2, 3
Checking voxel at position: 0, 3, 3
Checking voxel at position: 9, 3, 3
Checking voxel at position: 0, 4, 3
Checking voxel at position: 9, 4, 3
Checking voxel at position: 0, 5, 3
Checking voxel at position: 9, 5, 3
Checking voxel at position: 0, 6, 3
Checking voxel at position: 9, 6, 3
Checking voxel at position: 0, 7, 3
Checking voxel at position: 9, 7, 3
Checking voxel at position: 0, 8, 3
Checking voxel at position: 9, 8, 3
Checking voxel at position: 0, 9, 3
Checking voxel at position: 1, 9, 3
Checking voxel at position: 2, 9, 3
Checking voxel at position: 3, 9, 3
Checking voxel at position: 4, 9, 3
Checking voxel at position: 5, 9, 3
Checking voxel at position: 6, 9, 3
Checking voxel at position: 7, 9, 3
Checking voxel at position: 8, 9, 3
Checking voxel at position: 9, 9, 3
Checking voxel at position: 0, 0, 4
Checking voxel at position: 1, 0, 4
Checking voxel at position: 2, 0, 4
Checking voxel at position: 3, 0, 4
Checking voxel at position: 4, 0, 4
Checking voxel at position: 5, 0, 4
Checking voxel at position: 6, 0, 4
Checking voxel at position: 7, 0, 4
Checking voxel at position: 8, 0, 4
Checking voxel at position: 9, 0, 4
Checking voxel at position: 0, 1, 4
Checking voxel at position: 9, 1, 4
Checking voxel at position: 0, 2, 4
Checking voxel at position: 9, 2, 4
Checking voxel at position: 0, 3, 4
Checking voxel at position: 9, 3, 4
Checking voxel at position: 0, 4, 4
Checking voxel at position: 9, 4, 4
Checking voxel at position: 0, 5, 4
Checking voxel at position: 9, 5, 4
Checking voxel at position: 0, 6, 4
Checking voxel at position: 9, 6, 4
Checking voxel at position: 0, 7, 4
Checking voxel at position: 9, 7, 4
Checking voxel at position: 0, 8, 4
Checking voxel at position: 9, 8, 4
Checking voxel at position: 0, 9, 4
Checking voxel at position: 1, 9, 4
Checking voxel at position: 2, 9, 4
Checking voxel at position: 3, 9, 4
Checking voxel at position: 4, 9, 4
Checking voxel at position: 5, 9, 4
Checking voxel at position: 6, 9, 4
Checking voxel at position: 7, 9, 4
Checking voxel at position: 8, 9, 4
Checking voxel at position: 9, 9, 4
Checking voxel at position: 0, 0, 5
Checking voxel at position: 1, 0, 5
Checking voxel at position: 2, 0, 5
Checking voxel at position: 3, 0, 5
Checking voxel at position: 4, 0, 5
Checking voxel at position: 5, 0, 5
Checking voxel at position: 6, 0, 5
Checking voxel at position: 7, 0, 5
Checking voxel at position: 8, 0, 5
Checking voxel at position: 9, 0, 5
Checking voxel at position: 0, 1, 5
Checking voxel at position: 9, 1, 5
Checking voxel at position: 0, 2, 5
Checking voxel at position: 9, 2, 5
Checking voxel at position: 0, 3, 5
Checking voxel at position: 9, 3, 5
Checking voxel at position: 0, 4, 5
Checking voxel at position: 9, 4, 5
Checking voxel at position: 0, 5, 5
Checking voxel at position: 9, 5, 5
Checking voxel at position: 0, 6, 5
Checking voxel at position: 9, 6, 5
Checking voxel at position: 0, 7, 5
Checking voxel at position: 9, 7, 5
Checking voxel at position: 0, 8, 5
Checking voxel at position: 9, 8, 5
Checking voxel at position: 0, 9, 5
Checking voxel at position: 1, 9, 5
Checking voxel at position: 2, 9, 5
Checking voxel at position: 3, 9, 5
Checking voxel at position: 4, 9, 5
Checking voxel at position: 5, 9, 5
Checking voxel at position: 6, 9, 5
Checking voxel at position: 7, 9, 5
Checking voxel at position: 8, 9, 5
Checking voxel at position: 9, 9, 5
Checking voxel at position: 0, 0, 6
Checking voxel at position: 1, 0, 6
Checking voxel at position: 2, 0, 6
Checking voxel at position: 3, 0, 6
Checking voxel at position: 4, 0, 6
Checking voxel at position: 5, 0, 6
Checking voxel at position: 6, 0, 6
Checking voxel at position: 7, 0, 6
Checking voxel at position: 8, 0, 6
Checking voxel at position: 9, 0, 6
Checking voxel at position: 0, 1, 6
Checking voxel at position: 9, 1, 6
Checking voxel at position: 0, 2, 6
Checking voxel at position: 9, 2, 6
Checking voxel at position: 0, 3, 6
Checking voxel at position: 9, 3, 6
Checking voxel at position: 0, 4, 6
Checking voxel at position: 9, 4, 6
Checking voxel at position: 0, 5, 6
Checking voxel at position: 9, 5, 6
Checking voxel at position: 0, 6, 6
Checking voxel at position: 9, 6, 6
Checking voxel at position: 0, 7, 6
Checking voxel at position: 9, 7, 6
Checking voxel at position: 0, 8, 6
Checking voxel at position: 9, 8, 6
Checking voxel at position: 0, 9, 6
Checking voxel at position: 1, 9, 6
Checking voxel at position: 2, 9, 6
Checking voxel at position: 3, 9, 6
Checking voxel at position: 4, 9, 6
Checking voxel at position: 5, 9, 6
Checking voxel at position: 6, 9, 6
Checking voxel at position: 7, 9, 6
Checking voxel at position: 8, 9, 6
Checking voxel at position: 9, 9, 6
Checking voxel at position: 0, 0, 7
Checking voxel at position: 1, 0, 7
Checking voxel at position: 2, 0, 7
Checking voxel at position: 3, 0, 7
Checking voxel at position: 4, 0, 7
Checking voxel at position: 5, 0, 7
Checking voxel at position: 6, 0, 7
Checking voxel at position: 7, 0, 7
Checking voxel at position: 8, 0, 7
Checking voxel at position: 9, 0, 7
Checking voxel at position: 0, 1, 7
Checking voxel at position: 9, 1, 7
Checking voxel at position: 0, 2, 7
Checking voxel at position: 9, 2, 7
Checking voxel at position: 0, 3, 7
Checking voxel at position: 9, 3, 7
Checking voxel at position: 0, 4, 7
Checking voxel at position: 9, 4, 7
Checking voxel at position: 0, 5, 7
Checking voxel at position: 9, 5, 7
Checking voxel at position: 0, 6, 7
Checking voxel at position: 9, 6, 7
Checking voxel at position: 0, 7, 7
Checking voxel at position: 9, 7, 7
Checking voxel at position: 0, 8, 7
Checking voxel at position: 9, 8, 7
Checking voxel at position: 0, 9, 7
Checking voxel at position: 1, 9, 7
Checking voxel at position: 2, 9, 7
Checking voxel at position: 3, 9, 7
Checking voxel at position: 4, 9, 7
Checking voxel at position: 5, 9, 7
Checking voxel at position: 6, 9, 7
Checking voxel at position: 7, 9, 7
Checking voxel at position: 8, 9, 7
Checking voxel at position: 9, 9, 7
Checking voxel at position: 0, 0, 8
Checking voxel at position: 0, 0, 0
Checking voxel at position: 1, 0, 0
Checking voxel at position: 2, 0, 0
Checking voxel at position: 3, 0, 0
Checking voxel at position: 4, 0, 0
Checking voxel at position: 5, 0, 0
Checking voxel at position: 6, 0, 0
Checking voxel at position: 7, 0, 0
Checking voxel at position: 8, 0, 0
Checking voxel at position: 9, 0, 0
Checking voxel at position: 0, 1, 0
Checking voxel at position: 1, 1, 0
Checking voxel at position: 2, 1, 0
Checking voxel at position: 3, 1, 0
Checking voxel at position: 4, 1, 0
Checking voxel at position: 5, 1, 0
Checking voxel at position: 6, 1, 0
Checking voxel at position: 7, 1, 0
Checking voxel at position: 8, 1, 0
Checking voxel at position: 9, 1, 0
Checking voxel at position: 0, 2, 0
Checking voxel at position: 1, 2, 0
Checking voxel at position: 2, 2, 0
Checking voxel at position: 3, 2, 0
Checking voxel at position: 4, 2, 0
Checking voxel at position: 5, 2, 0
Checking voxel at position: 6, 2, 0
Checking voxel at position: 7, 2, 0
Checking voxel at position: 8, 2, 0
Checking voxel at position: 9, 2, 0
Checking voxel at position: 0, 3, 0
Checking voxel at position: 1, 3, 0
Checking voxel at position: 2, 3, 0
Checking voxel at position: 3, 3, 0
Checking voxel at position: 4, 3, 0
Checking voxel at position: 5, 3, 0
Checking voxel at position: 6, 3, 0
Checking voxel at position: 7, 3, 0
Checking voxel at position: 8, 3, 0
Checking voxel at position: 9, 3, 0
Checking voxel at position: 0, 4, 0
Checking voxel at position: 1, 4, 0
Checking voxel at position: 2, 4, 0
Checking voxel at position: 3, 4, 0
Checking voxel at position: 4, 4, 0
Checking voxel at position: 5, 4, 0
Checking voxel at position: 6, 4, 0
Checking voxel at position: 7, 4, 0
Checking voxel at position: 8, 4, 0
Checking voxel at position: 9, 4, 0
Checking voxel at position: 0, 5, 0
Checking voxel at position: 1, 5, 0
Checking voxel at position: 2, 5, 0
Checking voxel at position: 3, 5, 0
Checking voxel at position: 4, 5, 0
Checking voxel at position: 5, 5, 0
Checking voxel at position: 6, 5, 0
Checking voxel at position: 7, 5, 0
Checking voxel at position: 8, 5, 0
Checking voxel at position: 9, 5, 0
Checking voxel at position: 0, 6, 0
Checking voxel at position: 1, 6, 0
Checking voxel at position: 2, 6, 0
Checking voxel at position: 3, 6, 0
Checking voxel at position: 4, 6, 0
Checking voxel at position: 5, 6, 0
Checking voxel at position: 6, 6, 0
Checking voxel at position: 7, 6, 0
Checking voxel at position: 8, 6, 0
Checking voxel at position: 9, 6, 0
Checking voxel at position: 0, 7, 0
Checking voxel at position: 1, 7, 0
Checking voxel at position: 2, 7, 0
Checking voxel at position: 3, 7, 0
Checking voxel at position: 4, 7, 0
Checking voxel at position: 5, 7, 0
Checking voxel at position: 6, 7, 0
Checking voxel at position: 7, 7, 0
Checking voxel at position: 8, 7, 0
Checking voxel at position: 9, 7, 0
Checking voxel at position: 0, 8, 0
Checking voxel at position: 1, 8, 0
Checking voxel at position: 2, 8, 0
Checking voxel at position: 3, 8, 0
Checking voxel at position: 4, 8, 0
Checking voxel at position: 5, 8, 0
Checking voxel at position: 6, 8, 0
Checking voxel at position: 7, 8, 0
Checking voxel at position: 8, 8, 0
Checking voxel at position: 9, 8, 0
Checking voxel at position: 0, 9, 0
Checking voxel at position: 1, 9, 0
Checking voxel at position: 2, 9, 0
Checking voxel at position: 3, 9, 0
Checking voxel at position: 4, 9, 0
Checking voxel at position: 5, 9, 0
Checking voxel at position: 6, 9, 0
Checking voxel at position: 7, 9, 0
Checking voxel at position: 8, 9, 0
Checking voxel at position: 9, 9, 0
Checking voxel at position: 0, 0, 1
Checking voxel at position: 1, 0, 1
Checking voxel at position: 2, 0, 1
Checking voxel at position: 3, 0, 1
Checking voxel at position: 4, 0, 1
Checking voxel at position: 5, 0, 1
Checking voxel at position: 6, 0, 1
Checking voxel at position: 7, 0, 1
Checking voxel at position: 8, 0, 1
Checking voxel at position: 9, 0, 1
Checking voxel at position: 0, 1, 1
Checking voxel at position: 9, 1, 1
Checking voxel at position: 0, 2, 1
Checking voxel at position: 9, 2, 1
Checking voxel at position: 0, 3, 1
Checking voxel at position: 9, 3, 1
Checking voxel at position: 0, 4, 1
Checking voxel at position: 9, 4, 1
Checking voxel at position: 0, 5, 1
Checking voxel at position: 9, 5, 1
Checking voxel at position: 0, 6, 1
Checking voxel at position: 9, 6, 1
Checking voxel at position: 0, 7, 1
Checking voxel at position: 9, 7, 1
Checking voxel at position: 0, 8, 1
Checking voxel at position: 9, 8, 1
Checking voxel at position: 0, 9, 1
Checking voxel at position: 1, 9, 1
Checking voxel at position: 2, 9, 1
Checking voxel at position: 3, 9, 1
Checking voxel at position: 4, 9, 1
Checking voxel at position: 5, 9, 1
Checking voxel at position: 6, 9, 1
Checking voxel at position: 7, 9, 1
Checking voxel at position: 8, 9, 1
Checking voxel at position: 9, 9, 1
Checking voxel at position: 0, 0, 2
Checking voxel at position: 1, 0, 2
Checking voxel at position: 2, 0, 2
Checking voxel at position: 3, 0, 2
Checking voxel at position: 4, 0, 2
Checking voxel at position: 5, 0, 2
Checking voxel at position: 6, 0, 2
Checking voxel at position: 7, 0, 2
Checking voxel at position: 8, 0, 2
Checking voxel at position: 9, 0, 2
Checking voxel at position: 0, 1, 2
Checking voxel at position: 9, 1, 2
Checking voxel at position: 0, 2, 2
Checking voxel at position: 9, 2, 2
Checking voxel at position: 0, 3, 2
Checking voxel at position: 9, 3, 2
Checking voxel at position: 0, 4, 2
Checking voxel at position: 9, 4, 2
Checking voxel at position: 0, 5, 2
Checking voxel at position: 9, 5, 2
Checking voxel at position: 0, 6, 2
Checking voxel at position: 9, 6, 2
Checking voxel at position: 0, 7, 2
Checking voxel at position: 9, 7, 2
Checking voxel at position: 0, 8, 2
Checking voxel at position: 9, 8, 2
Checking voxel at position: 0, 9, 2
Checking voxel at position: 1, 9, 2
Checking voxel at position: 2, 9, 2
Checking voxel at position: 3, 9, 2
Checking voxel at position: 4, 9, 2
Checking voxel at position: 5, 9, 2
Checking voxel at position: 6, 9, 2
Checking voxel at position: 7, 9, 2
Checking voxel at position: 8, 9, 2
Checking voxel at position: 9, 9, 2
Checking voxel at position: 0, 0, 3
Checking voxel at position: 1, 0, 3
Checking voxel at position: 2, 0, 3
Checking voxel at position: 3, 0, 3
Checking voxel at position: 4, 0, 3
Checking voxel at position: 5, 0, 3
Checking voxel at position: 6, 0, 3
Checking voxel at position: 7, 0, 3
Checking voxel at position: 8, 0, 3
Checking voxel at position: 9, 0, 3
Checking voxel at position: 0, 1, 3
Checking voxel at position: 9, 1, 3
Checking voxel at position: 0, 2, 3
Checking voxel at position: 9, 2, 3
Checking voxel at position: 0, 3, 3
Checking voxel at position: 9, 3, 3
Checking voxel at position: 0, 4, 3
Checking voxel at position: 9, 4, 3
Checking voxel at position: 0, 5, 3
Checking voxel at position: 9, 5, 3
Checking voxel at position: 0, 6, 3
Checking voxel at position: 9, 6, 3
Checking voxel at position: 0, 7, 3
Checking voxel at position: 9, 7, 3
Checking voxel at position: 0, 8, 3
Checking voxel at position: 9, 8, 3
Checking voxel at position: 0, 9, 3
Checking voxel at position: 1, 9, 3
Checking voxel at position: 2, 9, 3
Checking voxel at position: 3, 9, 3
Checking voxel at position: 4, 9, 3
Checking voxel at position: 5, 9, 3
Checking voxel at position: 6, 9, 3
Checking voxel at position: 7, 9, 3
Checking voxel at position: 8, 9, 3
Checking voxel at position: 9, 9, 3
Checking voxel at position: 0, 0, 4
Checking voxel at position: 1, 0, 4
Checking voxel at position: 2, 0, 4
Checking voxel at position: 3, 0, 4
Checking voxel at position: 4, 0, 4
Checking voxel at position: 5, 0, 4
Checking voxel at position: 6, 0, 4
Checking voxel at position: 7, 0, 4
Checking voxel at position: 8, 0, 4
Checking voxel at position: 9, 0, 4
Checking voxel at position: 0, 1, 4
Checking voxel at position: 9, 1, 4
Checking voxel at position: 0, 2, 4
Checking voxel at position: 9, 2, 4
Checking voxel at position: 0, 3, 4
Checking voxel at position: 9, 3, 4
Checking voxel at position: 0, 4, 4
Checking voxel at position: 9, 4, 4
Checking voxel at position: 0, 5, 4
Checking voxel at position: 9, 5, 4
Checking voxel at position: 0, 6, 4
Checking voxel at position: 9, 6, 4
Checking voxel at position: 0, 7, 4
Checking voxel at position: 9, 7, 4
Checking voxel at position: 0, 8, 4
Checking voxel at position: 9, 8, 4
Checking voxel at position: 0, 9, 4
Checking voxel at position: 1, 9, 4
Checking voxel at position: 2, 9, 4
Checking voxel at position: 3, 9, 4
Checking voxel at position: 4, 9, 4
Checking voxel at position: 5, 9, 4
Checking voxel at position: 6, 9, 4
Checking voxel at position: 7, 9, 4
Checking voxel at position: 8, 9, 4
Checking voxel at position: 9, 9, 4
Checking voxel at position: 0, 0, 5
Checking voxel at position: 1, 0, 5
Checking voxel at position: 2, 0, 5
Checking voxel at position: 3, 0, 5
Checking voxel at position: 4, 0, 5
Checking voxel at position: 5, 0, 5
Checking voxel at position: 6, 0, 5
Checking voxel at position: 7, 0, 5
Checking voxel at position: 8, 0, 5
Checking voxel at position: 9, 0, 5
Checking voxel at position: 0, 1, 5
Checking voxel at position: 9, 1, 5
Checking voxel at position: 0, 2, 5
Checking voxel at position: 9, 2, 5
Checking voxel at position: 0, 3, 5
Checking voxel at position: 9, 3, 5
Checking voxel at position: 0, 4, 5
Checking voxel at position: 9, 4, 5
Checking voxel at position: 0, 5, 5
Checking voxel at position: 9, 5, 5
Checking voxel at position: 0, 6, 5
Checking voxel at position: 9, 6, 5
Checking voxel at position: 0, 7, 5
Checking voxel at position: 9, 7, 5
Checking voxel at position: 0, 8, 5
Checking voxel at position: 9, 8, 5
Checking voxel at position: 0, 9, 5
Checking voxel at position: 1, 9, 5
Checking voxel at position: 2, 9, 5
Checking voxel at position: 3, 9, 5
Checking voxel at position: 4, 9, 5
Checking voxel at position: 5, 9, 5
Checking voxel at position: 6, 9, 5
Checking voxel at position: 7, 9, 5
Checking voxel at position: 8, 9, 5
Checking voxel at position: 9, 9, 5
Checking voxel at position: 0, 0, 6
Checking voxel at position: 1, 0, 6
Checking voxel at position: 2, 0, 6
Checking voxel at position: 3, 0, 6
Checking voxel at position: 4, 0, 6
Checking voxel at position: 5, 0, 6
Checking voxel at position: 6, 0, 6
Checking voxel at position: 7, 0, 6
Checking voxel at position: 8, 0, 6
Checking voxel at position: 9, 0, 6
Checking voxel at position: 0, 1, 6
Checking voxel at position: 9, 1, 6
Checking voxel at position: 0, 2, 6
Checking voxel at position: 9, 2, 6
Checking voxel at position: 0, 3, 6
Checking voxel at position: 9, 3, 6
Checking voxel at position: 0, 4, 6
Checking voxel at position: 9, 4, 6
Checking voxel at position: 0, 5, 6
Checking voxel at position: 9, 5, 6
Checking voxel at position: 0, 6, 6
Checking voxel at position: 9, 6, 6
Checking voxel at position: 0, 7, 6
Checking voxel at position: 9, 7, 6
Checking voxel at position: 0, 8, 6
Checking voxel at position: 9, 8, 6
Checking voxel at position: 0, 9, 6
Checking voxel at position: 1, 9, 6
Checking voxel at position: 2, 9, 6
Checking voxel at position: 3, 9, 6
Checking voxel at position: 4, 9, 6
Checking voxel at position: 5, 9, 6
Checking voxel at position: 6, 9, 6
Checking voxel at position: 7, 9, 6
Checking voxel at position: 8, 9, 6
Checking voxel at position: 9, 9, 6
Checking voxel at position: 0, 0, 7
Checking voxel at position: 1, 0, 7
Checking voxel at position: 2, 0, 7
Checking voxel at position: 3, 0, 7
Checking voxel at position: 4, 0, 7
Checking voxel at position: 5, 0, 7
Checking voxel at position: 6, 0, 7
Checking voxel at position: 7, 0, 7
[...]
Checking voxel at position: 9, 6, 7
Checking voxel at position: 0, 7, 7
Checking voxel at position: 9, 7, 7
Checking voxel at position: 0, 8, 7
Checking voxel at position: 9, 8, 7
Checking voxel at position: 0, 9, 7
Checking voxel at position: 1, 9, 7
Checking voxel at position: 2, 9, 7
Checking voxel at position: 3, 9, 7
Checking voxel at position: 4, 9, 7
Checking voxel at position: 5, 9, 7
Checking voxel at position: 6, 9, 7
Checking voxel at position: 7, 9, 7
Checking voxel at position: 8, 9, 7
Checking voxel at position: 9, 9, 7
Checking voxel at position: 0, 0, 8
Checking voxel at position: 1, 0, 8
Checking voxel at position: 2, 0, 8
Checking voxel at position: 3, 0, 8
Checking voxel at position: 4, 0, 8
Checking voxel at position: 5, 0, 8
Checking voxel at position: 6, 0, 8
Checking voxel at position: 7, 0, 8
Checking voxel at position: 8, 0, 8
Checking voxel at position: 9, 0, 8
Checking voxel at position: 0, 1, 8
Checking voxel at position: 9, 1, 8
Checking voxel at position: 0, 2, 8
Checking voxel at position: 9, 2, 8
Checking voxel at position: 0, 3, 8
Checking voxel at position: 9, 3, 8
Checking voxel at position: 0, 4, 8
Checking voxel at position: 9, 4, 8
Checking voxel at position: 0, 5, 8
Checking voxel at position: 9, 5, 8
Checking voxel at position: 0, 6, 8
Checking voxel at position: 9, 6, 8
Checking voxel at position: 0, 7, 8
Checking voxel at position: 9, 7, 8
Checking voxel at position: 0, 8, 8
Checking voxel at position: 9, 8, 8
Checking voxel at position: 0, 9, 8
Checking voxel at position: 1, 9, 8
Checking voxel at position: 2, 9, 8
Checking voxel at position: 3, 9, 8
Checking voxel at position: 4, 9, 8
Checking voxel at position: 5, 9, 8
Checking voxel at position: 6, 9, 8
Checking voxel at position: 7, 9, 8
Checking voxel at position: 8, 9, 8
Checking voxel at position: 9, 9, 8
Checking voxel at position: 0, 0, 0
Checking voxel at position: 1, 0, 0
Checking voxel at position: 2, 0, 0
Checking voxel at position: 3, 0, 0
Checking voxel at position: 4, 0, 0
Checking voxel at position: 5, 0, 0
Checking voxel at position: 6, 0, 0
Checking voxel at position: 7, 0, 0
Checking voxel at position: 8, 0, 0
Checking voxel at position: 9, 0, 0
Checking voxel at position: 0, 1, 0
Checking voxel at position: 1, 1, 0
Checking voxel at position: 2, 1, 0
Checking voxel at position: 3, 1, 0
Checking voxel at position: 4, 1, 0
Checking voxel at position: 5, 1, 0
Checking voxel at position: 6, 1, 0
Checking voxel at position: 7, 1, 0
Checking voxel at position: 8, 1, 0
Checking voxel at position: 9, 1, 0
Checking voxel at position: 0, 2, 0
Checking voxel at position: 1, 2, 0
Checking voxel at position: 2, 2, 0
Checking voxel at position: 3, 2, 0
Checking voxel at position: 4, 2, 0
Checking voxel at position: 5, 2, 0
Checking voxel at position: 6, 2, 0
Checking voxel at position: 7, 2, 0
Checking voxel at position: 8, 2, 0
Checking voxel at position: 9, 2, 0
Checking voxel at position: 0, 3, 0
Checking voxel at position: 1, 3, 0
Checking voxel at position: 2, 3, 0
Checking voxel at position: 3, 3, 0
Checking voxel at position: 4, 3, 0
Checking voxel at position: 5, 3, 0
Checking voxel at position: 6, 3, 0
Checking voxel at position: 7, 3, 0
Checking voxel at position: 8, 3, 0
Checking voxel at position: 9, 3, 0
Checking voxel at position: 0, 4, 0
Checking voxel at position: 1, 4, 0
Checking voxel at position: 2, 4, 0
Checking voxel at position: 3, 4, 0
Checking voxel at position: 4, 4, 0
Checking voxel at position: 5, 4, 0
Checking voxel at position: 6, 4, 0
Checking voxel at position: 7, 4, 0
Checking voxel at position: 8, 4, 0
Checking voxel at position: 9, 4, 0
Checking voxel at position: 0, 5, 0
Checking voxel at position: 1, 5, 0
Checking voxel at position: 2, 5, 0
Checking voxel at position: 3, 5, 0
Checking voxel at position: 4, 5, 0
Checking voxel at position: 5, 5, 0
Checking voxel at position: 6, 5, 0
Checking voxel at position: 7, 5, 0
Checking voxel at position: 8, 5, 0
Checking voxel at position: 9, 5, 0
Checking voxel at position: 0, 6, 0
Checking voxel at position: 1, 6, 0
Checking voxel at position: 2, 6, 0
Checking voxel at position: 3, 6, 0
Checking voxel at position: 4, 6, 0
Checking voxel at position: 5, 6, 0
Checking voxel at position: 6, 6, 0
Checking voxel at position: 7, 6, 0
Checking voxel at position: 8, 6, 0
Checking voxel at position: 9, 6, 0
Checking voxel at position: 0, 7, 0
Checking voxel at position: 1, 7, 0
Checking voxel at position: 2, 7, 0
Checking voxel at position: 3, 7, 0
Checking voxel at position: 4, 7, 0
Checking voxel at position: 5, 7, 0
Checking voxel at position: 6, 7, 0
Checking voxel at position: 7, 7, 0
Checking voxel at position: 8, 7, 0
Checking voxel at position: 9, 7, 0
Checking voxel at position: 0, 8, 0
Checking voxel at position: 1, 8, 0
Checking voxel at position: 2, 8, 0
Checking voxel at position: 3, 8, 0
Checking voxel at position: 4, 8, 0
Checking voxel at position: 5, 8, 0
Checking voxel at position: 6, 8, 0
Checking voxel at position: 7, 8, 0
Checking voxel at position: 8, 8, 0
Checking voxel at position: 9, 8, 0
Checking voxel at position: 0, 9, 0
Checking voxel at position: 1, 9, 0
Checking voxel at position: 2, 9, 0
Checking voxel at position: 3, 9, 0
Checking voxel at position: 4, 9, 0
Checking voxel at position: 5, 9, 0
Checking voxel at position: 6, 9, 0
Checking voxel at position: 7, 9, 0
Checking voxel at position: 8, 9, 0
Checking voxel at position: 9, 9, 0
Checking voxel at position: 0, 0, 1
Checking voxel at position: 1, 0, 1
Checking voxel at position: 2, 0, 1
Checking voxel at position: 3, 0, 1
Checking voxel at position: 4, 0, 1
Checking voxel at position: 5, 0, 1
Checking voxel at position: 6, 0, 1
Checking voxel at position: 7, 0, 1
Checking voxel at position: 8, 0, 1
Checking voxel at position: 9, 0, 1
Checking voxel at position: 0, 1, 1
Checking voxel at position: 9, 1, 1
Checking voxel at position: 0, 2, 1
Checking voxel at position: 9, 2, 1
Checking voxel at position: 0, 3, 1
Checking voxel at position: 9, 3, 1
Checking voxel at position: 0, 4, 1
Checking voxel at position: 9, 4, 1
Checking voxel at position: 0, 5, 1
Checking voxel at position: 9, 5, 1
Checking voxel at position: 0, 6, 1
Checking voxel at position: 9, 6, 1
Checking voxel at position: 0, 7, 1
Checking voxel at position: 9, 7, 1
Checking voxel at position: 0, 8, 1
Checking voxel at position: 9, 8, 1
Checking voxel at position: 0, 9, 1
Checking voxel at position: 1, 9, 1
Checking voxel at position: 2, 9, 1
Checking voxel at position: 3, 9, 1
Checking voxel at position: 4, 9, 1
Checking voxel at position: 5, 9, 1
Checking voxel at position: 6, 9, 1
Checking voxel at position: 7, 9, 1
Checking voxel at position: 8, 9, 1
Checking voxel at position: 9, 9, 1
Checking voxel at position: 0, 0, 2
Checking voxel at position: 1, 0, 2
Checking voxel at position: 2, 0, 2
Checking voxel at position: 3, 0, 2
Checking voxel at position: 4, 0, 2
Checking voxel at position: 5, 0, 2
Checking voxel at position: 6, 0, 2
Checking voxel at position: 7, 0, 2
Checking voxel at position: 8, 0, 2
Checking voxel at position: 9, 0, 2
Checking voxel at position: 0, 1, 2
Checking voxel at position: 9, 1, 2
Checking voxel at position: 0, 2, 2
Checking voxel at position: 9, 2, 2
Checking voxel at position: 0, 3, 2
Checking voxel at position: 9, 3, 2
Checking voxel at position: 0, 4, 2
Checking voxel at position: 9, 4, 2
Checking voxel at position: 0, 5, 2
Checking voxel at position: 9, 5, 2
Checking voxel at position: 0, 6, 2
Checking voxel at position: 9, 6, 2
Checking voxel at position: 0, 7, 2
Checking voxel at position: 9, 7, 2
Checking voxel at position: 0, 8, 2
Checking voxel at position: 9, 8, 2
Checking voxel at position: 0, 9, 2
Checking voxel at position: 1, 9, 2
Checking voxel at position: 2, 9, 2
Checking voxel at position: 3, 9, 2
Checking voxel at position: 4, 9, 2
Checking voxel at position: 5, 9, 2
Checking voxel at position: 6, 9, 2
Checking voxel at position: 7, 9, 2
Checking voxel at position: 8, 9, 2
Checking voxel at position: 9, 9, 2
Checking voxel at position: 0, 0, 3
Checking voxel at position: 1, 0, 3
Checking voxel at position: 2, 0, 3
Checking voxel at position: 3, 0, 3
Checking voxel at position: 4, 0, 3
Checking voxel at position: 5, 0, 3
Checking voxel at position: 6, 0, 3
Checking voxel at position: 7, 0, 3
Checking voxel at position: 8, 0, 3
Checking voxel at position: 9, 0, 3
Checking voxel at position: 0, 1, 3
Checking voxel at position: 9, 1, 3
Checking voxel at position: 0, 2, 3
Checking voxel at position: 9, 2, 3
Checking voxel at position: 0, 3, 3
Checking voxel at position: 9, 3, 3
Checking voxel at position: 0, 4, 3
Checking voxel at position: 9, 4, 3
Checking voxel at position: 0, 5, 3
Checking voxel at position: 9, 5, 3
Checking voxel at position: 0, 6, 3
Checking voxel at position: 9, 6, 3
Checking voxel at position: 0, 7, 3
Checking voxel at position: 9, 7, 3
Checking voxel at position: 0, 8, 3
Checking voxel at position: 9, 8, 3
Checking voxel at position: 0, 9, 3
Checking voxel at position: 1, 9, 3
Checking voxel at position: 2, 9, 3
Checking voxel at position: 3, 9, 3
Checking voxel at position: 4, 9, 3
Checking voxel at position: 5, 9, 3
Checking voxel at position: 6, 9, 3
Checking voxel at position: 7, 9, 3
Checking voxel at position: 8, 9, 3
Checking voxel at position: 9, 9, 3
Checking voxel at position: 0, 0, 4
Checking voxel at position: 1, 0, 4
Checking voxel at position: 2, 0, 4
Checking voxel at position: 3, 0, 4
Checking voxel at position: 4, 0, 4
Checking voxel at position: 5, 0, 4
Checking voxel at position: 6, 0, 4
Checking voxel at position: 7, 0, 4
Checking voxel at position: 8, 0, 4
Checking voxel at position: 9, 0, 4
Checking voxel at position: 0, 1, 4
Checking voxel at position: 9, 1, 4
Checking voxel at position: 0, 2, 4
Checking voxel at position: 9, 2, 4
Checking voxel at position: 0, 3, 4
Checking voxel at position: 9, 3, 4
Checking voxel at position: 0, 4, 4
Checking voxel at position: 9, 4, 4
Checking voxel at position: 0, 5, 4
Checking voxel at position: 9, 5, 4
Checking voxel at position: 0, 6, 4
Checking voxel at position: 9, 6, 4
Checking voxel at position: 0, 7, 4
Checking voxel at position: 9, 7, 4
Checking voxel at position: 0, 8, 4
Checking voxel at position: 9, 8, 4
Checking voxel at position: 0, 9, 4
Checking voxel at position: 1, 9, 4
Checking voxel at position: 2, 9, 4
Checking voxel at position: 3, 9, 4
Checking voxel at position: 4, 9, 4
Checking voxel at position: 5, 9, 4
Checking voxel at position: 6, 9, 4
Checking voxel at position: 7, 9, 4
Checking voxel at position: 8, 9, 4
Checking voxel at position: 9, 9, 4
Checking voxel at position: 0, 0, 5
Checking voxel at position: 1, 0, 5
Checking voxel at position: 2, 0, 5
Checking voxel at position: 3, 0, 5
Checking voxel at position: 4, 0, 5
Checking voxel at position: 5, 0, 5
Checking voxel at position: 6, 0, 5
Checking voxel at position: 7, 0, 5
Checking voxel at position: 8, 0, 5
Checking voxel at position: 9, 0, 5
Checking voxel at position: 0, 1, 5
Checking voxel at position: 9, 1, 5
Checking voxel at position: 0, 2, 5
Checking voxel at position: 9, 2, 5
Checking voxel at position: 0, 3, 5
Checking voxel at position: 9, 3, 5
Checking voxel at position: 0, 4, 5
Checking voxel at position: 9, 4, 5
Checking voxel at position: 0, 5, 5
Checking voxel at position: 9, 5, 5
Checking voxel at position: 0, 6, 5
Checking voxel at position: 9, 6, 5
Checking voxel at position: 0, 7, 5
Checking voxel at position: 9, 7, 5
Checking voxel at position: 0, 8, 5
Checking voxel at position: 9, 8, 5
Checking voxel at position: 0, 9, 5
Checking voxel at position: 1, 9, 5
Checking voxel at position: 2, 9, 5
Checking voxel at position: 3, 9, 5
Checking voxel at position: 4, 9, 5
Checking voxel at position: 5, 9, 5
Checking voxel at position: 6, 9, 5
Checking voxel at position: 7, 9, 5
Checking voxel at position: 8, 9, 5
Checking voxel at position: 9, 9, 5
Checking voxel at position: 0, 0, 6
Checking voxel at position: 1, 0, 6
Checking voxel at position: 2, 0, 6
Checking voxel at position: 3, 0, 6
Checking voxel at position: 4, 0, 6
Checking voxel at position: 5, 0, 6
Checking voxel at position: 6, 0, 6
Checking voxel at position: 7, 0, 6
Checking voxel at position: 8, 0, 6
Checking voxel at position: 9, 0, 6
Checking voxel at position: 0, 1, 6
Checking voxel at position: 9, 1, 6
Checking voxel at position: 0, 2, 6
Checking voxel at position: 9, 2, 6
Checking voxel at position: 0, 3, 6
Checking voxel at position: 9, 3, 6
Checking voxel at position: 0, 4, 6
Checking voxel at position: 9, 4, 6
Checking voxel at position: 0, 5, 6
Checking voxel at position: 9, 5, 6
Checking voxel at position: 0, 6, 6
Checking voxel at position: 9, 6, 6
Checking voxel at position: 0, 7, 6
Checking voxel at position: 9, 7, 6
Checking voxel at position: 0, 8, 6
Checking voxel at position: 9, 8, 6
Checking voxel at position: 0, 9, 6
Checking voxel at position: 1, 9, 6
Checking voxel at position: 2, 9, 6
Checking voxel at position: 3, 9, 6
Checking voxel at position: 4, 9, 6
Checking voxel at position: 5, 9, 6
Checking voxel at position: 6, 9, 6
Checking voxel at position: 7, 9, 6
Checking voxel at position: 8, 9, 6
Checking voxel at position: 9, 9, 6
Checking voxel at position: 0, 0, 7
Checking voxel at position: 1, 0, 7
Checking voxel at position: 2, 0, 7
Checking voxel at position: 3, 0, 7
Checking voxel at position: 4, 0, 7
Checking voxel at position: 5, 0, 7
Checking voxel at position: 6, 0, 7
Checking voxel at position: 7, 0, 7
Checking voxel at position: 8, 0, 7
Checking voxel at position: 9, 0, 7
Checking voxel at position: 0, 1, 7
Checking voxel at position: 9, 1, 7
Checking voxel at position: 0, 2, 7
Checking voxel at position: 9, 2, 7
Checking voxel at position: 0, 3, 7
Checking voxel at position: 9, 3, 7
Checking voxel at position: 0, 4, 7
Checking voxel at position: 9, 4, 7
Checking voxel at position: 0, 5, 7
Checking voxel at position: 9, 5, 7
Checking voxel at position: 0, 6, 7
Checking voxel at position: 9, 6, 7
Checking voxel at position: 0, 7, 7
Checking voxel at position: 9, 7, 7
Checking voxel at position: 0, 8, 7
Checking voxel at position: 9, 8, 7
Checking voxel at position: 0, 9, 7
Checking voxel at position: 1, 9, 7
Checking voxel at position: 2, 9, 7
Checking voxel at position: 3, 9, 7
Checking voxel at position: 4, 9, 7
Checking voxel at position: 5, 9, 7
Checking voxel at position: 6, 9, 7
Checking voxel at position: 7, 9, 7
Checking voxel at position: 8, 9, 7
Checking voxel at position: 9, 9, 7
Checking voxel at position: 0, 0, 8
Checking voxel at position: 1, 0, 8
Checking voxel at position: 2, 0, 8
Checking voxel at position: 3, 0, 8
Checking voxel at position: 4, 0, 8
Checking voxel at position: 5, 0, 8
Checking voxel at position: 6, 0, 8
Checking voxel at position: 7, 0, 8
Checking voxel at position: 8, 0, 8
Checking voxel at position: 9, 0, 8
Checking voxel at position: 0, 1, 8
Checking voxel at position: 9, 1, 8
Checking voxel at position: 0, 2, 8
Checking voxel at position: 9, 2, 8
Checking voxel at position: 0, 3, 8
Checking voxel at position: 9, 3, 8
Checking voxel at position: 0, 4, 8
Checking voxel at position: 9, 4, 8
Checking voxel at position: 0, 5, 8
Checking voxel at position: 9, 5, 8
Checking voxel at position: 0, 6, 8
Checking voxel at position: 9, 6, 8
Checking voxel at position: 0, 7, 8
Checking voxel at position: 9, 7, 8
Checking voxel at position: 0, 8, 8
Checking voxel at position: 9, 8, 8
Checking voxel at position: 0, 9, 8
Checking voxel at position: 1, 9, 8
Checking voxel at position: 2, 9, 8
Checking voxel at position: 3, 9, 8
Checking voxel at position: 4, 9, 8
Checking voxel at position: 5, 9, 8
Checking voxel at position: 6, 9, 8
Checking voxel at position: 7, 9, 8
Checking voxel at position: 8, 9, 8
Checking voxel at position: 9, 9, 8
Checking voxel at position: 0, 0, 9
Checking voxel at position: 1, 0, 9
Checking voxel at position: 2, 0, 9
Checking voxel at position: 3, 0, 9
Checking voxel at position: 4, 0, 9
Checking voxel at position: 5, 0, 9
Checking voxel at position: 6, 0, 9
Checking voxel at position: 7, 0, 9
Checking voxel at position: 8, 0, 9
Checking voxel at position: 9, 0, 9
Checking voxel at position: 0, 1, 9
Checking voxel at position: 1, 1, 9
Checking voxel at position: 2, 1, 9
Checking voxel at position: 3, 1, 9
Checking voxel at position: 4, 1, 9
Checking voxel at position: 5, 1, 9
Checking voxel at position: 6, 1, 9
Checking voxel at position: 7, 1, 9
Checking voxel at position: 8, 1, 9
Checking voxel at position: 9, 1, 9
Checking voxel at position: 0, 2, 9
Checking voxel at position: 1, 2, 9
Checking voxel at position: 2, 2, 9
Checking voxel at position: 3, 2, 9
Checking voxel at position: 4, 2, 9
Checking voxel at position: 5, 2, 9
Checking voxel at position: 6, 2, 9
Checking voxel at position: 7, 2, 9
Checking voxel at position: 8, 2, 9
Checking voxel at position: 9, 2, 9
Checking voxel at position: 0, 3, 9
Checking voxel at position: 1, 3, 9
Checking voxel at position: 2, 3, 9
Checking voxel at position: 3, 3, 9
Checking voxel at position: 4, 3, 9
Checking voxel at position: 5, 3, 9
Checking voxel at position: 6, 3, 9
Checking voxel at position: 7, 3, 9
Checking voxel at position: 8, 3, 9
Checking voxel at position: 9, 3, 9
Checking voxel at position: 0, 4, 9
Checking voxel at position: 1, 4, 9
Checking voxel at position: 2, 4, 9
Checking voxel at position: 3, 4, 9
Checking voxel at position: 4, 4, 9
Checking voxel at position: 5, 4, 9
Checking voxel at position: 6, 4, 9
Checking voxel at position: 7, 4, 9
Checking voxel at position: 8, 4, 9
Checking voxel at position: 9, 4, 9
Checking voxel at position: 0, 5, 9
Checking voxel at position: 1, 5, 9
Checking voxel at position: 2, 5, 9
Checking voxel at position: 3, 5, 9
Checking voxel at position: 4, 5, 9
Checking voxel at position: 5, 5, 9
Checking voxel at position: 6, 5, 9
Checking voxel at position: 7, 5, 9
Checking voxel at position: 8, 5, 9
Checking voxel at position: 9, 5, 9
Checking voxel at position: 0, 6, 9
Checking voxel at position: 1, 6, 9
Checking voxel at position: 2, 6, 9
Checking voxel at position: 3, 6, 9
Checking voxel at position: 4, 6, 9
Checking voxel at position: 5, 6, 9
Checking voxel at position: 6, 6, 9
Checking voxel at position: 7, 6, 9
Checking voxel at position: 8, 6, 9
Checking voxel at position: 9, 6, 9
Checking voxel at position: 0, 7, 9
Checking voxel at position: 1, 7, 9
Checking voxel at position: 2, 7, 9
Checking voxel at position: 3, 7, 9
Checking voxel at position: 4, 7, 9
Checking voxel at position: 5, 7, 9
Checking voxel at position: 6, 7, 9
Checking voxel at position: 7, 7, 9
Checking voxel at position: 8, 7, 9
Checking voxel at position: 9, 7, 9
Checking voxel at position: 0, 8, 9
Checking voxel at position: 1, 8, 9
Checking voxel at position: 2, 8, 9
Checking voxel at position: 3, 8, 9
Checking voxel at position: 4, 8, 9
Checking voxel at position: 5, 8, 9
Checking voxel at position: 6, 8, 9
Checking voxel at position: 7, 8, 9
Checking voxel at position: 8, 8, 9
Checking voxel at position: 9, 8, 9
Checking voxel at position: 0, 9, 9
Checking voxel at position: 1, 9, 9
Checking voxel at position: 2, 9, 9
Checking voxel at position: 3, 9, 9
Checking voxel at position: 4, 9, 9
Checking voxel at position: 5, 9, 9
Checking voxel at position: 6, 9, 9
Checking voxel at position: 7, 9, 9
Checking voxel at position: 8, 9, 9
Checking voxel at position: 9, 9, 9
File size (filesystem): 4856 bytes.
Header: VOX 
Found MAIN chunk.
Found XYZI chunk with 940 voxels.
VoxData voxels size: 940
===============================================================================
All tests passed (27 assertions in 1 test case)

<end of output>
Test time =   0.05 sec
----------------------------------------------------------
Test Passed.
"VoxManipulator provides VoxData object" end time: Jul 15 16:44 BST
"VoxManipulator provides VoxData object" time elapsed: 00:00:00
----------------------------------------------------------

End testing: Jul 15 16:44 BST
