Start testing: Jul 16 13:56 BST
----------------------------------------------------------
1/4 Testing: Test directory paths in configuration
1/4 Test: Test directory paths in configuration
Command: "/home/bwallis/projects/walliscode/hollow-lantern/build/Debug/tests/config/config-tests" "Test directory paths in configuration"
Directory: /home/bwallis/projects/walliscode/hollow-lantern/build/Debug/tests/config
"Test directory paths in configuration" start time: Jul 16 13:56 BST
Output:
----------------------------------------------------------
Filters: "Test directory paths in configuration"
Randomness seeded to: 640014616
===============================================================================
All tests passed (6 assertions in 1 test case)

<end of output>
Test time =   0.00 sec
----------------------------------------------------------
Test Passed.
"Test directory paths in configuration" end time: Jul 16 13:56 BST
"Test directory paths in configuration" time elapsed: 00:00:00
----------------------------------------------------------

2/4 Testing: VoxReader provides VoxData object
2/4 Test: VoxReader provides VoxData object
Command: "/home/bwallis/projects/walliscode/hollow-lantern/build/Debug/tests/readers/test_readers" "VoxReader provides VoxData object"
Directory: /home/bwallis/projects/walliscode/hollow-lantern/build/Debug/tests/readers
"VoxReader provides VoxData object" start time: Jul 16 13:56 BST
Output:
----------------------------------------------------------
Filters: "VoxReader provides VoxData object"
Randomness seeded to: 2978298299
File size (filesystem): 0 bytes.
Header: 
File size (filesystem): 5 bytes.
Header: VOX 
File size (filesystem): 2688 bytes.
Header: VOX 
Found MAIN chunk.
Found SIZE chunk: 20x21x20
Found XYZI chunk with 398 voxels.
VoxData voxels size: 398
===============================================================================
All tests passed (2795 assertions in 1 test case)

<end of output>
Test time =   0.00 sec
----------------------------------------------------------
Test Passed.
"VoxReader provides VoxData object" end time: Jul 16 13:56 BST
"VoxReader provides VoxData object" time elapsed: 00:00:00
----------------------------------------------------------

3/4 Testing: VoxManipulator provides VoxData object
3/4 Test: VoxManipulator provides VoxData object
Command: "/home/bwallis/projects/walliscode/hollow-lantern/build/Debug/tests/manipulators/test_manipulators" "VoxManipulator provides VoxData object"
Directory: /home/bwallis/projects/walliscode/hollow-lantern/build/Debug/tests/manipulators
"VoxManipulator provides VoxData object" start time: Jul 16 13:56 BST
Output:
----------------------------------------------------------
Filters: "VoxManipulator provides VoxData object"
Randomness seeded to: 1368115953
File size (filesystem): 5096 bytes.
Header: VOX 
Found MAIN chunk.
Found SIZE chunk: 10x10x10
Found XYZI chunk with 1000 voxels.
VoxData voxels size: 1000
Checking voxel at position: 0, 0, 0
Checking voxel at position: 0, 0, 0
Checking voxel at position: 1, 0, 0
Checking voxel at position: 2, 0, 0
Checking voxel at position: 3, 0, 0
Checking voxel at position: 4, 0, 0
Checking voxel at position: 5, 0, 0
Checking voxel at position: 6, 0, 0
Checking voxel at position: 7, 0, 0
Checking voxel at position: 8, 0, 0
Checking voxel at position: 9, 0, 0
Checking voxel at position: 0, 1, 0
Checking voxel at position: 1, 1, 0
Checking voxel at position: 2, 1, 0
Checking voxel at position: 3, 1, 0
Checking voxel at position: 4, 1, 0
Checking voxel at position: 5, 1, 0
Checking voxel at position: 6, 1, 0
Checking voxel at position: 7, 1, 0
Checking voxel at position: 8, 1, 0
Checking voxel at position: 9, 1, 0
Checking voxel at position: 0, 2, 0
Checking voxel at position: 1, 2, 0
Checking voxel at position: 2, 2, 0
Checking voxel at position: 3, 2, 0
Checking voxel at position: 4, 2, 0
Checking voxel at position: 5, 2, 0
Checking voxel at position: 6, 2, 0
Checking voxel at position: 7, 2, 0
Checking voxel at position: 8, 2, 0
Checking voxel at position: 9, 2, 0
Checking voxel at position: 0, 3, 0
Checking voxel at position: 1, 3, 0
Checking voxel at position: 2, 3, 0
Checking voxel at position: 3, 3, 0
Checking voxel at position: 4, 3, 0
Checking voxel at position: 5, 3, 0
Checking voxel at position: 6, 3, 0
Checking voxel at position: 7, 3, 0
Checking voxel at position: 8, 3, 0
Checking voxel at position: 9, 3, 0
Checking voxel at position: 0, 4, 0
Checking voxel at position: 1, 4, 0
Checking voxel at position: 2, 4, 0
Checking voxel at position: 3, 4, 0
Checking voxel at position: 4, 4, 0
Checking voxel at position: 5, 4, 0
Checking voxel at position: 6, 4, 0
Checking voxel at position: 7, 4, 0
Checking voxel at position: 8, 4, 0
Checking voxel at position: 9, 4, 0
Checking voxel at position: 0, 5, 0
Checking voxel at position: 1, 5, 0
Checking voxel at position: 2, 5, 0
Checking voxel at position: 3, 5, 0
Checking voxel at position: 4, 5, 0
Checking voxel at position: 5, 5, 0
Checking voxel at position: 6, 5, 0
Checking voxel at position: 7, 5, 0
Checking voxel at position: 8, 5, 0
Checking voxel at position: 9, 5, 0
Checking voxel at position: 0, 6, 0
Checking voxel at position: 1, 6, 0
Checking voxel at position: 2, 6, 0
Checking voxel at position: 3, 6, 0
Checking voxel at position: 4, 6, 0
Checking voxel at position: 5, 6, 0
Checking voxel at position: 6, 6, 0
Checking voxel at position: 7, 6, 0
Checking voxel at position: 8, 6, 0
Checking voxel at position: 9, 6, 0
Checking voxel at position: 0, 7, 0
Checking voxel at position: 1, 7, 0
Checking voxel at position: 2, 7, 0
Checking voxel at position: 3, 7, 0
Checking voxel at position: 4, 7, 0
Checking voxel at position: 5, 7, 0
Checking voxel at position: 6, 7, 0
Checking voxel at position: 7, 7, 0
Checking voxel at position: 8, 7, 0
Checking voxel at position: 9, 7, 0
Checking voxel at position: 0, 8, 0
Checking voxel at position: 1, 8, 0
Checking voxel at position: 2, 8, 0
Checking voxel at position: 3, 8, 0
Checking voxel at position: 4, 8, 0
Checking voxel at position: 5, 8, 0
Checking voxel at position: 6, 8, 0
Checking voxel at position: 7, 8, 0
Checking voxel at position: 8, 8, 0
Checking voxel at position: 9, 8, 0
Checking voxel at position: 0, 9, 0
Checking voxel at position: 1, 9, 0
Checking voxel at position: 2, 9, 0
Checking voxel at position: 3, 9, 0
Checking voxel at position: 4, 9, 0
Checking voxel at position: 5, 9, 0
Checking voxel at position: 6, 9, 0
Checking voxel at position: 7, 9, 0
Checking voxel at position: 8, 9, 0
Checking voxel at position: 9, 9, 0
Checking voxel at position: 0, 0, 1
Checking voxel at position: 0, 0, 0
Checking voxel at position: 1, 0, 0
Checking voxel at position: 2, 0, 0
Checking voxel at position: 3, 0, 0
Checking voxel at position: 4, 0, 0
Checking voxel at position: 5, 0, 0
Checking voxel at position: 6, 0, 0
Checking voxel at position: 7, 0, 0
Checking voxel at position: 8, 0, 0
Checking voxel at position: 9, 0, 0
Checking voxel at position: 0, 1, 0
Checking voxel at position: 1, 1, 0
Checking voxel at position: 2, 1, 0
Checking voxel at position: 3, 1, 0
Checking voxel at position: 4, 1, 0
Checking voxel at position: 5, 1, 0
Checking voxel at position: 6, 1, 0
Checking voxel at position: 7, 1, 0
Checking voxel at position: 8, 1, 0
Checking voxel at position: 9, 1, 0
Checking voxel at position: 0, 2, 0
Checking voxel at position: 1, 2, 0
Checking voxel at position: 2, 2, 0
Checking voxel at position: 3, 2, 0
Checking voxel at position: 4, 2, 0
Checking voxel at position: 5, 2, 0
Checking voxel at position: 6, 2, 0
Checking voxel at position: 7, 2, 0
Checking voxel at position: 8, 2, 0
Checking voxel at position: 9, 2, 0
Checking voxel at position: 0, 3, 0
Checking voxel at position: 1, 3, 0
Checking voxel at position: 2, 3, 0
Checking voxel at position: 3, 3, 0
Checking voxel at position: 4, 3, 0
Checking voxel at position: 5, 3, 0
Checking voxel at position: 6, 3, 0
Checking voxel at position: 7, 3, 0
Checking voxel at position: 8, 3, 0
Checking voxel at position: 9, 3, 0
Checking voxel at position: 0, 4, 0
Checking voxel at position: 1, 4, 0
Checking voxel at position: 2, 4, 0
Checking voxel at position: 3, 4, 0
Checking voxel at position: 4, 4, 0
Checking voxel at position: 5, 4, 0
Checking voxel at position: 6, 4, 0
Checking voxel at position: 7, 4, 0
Checking voxel at position: 8, 4, 0
Checking voxel at position: 9, 4, 0
Checking voxel at position: 0, 5, 0
Checking voxel at position: 1, 5, 0
Checking voxel at position: 2, 5, 0
Checking voxel at position: 3, 5, 0
Checking voxel at position: 4, 5, 0
Checking voxel at position: 5, 5, 0
Checking voxel at position: 6, 5, 0
Checking voxel at position: 7, 5, 0
Checking voxel at position: 8, 5, 0
Checking voxel at position: 9, 5, 0
Checking voxel at position: 0, 6, 0
Checking voxel at position: 1, 6, 0
Checking voxel at position: 2, 6, 0
Checking voxel at position: 3, 6, 0
Checking voxel at position: 4, 6, 0
Checking voxel at position: 5, 6, 0
Checking voxel at position: 6, 6, 0
Checking voxel at position: 7, 6, 0
Checking voxel at position: 8, 6, 0
Checking voxel at position: 9, 6, 0
Checking voxel at position: 0, 7, 0
Checking voxel at position: 1, 7, 0
Checking voxel at position: 2, 7, 0
Checking voxel at position: 3, 7, 0
Checking voxel at position: 4, 7, 0
Checking voxel at position: 5, 7, 0
Checking voxel at position: 6, 7, 0
Checking voxel at position: 7, 7, 0
Checking voxel at position: 8, 7, 0
Checking voxel at position: 9, 7, 0
Checking voxel at position: 0, 8, 0
Checking voxel at position: 1, 8, 0
Checking voxel at position: 2, 8, 0
Checking voxel at position: 3, 8, 0
Checking voxel at position: 4, 8, 0
Checking voxel at position: 5, 8, 0
Checking voxel at position: 6, 8, 0
Checking voxel at position: 7, 8, 0
Checking voxel at position: 8, 8, 0
Checking voxel at position: 9, 8, 0
Checking voxel at position: 0, 9, 0
Checking voxel at position: 1, 9, 0
Checking voxel at position: 2, 9, 0
Checking voxel at position: 3, 9, 0
Checking voxel at position: 4, 9, 0
Checking voxel at position: 5, 9, 0
Checking voxel at position: 6, 9, 0
Checking voxel at position: 7, 9, 0
Checking voxel at position: 8, 9, 0
Checking voxel at position: 9, 9, 0
Checking voxel at position: 0, 0, 1
Checking voxel at position: 1, 0, 1
Checking voxel at position: 2, 0, 1
Checking voxel at position: 3, 0, 1
Checking voxel at position: 4, 0, 1
Checking voxel at position: 5, 0, 1
Checking voxel at position: 6, 0, 1
Checking voxel at position: 7, 0, 1
Checking voxel at position: 8, 0, 1
Checking voxel at position: 9, 0, 1
Checking voxel at position: 0, 1, 1
Checking voxel at position: 9, 1, 1
Checking voxel at position: 0, 2, 1
Checking voxel at position: 9, 2, 1
Checking voxel at position: 0, 3, 1
Checking voxel at position: 9, 3, 1
Checking voxel at position: 0, 4, 1
Checking voxel at position: 9, 4, 1
Checking voxel at position: 0, 5, 1
Checking voxel at position: 9, 5, 1
Checking voxel at position: 0, 6, 1
Checking voxel at position: 9, 6, 1
Checking voxel at position: 0, 7, 1
Checking voxel at position: 9, 7, 1
Checking voxel at position: 0, 8, 1
Checking voxel at position: 9, 8, 1
Checking voxel at position: 0, 9, 1
Checking voxel at position: 1, 9, 1
Checking voxel at position: 2, 9, 1
Checking voxel at position: 3, 9, 1
Checking voxel at position: 4, 9, 1
Checking voxel at position: 5, 9, 1
Checking voxel at position: 6, 9, 1
Checking voxel at position: 7, 9, 1
Checking voxel at position: 8, 9, 1
Checking voxel at position: 9, 9, 1
Checking voxel at position: 0, 0, 2
Checking voxel at position: 0, 0, 0
Checking voxel at position: 1, 0, 0
Checking voxel at position: 2, 0, 0
Checking voxel at position: 3, 0, 0
Checking voxel at position: 4, 0, 0
Checking voxel at position: 5, 0, 0
Checking voxel at position: 6, 0, 0
Checking voxel at position: 7, 0, 0
Checking voxel at position: 8, 0, 0
Checking voxel at position: 9, 0, 0
Checking voxel at position: 0, 1, 0
Checking voxel at position: 1, 1, 0
Checking voxel at position: 2, 1, 0
Checking voxel at position: 3, 1, 0
Checking voxel at position: 4, 1, 0
Checking voxel at position: 5, 1, 0
Checking voxel at position: 6, 1, 0
Checking voxel at position: 7, 1, 0
Checking voxel at position: 8, 1, 0
Checking voxel at position: 9, 1, 0
Checking voxel at position: 0, 2, 0
Checking voxel at position: 1, 2, 0
Checking voxel at position: 2, 2, 0
Checking voxel at position: 3, 2, 0
Checking voxel at position: 4, 2, 0
Checking voxel at position: 5, 2, 0
Checking voxel at position: 6, 2, 0
Checking voxel at position: 7, 2, 0
Checking voxel at position: 8, 2, 0
Checking voxel at position: 9, 2, 0
Checking voxel at position: 0, 3, 0
Checking voxel at position: 1, 3, 0
Checking voxel at position: 2, 3, 0
Checking voxel at position: 3, 3, 0
Checking voxel at position: 4, 3, 0
Checking voxel at position: 5, 3, 0
Checking voxel at position: 6, 3, 0
Checking voxel at position: 7, 3, 0
Checking voxel at position: 8, 3, 0
Checking voxel at position: 9, 3, 0
Checking voxel at position: 0, 4, 0
Checking voxel at position: 1, 4, 0
Checking voxel at position: 2, 4, 0
Checking voxel at position: 3, 4, 0
Checking voxel at position: 4, 4, 0
Checking voxel at position: 5, 4, 0
Checking voxel at position: 6, 4, 0
Checking voxel at position: 7, 4, 0
Checking voxel at position: 8, 4, 0
Checking voxel at position: 9, 4, 0
Checking voxel at position: 0, 5, 0
Checking voxel at position: 1, 5, 0
Checking voxel at position: 2, 5, 0
Checking voxel at position: 3, 5, 0
Checking voxel at position: 4, 5, 0
Checking voxel at position: 5, 5, 0
Checking voxel at position: 6, 5, 0
Checking voxel at position: 7, 5, 0
Checking voxel at position: 8, 5, 0
Checking voxel at position: 9, 5, 0
Checking voxel at position: 0, 6, 0
Checking voxel at position: 1, 6, 0
Checking voxel at position: 2, 6, 0
Checking voxel at position: 3, 6, 0
Checking voxel at position: 4, 6, 0
Checking voxel at position: 5, 6, 0
Checking voxel at position: 6, 6, 0
Checking voxel at position: 7, 6, 0
Checking voxel at position: 8, 6, 0
Checking voxel at position: 9, 6, 0
Checking voxel at position: 0, 7, 0
Checking voxel at position: 1, 7, 0
Checking voxel at position: 2, 7, 0
Checking voxel at position: 3, 7, 0
Checking voxel at position: 4, 7, 0
Checking voxel at position: 5, 7, 0
Checking voxel at position: 6, 7, 0
Checking voxel at position: 7, 7, 0
Checking voxel at position: 8, 7, 0
Checking voxel at position: 9, 7, 0
Checking voxel at position: 0, 8, 0
Checking voxel at position: 1, 8, 0
Checking voxel at position: 2, 8, 0
Checking voxel at position: 3, 8, 0
Checking voxel at position: 4, 8, 0
Checking voxel at position: 5, 8, 0
Checking voxel at position: 6, 8, 0
Checking voxel at position: 7, 8, 0
Checking voxel at position: 8, 8, 0
Checking voxel at position: 9, 8, 0
Checking voxel at position: 0, 9, 0
Checking voxel at position: 1, 9, 0
Checking voxel at position: 2, 9, 0
Checking voxel at position: 3, 9, 0
Checking voxel at position: 4, 9, 0
Checking voxel at position: 5, 9, 0
Checking voxel at position: 6, 9, 0
Checking voxel at position: 7, 9, 0
Checking voxel at position: 8, 9, 0
Checking voxel at position: 9, 9, 0
Checking voxel at position: 0, 0, 1
Checking voxel at position: 1, 0, 1
Checking voxel at position: 2, 0, 1
Checking voxel at position: 3, 0, 1
Checking voxel at position: 4, 0, 1
Checking voxel at position: 5, 0, 1
Checking voxel at position: 6, 0, 1
Checking voxel at position: 7, 0, 1
Checking voxel at position: 8, 0, 1
Checking voxel at position: 9, 0, 1
Checking voxel at position: 0, 1, 1
Checking voxel at position: 9, 1, 1
Checking voxel at position: 0, 2, 1
Checking voxel at position: 9, 2, 1
Checking voxel at position: 0, 3, 1
Checking voxel at position: 9, 3, 1
Checking voxel at position: 0, 4, 1
Checking voxel at position: 9, 4, 1
Checking voxel at position: 0, 5, 1
Checking voxel at position: 9, 5, 1
Checking voxel at position: 0, 6, 1
Checking voxel at position: 9, 6, 1
Checking voxel at position: 0, 7, 1
Checking voxel at position: 9, 7, 1
Checking voxel at position: 0, 8, 1
Checking voxel at position: 9, 8, 1
Checking voxel at position: 0, 9, 1
Checking voxel at position: 1, 9, 1
Checking voxel at position: 2, 9, 1
Checking voxel at position: 3, 9, 1
Checking voxel at position: 4, 9, 1
Checking voxel at position: 5, 9, 1
Checking voxel at position: 6, 9, 1
Checking voxel at position: 7, 9, 1
Checking voxel at position: 8, 9, 1
Checking voxel at position: 9, 9, 1
Checking voxel at position: 0, 0, 2
Checking voxel at position: 1, 0, 2
Checking voxel at position: 2, 0, 2
Checking voxel at position: 3, 0, 2
Checking voxel at position: 4, 0, 2
Checking voxel at position: 5, 0, 2
Checking voxel at position: 6, 0, 2
Checking voxel at position: 7, 0, 2
Checking voxel at position: 8, 0, 2
Checking voxel at position: 9, 0, 2
Checking voxel at position: 0, 1, 2
Checking voxel at position: 9, 1, 2
Checking voxel at position: 0, 2, 2
Checking voxel at position: 9, 2, 2
Checking voxel at position: 0, 3, 2
Checking voxel at position: 9, 3, 2
Checking voxel at position: 0, 4, 2
Checking voxel at position: 9, 4, 2
Checking voxel at position: 0, 5, 2
Checking voxel at position: 9, 5, 2
Checking voxel at position: 0, 6, 2
Checking voxel at position: 9, 6, 2
Checking voxel at position: 0, 7, 2
Checking voxel at position: 9, 7, 2
Checking voxel at position: 0, 8, 2
Checking voxel at position: 9, 8, 2
Checking voxel at position: 0, 9, 2
Checking voxel at position: 1, 9, 2
Checking voxel at position: 2, 9, 2
Checking voxel at position: 3, 9, 2
Checking voxel at position: 4, 9, 2
Checking voxel at position: 5, 9, 2
Checking voxel at position: 6, 9, 2
Checking voxel at position: 7, 9, 2
Checking voxel at position: 8, 9, 2
Checking voxel at position: 9, 9, 2
Checking voxel at position: 0, 0, 3
Checking voxel at position: 0, 0, 0
Checking voxel at position: 1, 0, 0
Checking voxel at position: 2, 0, 0
Checking voxel at position: 3, 0, 0
Checking voxel at position: 4, 0, 0
Checking voxel at position: 5, 0, 0
Checking voxel at position: 6, 0, 0
Checking voxel at position: 7, 0, 0
Checking voxel at position: 8, 0, 0
Checking voxel at position: 9, 0, 0
Checking voxel at position: 0, 1, 0
Checking voxel at position: 1, 1, 0
Checking voxel at position: 2, 1, 0
Checking voxel at position: 3, 1, 0
Checking voxel at position: 4, 1, 0
Checking voxel at position: 5, 1, 0
Checking voxel at position: 6, 1, 0
Checking voxel at position: 7, 1, 0
Checking voxel at position: 8, 1, 0
Checking voxel at position: 9, 1, 0
Checking voxel at position: 0, 2, 0
Checking voxel at position: 1, 2, 0
Checking voxel at position: 2, 2, 0
Checking voxel at position: 3, 2, 0
Checking voxel at position: 4, 2, 0
Checking voxel at position: 5, 2, 0
Checking voxel at position: 6, 2, 0
Checking voxel at position: 7, 2, 0
Checking voxel at position: 8, 2, 0
Checking voxel at position: 9, 2, 0
Checking voxel at position: 0, 3, 0
Checking voxel at position: 1, 3, 0
Checking voxel at position: 2, 3, 0
Checking voxel at position: 3, 3, 0
Checking voxel at position: 4, 3, 0
Checking voxel at position: 5, 3, 0
Checking voxel at position: 6, 3, 0
Checking voxel at position: 7, 3, 0
Checking voxel at position: 8, 3, 0
Checking voxel at position: 9, 3, 0
Checking voxel at position: 0, 4, 0
Checking voxel at position: 1, 4, 0
Checking voxel at position: 2, 4, 0
Checking voxel at position: 3, 4, 0
Checking voxel at position: 4, 4, 0
Checking voxel at position: 5, 4, 0
Checking voxel at position: 6, 4, 0
Checking voxel at position: 7, 4, 0
Checking voxel at position: 8, 4, 0
Checking voxel at position: 9, 4, 0
Checking voxel at position: 0, 5, 0
Checking voxel at position: 1, 5, 0
Checking voxel at position: 2, 5, 0
Checking voxel at position: 3, 5, 0
Checking voxel at position: 4, 5, 0
Checking voxel at position: 5, 5, 0
Checking voxel at position: 6, 5, 0
Checking voxel at position: 7, 5, 0
Checking voxel at position: 8, 5, 0
Checking voxel at position: 9, 5, 0
Checking voxel at position: 0, 6, 0
Checking voxel at position: 1, 6, 0
Checking voxel at position: 2, 6, 0
Checking voxel at position: 3, 6, 0
Checking voxel at position: 4, 6, 0
Checking voxel at position: 5, 6, 0
Checking voxel at position: 6, 6, 0
Checking voxel at position: 7, 6, 0
Checking voxel at position: 8, 6, 0
Checking voxel at position: 9, 6, 0
Checking voxel at position: 0, 7, 0
Checking voxel at position: 1, 7, 0
Checking voxel at position: 2, 7, 0
Checking voxel at position: 3, 7, 0
Checking voxel at position: 4, 7, 0
Checking voxel at position: 5, 7, 0
Checking voxel at position: 6, 7, 0
Checking voxel at position: 7, 7, 0
Checking voxel at position: 8, 7, 0
Checking voxel at position: 9, 7, 0
Checking voxel at position: 0, 8, 0
Checking voxel at position: 1, 8, 0
Checking voxel at position: 2, 8, 0
Checking voxel at position: 3, 8, 0
Checking voxel at position: 4, 8, 0
Checking voxel at position: 5, 8, 0
Checking voxel at position: 6, 8, 0
Checking voxel at position: 7, 8, 0
Checking voxel at position: 8, 8, 0
Checking voxel at position: 9, 8, 0
Checking voxel at position: 0, 9, 0
Checking voxel at position: 1, 9, 0
Checking voxel at position: 2, 9, 0
Checking voxel at position: 3, 9, 0
Checking voxel at position: 4, 9, 0
Checking voxel at position: 5, 9, 0
Checking voxel at position: 6, 9, 0
Checking voxel at position: 7, 9, 0
Checking voxel at position: 8, 9, 0
Checking voxel at position: 9, 9, 0
Checking voxel at position: 0, 0, 1
Checking voxel at position: 1, 0, 1
Checking voxel at position: 2, 0, 1
Checking voxel at position: 3, 0, 1
Checking voxel at position: 4, 0, 1
Checking voxel at position: 5, 0, 1
Checking voxel at position: 6, 0, 1
Checking voxel at position: 7, 0, 1
Checking voxel at position: 8, 0, 1
Checking voxel at position: 9, 0, 1
Checking voxel at position: 0, 1, 1
Checking voxel at position: 9, 1, 1
Checking voxel at position: 0, 2, 1
Checking voxel at position: 9, 2, 1
Checking voxel at position: 0, 3, 1
Checking voxel at position: 9, 3, 1
Checking voxel at position: 0, 4, 1
Checking voxel at position: 9, 4, 1
Checking voxel at position: 0, 5, 1
Checking voxel at position: 9, 5, 1
Checking voxel at position: 0, 6, 1
Checking voxel at position: 9, 6, 1
Checking voxel at position: 0, 7, 1
Checking voxel at position: 9, 7, 1
Checking voxel at position: 0, 8, 1
Checking voxel at position: 9, 8, 1
Checking voxel at position: 0, 9, 1
Checking voxel at position: 1, 9, 1
Checking voxel at position: 2, 9, 1
Checking voxel at position: 3, 9, 1
Checking voxel at position: 4, 9, 1
Checking voxel at position: 5, 9, 1
Checking voxel at position: 6, 9, 1
Checking voxel at position: 7, 9, 1
Checking voxel at position: 8, 9, 1
Checking voxel at position: 9, 9, 1
Checking voxel at position: 0, 0, 2
Checking voxel at position: 1, 0, 2
Checking voxel at position: 2, 0, 2
Checking voxel at position: 3, 0, 2
Checking voxel at position: 4, 0, 2
Checking voxel at position: 5, 0, 2
Checking voxel at position: 6, 0, 2
Checking voxel at position: 7, 0, 2
Checking voxel at position: 8, 0, 2
Checking voxel at position: 9, 0, 2
Checking voxel at position: 0, 1, 2
Checking voxel at position: 9, 1, 2
Checking voxel at position: 0, 2, 2
Checking voxel at position: 9, 2, 2
Checking voxel at position: 0, 3, 2
Checking voxel at position: 9, 3, 2
Checking voxel at position: 0, 4, 2
Checking voxel at position: 9, 4, 2
Checking voxel at position: 0, 5, 2
Checking voxel at position: 9, 5, 2
Checking voxel at position: 0, 6, 2
Checking voxel at position: 9, 6, 2
Checking voxel at position: 0, 7, 2
Checking voxel at position: 9, 7, 2
Checking voxel at position: 0, 8, 2
Checking voxel at position: 9, 8, 2
Checking voxel at position: 0, 9, 2
Checking voxel at position: 1, 9, 2
Checking voxel at position: 2, 9, 2
Checking voxel at position: 3, 9, 2
Checking voxel at position: 4, 9, 2
Checking voxel at position: 5, 9, 2
Checking voxel at position: 6, 9, 2
Checking voxel at position: 7, 9, 2
Checking voxel at position: 8, 9, 2
Checking voxel at position: 9, 9, 2
Checking voxel at position: 0, 0, 3
Checking voxel at position: 1, 0, 3
Checking voxel at position: 2, 0, 3
Checking voxel at position: 3, 0, 3
Checking voxel at position: 4, 0, 3
Checking voxel at position: 5, 0, 3
Checking voxel at position: 6, 0, 3
Checking voxel at position: 7, 0, 3
Checking voxel at position: 8, 0, 3
Checking voxel at position: 9, 0, 3
Checking voxel at position: 0, 1, 3
Checking voxel at position: 9, 1, 3
Checking voxel at position: 0, 2, 3
Checking voxel at position: 9, 2, 3
Checking voxel at position: 0, 3, 3
Checking voxel at position: 9, 3, 3
Checking voxel at position: 0, 4, 3
Checking voxel at position: 9, 4, 3
Checking voxel at position: 0, 5, 3
Checking voxel at position: 9, 5, 3
Checking voxel at position: 0, 6, 3
Checking voxel at position: 9, 6, 3
Checking voxel at position: 0, 7, 3
Checking voxel at position: 9, 7, 3
Checking voxel at position: 0, 8, 3
Checking voxel at position: 9, 8, 3
Checking voxel at position: 0, 9, 3
Checking voxel at position: 1, 9, 3
Checking voxel at position: 2, 9, 3
Checking voxel at position: 3, 9, 3
Checking voxel at position: 4, 9, 3
Checking voxel at position: 5, 9, 3
Checking voxel at position: 6, 9, 3
Checking voxel at position: 7, 9, 3
Checking voxel at position: 8, 9, 3
Checking voxel at position: 9, 9, 3
Checking voxel at position: 0, 0, 4
Checking voxel at position: 0, 0, 0
Checking voxel at position: 1, 0, 0
Checking voxel at position: 2, 0, 0
Checking voxel at position: 3, 0, 0
Checking voxel at position: 4, 0, 0
Checking voxel at position: 5, 0, 0
Checking voxel at position: 6, 0, 0
Checking voxel at position: 7, 0, 0
Checking voxel at position: 8, 0, 0
Checking voxel at position: 9, 0, 0
Checking voxel at position: 0, 1, 0
Checking voxel at position: 1, 1, 0
Checking voxel at position: 2, 1, 0
Checking voxel at position: 3, 1, 0
Checking voxel at position: 4, 1, 0
Checking voxel at position: 5, 1, 0
Checking voxel at position: 6, 1, 0
Checking voxel at position: 7, 1, 0
Checking voxel at position: 8, 1, 0
Checking voxel at position: 9, 1, 0
Checking voxel at position: 0, 2, 0
Checking voxel at position: 1, 2, 0
Checking voxel at position: 2, 2, 0
Checking voxel at position: 3, 2, 0
Checking voxel at position: 4, 2, 0
Checking voxel at position: 5, 2, 0
Checking voxel at position: 6, 2, 0
Checking voxel at position: 7, 2, 0
Checking voxel at position: 8, 2, 0
Checking voxel at position: 9, 2, 0
Checking voxel at position: 0, 3, 0
Checking voxel at position: 1, 3, 0
Checking voxel at position: 2, 3, 0
Checking voxel at position: 3, 3, 0
Checking voxel at position: 4, 3, 0
Checking voxel at position: 5, 3, 0
Checking voxel at position: 6, 3, 0
Checking voxel at position: 7, 3, 0
Checking voxel at position: 8, 3, 0
Checking voxel at position: 9, 3, 0
Checking voxel at position: 0, 4, 0
Checking voxel at position: 1, 4, 0
Checking voxel at position: 2, 4, 0
Checking voxel at position: 3, 4, 0
Checking voxel at position: 4, 4, 0
Checking voxel at position: 5, 4, 0
Checking voxel at position: 6, 4, 0
Checking voxel at position: 7, 4, 0
Checking voxel at position: 8, 4, 0
Checking voxel at position: 9, 4, 0
Checking voxel at position: 0, 5, 0
Checking voxel at position: 1, 5, 0
Checking voxel at position: 2, 5, 0
Checking voxel at position: 3, 5, 0
Checking voxel at position: 4, 5, 0
Checking voxel at position: 5, 5, 0
Checking voxel at position: 6, 5, 0
Checking voxel at position: 7, 5, 0
Checking voxel at position: 8, 5, 0
Checking voxel at position: 9, 5, 0
Checking voxel at position: 0, 6, 0
Checking voxel at position: 1, 6, 0
Checking voxel at position: 2, 6, 0
Checking voxel at position: 3, 6, 0
Checking voxel at position: 4, 6, 0
Checking voxel at position: 5, 6, 0
Checking voxel at position: 6, 6, 0
Checking voxel at position: 7, 6, 0
Checking voxel at position: 8, 6, 0
Checking voxel at position: 9, 6, 0
Checking voxel at position: 0, 7, 0
Checking voxel at position: 1, 7, 0
Checking voxel at position: 2, 7, 0
Checking voxel at position: 3, 7, 0
Checking voxel at position: 4, 7, 0
Checking voxel at position: 5, 7, 0
Checking voxel at position: 6, 7, 0
Checking voxel at position: 7, 7, 0
Checking voxel at position: 8, 7, 0
Checking voxel at position: 9, 7, 0
Checking voxel at position: 0, 8, 0
Checking voxel at position: 1, 8, 0
Checking voxel at position: 2, 8, 0
Checking voxel at position: 3, 8, 0
Checking voxel at position: 4, 8, 0
Checking voxel at position: 5, 8, 0
Checking voxel at position: 6, 8, 0
Checking voxel at position: 7, 8, 0
Checking voxel at position: 8, 8, 0
Checking voxel at position: 9, 8, 0
Checking voxel at position: 0, 9, 0
Checking voxel at position: 1, 9, 0
Checking voxel at position: 2, 9, 0
Checking voxel at position: 3, 9, 0
Checking voxel at position: 4, 9, 0
Checking voxel at position: 5, 9, 0
Checking voxel at position: 6, 9, 0
Checking voxel at position: 7, 9, 0
Checking voxel at position: 8, 9, 0
Checking voxel at position: 9, 9, 0
Checking voxel at position: 0, 0, 1
Checking voxel at position: 1, 0, 1
Checking voxel at position: 2, 0, 1
Checking voxel at position: 3, 0, 1
Checking voxel at position: 4, 0, 1
Checking voxel at position: 5, 0, 1
Checking voxel at position: 6, 0, 1
Checking voxel at position: 7, 0, 1
Checking voxel at position: 8, 0, 1
Checking voxel at position: 9, 0, 1
Checking voxel at position: 0, 1, 1
Checking voxel at position: 9, 1, 1
Checking voxel at position: 0, 2, 1
Checking voxel at position: 9, 2, 1
Checking voxel at position: 0, 3, 1
Checking voxel at position: 9, 3, 1
Checking voxel at position: 0, 4, 1
Checking voxel at position: 9, 4, 1
Checking voxel at position: 0, 5, 1
Checking voxel at position: 9, 5, 1
Checking voxel at position: 0, 6, 1
Checking voxel at position: 9, 6, 1
Checking voxel at position: 0, 7, 1
Checking voxel at position: 9, 7, 1
Checking voxel at position: 0, 8, 1
Checking voxel at position: 9, 8, 1
Checking voxel at position: 0, 9, 1
Checking voxel at position: 1, 9, 1
Checking voxel at position: 2, 9, 1
Checking voxel at position: 3, 9, 1
Checking voxel at position: 4, 9, 1
Checking voxel at position: 5, 9, 1
Checking voxel at position: 6, 9, 1
Checking voxel at position: 7, 9, 1
Checking voxel at position: 8, 9, 1
Checking voxel at position: 9, 9, 1
Checking voxel at position: 0, 0, 2
Checking voxel at position: 1, 0, 2
Checking voxel at position: 2, 0, 2
Checking voxel at position: 3, 0, 2
Checking voxel at position: 4, 0, 2
Checking voxel at position: 5, 0, 2
Checking voxel at position: 6, 0, 2
Checking voxel at position: 7, 0, 2
Checking voxel at position: 8, 0, 2
Checking voxel at position: 9, 0, 2
Checking voxel at position: 0, 1, 2
Checking voxel at position: 9, 1, 2
Checking voxel at position: 0, 2, 2
Checking voxel at position: 9, 2, 2
Checking voxel at position: 0, 3, 2
Checking voxel at position: 9, 3, 2
Checking voxel at position: 0, 4, 2
Checking voxel at position: 9, 4, 2
Checking voxel at position: 0, 5, 2
Checking voxel at position: 9, 5, 2
Checking voxel at position: 0, 6, 2
Checking voxel at position: 9, 6, 2
Checking voxel at position: 0, 7, 2
Checking voxel at position: 9, 7, 2
Checking voxel at position: 0, 8, 2
Checking voxel at position: 9, 8, 2
Checking voxel at position: 0, 9, 2
Checking voxel at position: 1, 9, 2
Checking voxel at position: 2, 9, 2
Checking voxel at position: 3, 9, 2
Checking voxel at position: 4, 9, 2
Checking voxel at position: 5, 9, 2
Checking voxel at position: 6, 9, 2
Checking voxel at position: 7, 9, 2
Checking voxel at position: 8, 9, 2
Checking voxel at position: 9, 9, 2
Checking voxel at position: 0, 0, 3
Checking voxel at position: 1, 0, 3
Checking voxel at position: 2, 0, 3
Checking voxel at position: 3, 0, 3
Checking voxel at position: 4, 0, 3
Checking voxel at position: 5, 0, 3
Checking voxel at position: 6, 0, 3
Checking voxel at position: 7, 0, 3
Checking voxel at position: 8, 0, 3
Checking voxel at position: 9, 0, 3
Checking voxel at position: 0, 1, 3
Checking voxel at position: 9, 1, 3
Checking voxel at position: 0, 2, 3
Checking voxel at position: 9, 2, 3
Checking voxel at position: 0, 3, 3
Checking voxel at position: 9, 3, 3
Checking voxel at position: 0, 4, 3
Checking voxel at position: 9, 4, 3
Checking voxel at position: 0, 5, 3
Checking voxel at position: 9, 5, 3
Checking voxel at position: 0, 6, 3
Checking voxel at position: 9, 6, 3
Checking voxel at position: 0, 7, 3
Checking voxel at position: 9, 7, 3
Checking voxel at position: 0, 8, 3
Checking voxel at position: 9, 8, 3
Checking voxel at position: 0, 9, 3
Checking voxel at position: 1, 9, 3
Checking voxel at position: 2, 9, 3
Checking voxel at position: 3, 9, 3
Checking voxel at position: 4, 9, 3
Checking voxel at position: 5, 9, 3
Checking voxel at position: 6, 9, 3
Checking voxel at position: 7, 9, 3
Checking voxel at position: 8, 9, 3
Checking voxel at position: 9, 9, 3
Checking voxel at position: 0, 0, 4
Checking voxel at position: 1, 0, 4
Checking voxel at position: 2, 0, 4
Checking voxel at position: 3, 0, 4
Checking voxel at position: 4, 0, 4
Checking voxel at position: 5, 0, 4
Checking voxel at position: 6, 0, 4
Checking voxel at position: 7, 0, 4
Checking voxel at position: 8, 0, 4
Checking voxel at position: 9, 0, 4
Checking voxel at position: 0, 1, 4
Checking voxel at position: 9, 1, 4
Checking voxel at position: 0, 2, 4
Checking voxel at position: 9, 2, 4
Checking voxel at position: 0, 3, 4
Checking voxel at position: 9, 3, 4
Checking voxel at position: 0, 4, 4
Checking voxel at position: 9, 4, 4
Checking voxel at position: 0, 5, 4
Checking voxel at position: 9, 5, 4
Checking voxel at position: 0, 6, 4
Checking voxel at position: 9, 6, 4
Checking voxel at position: 0, 7, 4
Checking voxel at position: 9, 7, 4
Checking voxel at position: 0, 8, 4
Checking voxel at position: 9, 8, 4
Checking voxel at position: 0, 9, 4
Checking voxel at position: 1, 9, 4
Checking voxel at position: 2, 9, 4
Checking voxel at position: 3, 9, 4
Checking voxel at position: 4, 9, 4
Checking voxel at position: 5, 9, 4
Checking voxel at position: 6, 9, 4
Checking voxel at position: 7, 9, 4
Checking voxel at position: 8, 9, 4
Checking voxel at position: 9, 9, 4
Checking voxel at position: 0, 0, 5
Checking voxel at position: 0, 0, 0
Checking voxel at position: 1, 0, 0
Checking voxel at position: 2, 0, 0
Checking voxel at position: 3, 0, 0
Checking voxel at position: 4, 0, 0
Checking voxel at position: 5, 0, 0
Checking voxel at position: 6, 0, 0
Checking voxel at position: 7, 0, 0
Checking voxel at position: 8, 0, 0
Checking voxel at position: 9, 0, 0
Checking voxel at position: 0, 1, 0
Checking voxel at position: 1, 1, 0
Checking voxel at position: 2, 1, 0
Checking voxel at position: 3, 1, 0
Checking voxel at position: 4, 1, 0
Checking voxel at position: 5, 1, 0
Checking voxel at position: 6, 1, 0
Checking voxel at position: 7, 1, 0
Checking voxel at position: 8, 1, 0
Checking voxel at position: 9, 1, 0
Checking voxel at position: 0, 2, 0
Checking voxel at position: 1, 2, 0
Checking voxel at position: 2, 2, 0
Checking voxel at position: 3, 2, 0
Checking voxel at position: 4, 2, 0
Checking voxel at position: 5, 2, 0
Checking voxel at position: 6, 2, 0
Checking voxel at position: 7, 2, 0
Checking voxel at position: 8, 2, 0
Checking voxel at position: 9, 2, 0
Checking voxel at position: 0, 3, 0
Checking voxel at position: 1, 3, 0
Checking voxel at position: 2, 3, 0
Checking voxel at position: 3, 3, 0
Checking voxel at position: 4, 3, 0
Checking voxel at position: 5, 3, 0
Checking voxel at position: 6, 3, 0
Checking voxel at position: 7, 3, 0
Checking voxel at position: 8, 3, 0
Checking voxel at position: 9, 3, 0
Checking voxel at position: 0, 4, 0
Checking voxel at position: 1, 4, 0
Checking voxel at position: 2, 4, 0
Checking voxel at position: 3, 4, 0
Checking voxel at position: 4, 4, 0
Checking voxel at position: 5, 4, 0
Checking voxel at position: 6, 4, 0
Checking voxel at position: 7, 4, 0
Checking voxel at position: 8, 4, 0
Checking voxel at position: 9, 4, 0
Checking voxel at position: 0, 5, 0
Checking voxel at position: 1, 5, 0
Checking voxel at position: 2, 5, 0
Checking voxel at position: 3, 5, 0
Checking voxel at position: 4, 5, 0
Checking voxel at position: 5, 5, 0
Checking voxel at position: 6, 5, 0
Checking voxel at position: 7, 5, 0
Checking voxel at position: 8, 5, 0
Checking voxel at position: 9, 5, 0
Checking voxel at position: 0, 6, 0
Checking voxel at position: 1, 6, 0
Checking voxel at position: 2, 6, 0
Checking voxel at position: 3, 6, 0
Checking voxel at position: 4, 6, 0
Checking voxel at position: 5, 6, 0
Checking voxel at position: 6, 6, 0
Checking voxel at position: 7, 6, 0
Checking voxel at position: 8, 6, 0
Checking voxel at position: 9, 6, 0
Checking voxel at position: 0, 7, 0
Checking voxel at position: 1, 7, 0
Checking voxel at position: 2, 7, 0
Checking voxel at position: 3, 7, 0
Checking voxel at position: 4, 7, 0
Checking voxel at position: 5, 7, 0
Checking voxel at position: 6, 7, 0
Checking voxel at position: 7, 7, 0
Checking voxel at position: 8, 7, 0
Checking voxel at position: 9, 7, 0
Checking voxel at position: 0, 8, 0
Checking voxel at position: 1, 8, 0
Checking voxel at position: 2, 8, 0
Checking voxel at position: 3, 8, 0
Checking voxel at position: 4, 8, 0
Checking voxel at position: 5, 8, 0
Checking voxel at position: 6, 8, 0
Checking voxel at position: 7, 8, 0
Checking voxel at position: 8, 8, 0
Checking voxel at position: 9, 8, 0
Checking voxel at position: 0, 9, 0
Checking voxel at position: 1, 9, 0
Checking voxel at position: 2, 9, 0
Checking voxel at position: 3, 9, 0
Checking voxel at position: 4, 9, 0
Checking voxel at position: 5, 9, 0
Checking voxel at position: 6, 9, 0
Checking voxel at position: 7, 9, 0
Checking voxel at position: 8, 9, 0
Checking voxel at position: 9, 9, 0
Checking voxel at position: 0, 0, 1
Checking voxel at position: 1, 0, 1
Checking voxel at position: 2, 0, 1
Checking voxel at position: 3, 0, 1
Checking voxel at position: 4, 0, 1
Checking voxel at position: 5, 0, 1
Checking voxel at position: 6, 0, 1
Checking voxel at position: 7, 0, 1
Checking voxel at position: 8, 0, 1
Checking voxel at position: 9, 0, 1
Checking voxel at position: 0, 1, 1
Checking voxel at position: 9, 1, 1
Checking voxel at position: 0, 2, 1
Checking voxel at position: 9, 2, 1
Checking voxel at position: 0, 3, 1
Checking voxel at position: 9, 3, 1
Checking voxel at position: 0, 4, 1
Checking voxel at position: 9, 4, 1
Checking voxel at position: 0, 5, 1
Checking voxel at position: 9, 5, 1
Checking voxel at position: 0, 6, 1
Checking voxel at position: 9, 6, 1
Checking voxel at position: 0, 7, 1
Checking voxel at position: 9, 7, 1
Checking voxel at position: 0, 8, 1
Checking voxel at position: 9, 8, 1
Checking voxel at position: 0, 9, 1
Checking voxel at position: 1, 9, 1
Checking voxel at position: 2, 9, 1
Checking voxel at position: 3, 9, 1
Checking voxel at position: 4, 9, 1
Checking voxel at position: 5, 9, 1
Checking voxel at position: 6, 9, 1
Checking voxel at position: 7, 9, 1
Checking voxel at position: 8, 9, 1
Checking voxel at position: 9, 9, 1
Checking voxel at position: 0, 0, 2
Checking voxel at position: 1, 0, 2
Checking voxel at position: 2, 0, 2
Checking voxel at position: 3, 0, 2
Checking voxel at position: 4, 0, 2
Checking voxel at position: 5, 0, 2
Checking voxel at position: 6, 0, 2
Checking voxel at position: 7, 0, 2
Checking voxel at position: 8, 0, 2
Checking voxel at position: 9, 0, 2
Checking voxel at position: 0, 1, 2
Checking voxel at position: 9, 1, 2
Checking voxel at position: 0, 2, 2
Checking voxel at position: 9, 2, 2
Checking voxel at position: 0, 3, 2
Checking voxel at position: 9, 3, 2
Checking voxel at position: 0, 4, 2
Checking voxel at position: 9, 4, 2
Checking voxel at position: 0, 5, 2
Checking voxel at position: 9, 5, 2
Checking voxel at position: 0, 6, 2
Checking voxel at position: 9, 6, 2
Checking voxel at position: 0, 7, 2
Checking voxel at position: 9, 7, 2
Checking voxel at position: 0, 8, 2
Checking voxel at position: 9, 8, 2
Checking voxel at position: 0, 9, 2
Checking voxel at position: 1, 9, 2
Checking voxel at position: 2, 9, 2
Checking voxel at position: 3, 9, 2
Checking voxel at position: 4, 9, 2
Checking voxel at position: 5, 9, 2
Checking voxel at position: 6, 9, 2
Checking voxel at position: 7, 9, 2
Checking voxel at position: 8, 9, 2
Checking voxel at position: 9, 9, 2
Checking voxel at position: 0, 0, 3
Checking voxel at position: 1, 0, 3
Checking voxel at position: 2, 0, 3
Checking voxel at position: 3, 0, 3
Checking voxel at position: 4, 0, 3
Checking voxel at position: 5, 0, 3
Checking voxel at position: 6, 0, 3
Checking voxel at position: 7, 0, 3
Checking voxel at position: 8, 0, 3
Checking voxel at position: 9, 0, 3
Checking voxel at position: 0, 1, 3
Checking voxel at position: 9, 1, 3
Checking voxel at position: 0, 2, 3
Checking voxel at position: 9, 2, 3
Checking voxel at position: 0, 3, 3
Checking voxel at position: 9, 3, 3
Checking voxel at position: 0, 4, 3
Checking voxel at position: 9, 4, 3
Checking voxel at position: 0, 5, 3
Checking voxel at position: 9, 5, 3
Checking voxel at position: 0, 6, 3
Checking voxel at position: 9, 6, 3
Checking voxel at position: 0, 7, 3
Checking voxel at position: 9, 7, 3
Checking voxel at position: 0, 8, 3
Checking voxel at position: 9, 8, 3
Checking voxel at position: 0, 9, 3
Checking voxel at position: 1, 9, 3
Checking voxel at position: 2, 9, 3
Checking voxel at position: 3, 9, 3
Checking voxel at position: 4, 9, 3
Checking voxel at position: 5, 9, 3
Checking voxel at position: 6, 9, 3
Checking voxel at position: 7, 9, 3
Checking voxel at position: 8, 9, 3
Checking voxel at position: 9, 9, 3
Checking voxel at position: 0, 0, 4
Checking voxel at position: 1, 0, 4
Checking voxel at position: 2, 0, 4
Checking voxel at position: 3, 0, 4
Checking voxel at position: 4, 0, 4
Checking voxel at position: 5, 0, 4
Checking voxel at position: 6, 0, 4
Checking voxel at position: 7, 0, 4
Checking voxel at position: 8, 0, 4
Checking voxel at position: 9, 0, 4
Checking voxel at position: 0, 1, 4
Checking voxel at position: 9, 1, 4
Checking voxel at position: 0, 2, 4
Checking voxel at position: 9, 2, 4
Checking voxel at position: 0, 3, 4
Checking voxel at position: 9, 3, 4
Checking voxel at position: 0, 4, 4
Checking voxel at position: 9, 4, 4
Checking voxel at position: 0, 5, 4
Checking voxel at position: 9, 5, 4
Checking voxel at position: 0, 6, 4
Checking voxel at position: 9, 6, 4
Checking voxel at position: 0, 7, 4
Checking voxel at position: 9, 7, 4
Checking voxel at position: 0, 8, 4
Checking voxel at position: 9, 8, 4
Checking voxel at position: 0, 9, 4
Checking voxel at position: 1, 9, 4
Checking voxel at position: 2, 9, 4
Checking voxel at position: 3, 9, 4
Checking voxel at position: 4, 9, 4
Checking voxel at position: 5, 9, 4
Checking voxel at position: 6, 9, 4
Checking voxel at position: 7, 9, 4
Checking voxel at position: 8, 9, 4
Checking voxel at position: 9, 9, 4
Checking voxel at position: 0, 0, 5
Checking voxel at position: 1, 0, 5
Checking voxel at position: 2, 0, 5
Checking voxel at position: 3, 0, 5
Checking voxel at position: 4, 0, 5
Checking voxel at position: 5, 0, 5
Checking voxel at position: 6, 0, 5
Checking voxel at position: 7, 0, 5
Checking voxel at position: 8, 0, 5
Checking voxel at position: 9, 0, 5
Checking voxel at position: 0, 1, 5
Checking voxel at position: 9, 1, 5
Checking voxel at position: 0, 2, 5
Checking voxel at position: 9, 2, 5
Checking voxel at position: 0, 3, 5
Checking voxel at position: 9, 3, 5
Checking voxel at position: 0, 4, 5
Checking voxel at position: 9, 4, 5
Checking voxel at position: 0, 5, 5
Checking voxel at position: 9, 5, 5
Checking voxel at position: 0, 6, 5
Checking voxel at position: 9, 6, 5
Checking voxel at position: 0, 7, 5
Checking voxel at position: 9, 7, 5
Checking voxel at position: 0, 8, 5
Checking voxel at position: 9, 8, 5
Checking voxel at position: 0, 9, 5
Checking voxel at position: 1, 9, 5
Checking voxel at position: 2, 9, 5
Checking voxel at position: 3, 9, 5
Checking voxel at position: 4, 9, 5
Checking voxel at position: 5, 9, 5
Checking voxel at position: 6, 9, 5
Checking voxel at position: 7, 9, 5
Checking voxel at position: 8, 9, 5
Checking voxel at position: 9, 9, 5
Checking voxel at position: 0, 0, 6
Checking voxel at position: 0, 0, 0
Checking voxel at position: 1, 0, 0
Checking voxel at position: 2, 0, 0
Checking voxel at position: 3, 0, 0
Checking voxel at position: 4, 0, 0
Checking voxel at position: 5, 0, 0
Checking voxel at position: 6, 0, 0
Checking voxel at position: 7, 0, 0
Checking voxel at position: 8, 0, 0
Checking voxel at position: 9, 0, 0
Checking voxel at position: 0, 1, 0
Checking voxel at position: 1, 1, 0
Checking voxel at position: 2, 1, 0
Checking voxel at position: 3, 1, 0
Checking voxel at position: 4, 1, 0
Checking voxel at position: 5, 1, 0
Checking voxel at position: 6, 1, 0
Checking voxel at position: 7, 1, 0
Checking voxel at position: 8, 1, 0
Checking voxel at position: 9, 1, 0
Checking voxel at position: 0, 2, 0
Checking voxel at position: 1, 2, 0
Checking voxel at position: 2, 2, 0
Checking voxel at position: 3, 2, 0
Checking voxel at position: 4, 2, 0
Checking voxel at position: 5, 2, 0
Checking voxel at position: 6, 2, 0
Checking voxel at position: 7, 2, 0
Checking voxel at position: 8, 2, 0
Checking voxel at position: 9, 2, 0
Checking voxel at position: 0, 3, 0
Checking voxel at position: 1, 3, 0
Checking voxel at position: 2, 3, 0
Checking voxel at position: 3, 3, 0
Checking voxel at position: 4, 3, 0
Checking voxel at position: 5, 3, 0
Checking voxel at position: 6, 3, 0
Checking voxel at position: 7, 3, 0
Checking voxel at position: 8, 3, 0
Checking voxel at position: 9, 3, 0
Checking voxel at position: 0, 4, 0
Checking voxel at position: 1, 4, 0
Checking voxel at position: 2, 4, 0
Checking voxel at position: 3, 4, 0
Checking voxel at position: 4, 4, 0
Checking voxel at position: 5, 4, 0
Checking voxel at position: 6, 4, 0
Checking voxel at position: 7, 4, 0
Checking voxel at position: 8, 4, 0
Checking voxel at position: 9, 4, 0
Checking voxel at position: 0, 5, 0
Checking voxel at position: 1, 5, 0
Checking voxel at position: 2, 5, 0
Checking voxel at position: 3, 5, 0
Checking voxel at position: 4, 5, 0
Checking voxel at position: 5, 5, 0
Checking voxel at position: 6, 5, 0
Checking voxel at position: 7, 5, 0
Checking voxel at position: 8, 5, 0
Checking voxel at position: 9, 5, 0
Checking voxel at position: 0, 6, 0
Checking voxel at position: 1, 6, 0
Checking voxel at position: 2, 6, 0
Checking voxel at position: 3, 6, 0
Checking voxel at position: 4, 6, 0
Checking voxel at position: 5, 6, 0
Checking voxel at position: 6, 6, 0
Checking voxel at position: 7, 6, 0
Checking voxel at position: 8, 6, 0
Checking voxel at position: 9, 6, 0
Checking voxel at position: 0, 7, 0
Checking voxel at position: 1, 7, 0
Checking voxel at position: 2, 7, 0
Checking voxel at position: 3, 7, 0
Checking voxel at position: 4, 7, 0
Checking voxel at position: 5, 7, 0
Checking voxel at position: 6, 7, 0
Checking voxel at position: 7, 7, 0
Checking voxel at position: 8, 7, 0
Checking voxel at position: 9, 7, 0
Checking voxel at position: 0, 8, 0
Checking voxel at position: 1, 8, 0
Checking voxel at position: 2, 8, 0
Checking voxel at position: 3, 8, 0
Checking voxel at position: 4, 8, 0
Checking voxel at position: 5, 8, 0
Checking voxel at position: 6, 8, 0
Checking voxel at position: 7, 8, 0
Checking voxel at position: 8, 8, 0
Checking voxel at position: 9, 8, 0
Checking voxel at position: 0, 9, 0
Checking voxel at position: 1, 9, 0
Checking voxel at position: 2, 9, 0
Checking voxel at position: 3, 9, 0
Checking voxel at position: 4, 9, 0
Checking voxel at position: 5, 9, 0
Checking voxel at position: 6, 9, 0
Checking voxel at position: 7, 9, 0
Checking voxel at position: 8, 9, 0
Checking voxel at position: 9, 9, 0
Checking voxel at position: 0, 0, 1
Checking voxel at position: 1, 0, 1
Checking voxel at position: 2, 0, 1
Checking voxel at position: 3, 0, 1
Checking voxel at position: 4, 0, 1
Checking voxel at position: 5, 0, 1
Checking voxel at position: 6, 0, 1
Checking voxel at position: 7, 0, 1
Checking voxel at position: 8, 0, 1
Checking voxel at position: 9, 0, 1
Checking voxel at position: 0, 1, 1
Checking voxel at position: 9, 1, 1
Checking voxel at position: 0, 2, 1
Checking voxel at position: 9, 2, 1
Checking voxel at position: 0, 3, 1
Checking voxel at position: 9, 3, 1
Checking voxel at position: 0, 4, 1
Checking voxel at position: 9, 4, 1
Checking voxel at position: 0, 5, 1
Checking voxel at position: 9, 5, 1
Checking voxel at position: 0, 6, 1
Checking voxel at position: 9, 6, 1
Checking voxel at position: 0, 7, 1
Checking voxel at position: 9, 7, 1
Checking voxel at position: 0, 8, 1
Checking voxel at position: 9, 8, 1
Checking voxel at position: 0, 9, 1
Checking voxel at position: 1, 9, 1
Checking voxel at position: 2, 9, 1
Checking voxel at position: 3, 9, 1
Checking voxel at position: 4, 9, 1
Checking voxel at position: 5, 9, 1
Checking voxel at position: 6, 9, 1
Checking voxel at position: 7, 9, 1
Checking voxel at position: 8, 9, 1
Checking voxel at position: 9, 9, 1
Checking voxel at position: 0, 0, 2
Checking voxel at position: 1, 0, 2
Checking voxel at position: 2, 0, 2
Checking voxel at position: 3, 0, 2
Checking voxel at position: 4, 0, 2
Checking voxel at position: 5, 0, 2
Checking voxel at position: 6, 0, 2
Checking voxel at position: 7, 0, 2
Checking voxel at position: 8, 0, 2
Checking voxel at position: 9, 0, 2
Checking voxel at position: 0, 1, 2
Checking voxel at position: 9, 1, 2
Checking voxel at position: 0, 2, 2
Checking voxel at position: 9, 2, 2
Checking voxel at position: 0, 3, 2
Checking voxel at position: 9, 3, 2
Checking voxel at position: 0, 4, 2
Checking voxel at position: 9, 4, 2
Checking voxel at position: 0, 5, 2
Checking voxel at position: 9, 5, 2
Checking voxel at position: 0, 6, 2
Checking voxel at position: 9, 6, 2
Checking voxel at position: 0, 7, 2
Checking voxel at position: 9, 7, 2
Checking voxel at position: 0, 8, 2
Checking voxel at position: 9, 8, 2
Checking voxel at position: 0, 9, 2
Checking voxel at position: 1, 9, 2
Checking voxel at position: 2, 9, 2
Checking voxel at position: 3, 9, 2
Checking voxel at position: 4, 9, 2
Checking voxel at position: 5, 9, 2
Checking voxel at position: 6, 9, 2
Checking voxel at position: 7, 9, 2
Checking voxel at position: 8, 9, 2
Checking voxel at position: 9, 9, 2
Checking voxel at position: 0, 0, 3
Checking voxel at position: 1, 0, 3
Checking voxel at position: 2, 0, 3
Checking voxel at position: 3, 0, 3
Checking voxel at position: 4, 0, 3
Checking voxel at position: 5, 0, 3
Checking voxel at position: 6, 0, 3
Checking voxel at position: 7, 0, 3
Checking voxel at position: 8, 0, 3
Checking voxel at position: 9, 0, 3
Checking voxel at position: 0, 1, 3
Checking voxel at position: 9, 1, 3
Checking voxel at position: 0, 2, 3
Checking voxel at position: 9, 2, 3
Checking voxel at position: 0, 3, 3
Checking voxel at position: 9, 3, 3
Checking voxel at position: 0, 4, 3
Checking voxel at position: 9, 4, 3
Checking voxel at position: 0, 5, 3
Checking voxel at position: 9, 5, 3
Checking voxel at position: 0, 6, 3
Checking voxel at position: 9, 6, 3
Checking voxel at position: 0, 7, 3
Checking voxel at position: 9, 7, 3
Checking voxel at position: 0, 8, 3
Checking voxel at position: 9, 8, 3
Checking voxel at position: 0, 9, 3
Checking voxel at position: 1, 9, 3
Checking voxel at position: 2, 9, 3
Checking voxel at position: 3, 9, 3
Checking voxel at position: 4, 9, 3
Checking voxel at position: 5, 9, 3
Checking voxel at position: 6, 9, 3
Checking voxel at position: 7, 9, 3
Checking voxel at position: 8, 9, 3
Checking voxel at position: 9, 9, 3
Checking voxel at position: 0, 0, 4
Checking voxel at position: 1, 0, 4
Checking voxel at position: 2, 0, 4
Checking voxel at position: 3, 0, 4
Checking voxel at position: 4, 0, 4
Checking voxel at position: 5, 0, 4
Checking voxel at position: 6, 0, 4
Checking voxel at position: 7, 0, 4
Checking voxel at position: 8, 0, 4
Checking voxel at position: 9, 0, 4
Checking voxel at position: 0, 1, 4
Checking voxel at position: 9, 1, 4
Checking voxel at position: 0, 2, 4
Checking voxel at position: 9, 2, 4
Checking voxel at position: 0, 3, 4
Checking voxel at position: 9, 3, 4
Checking voxel at position: 0, 4, 4
Checking voxel at position: 9, 4, 4
Checking voxel at position: 0, 5, 4
Checking voxel at position: 9, 5, 4
Checking voxel at position: 0, 6, 4
Checking voxel at position: 9, 6, 4
Checking voxel at position: 0, 7, 4
Checking voxel at position: 9, 7, 4
Checking voxel at position: 0, 8, 4
Checking voxel at position: 9, 8, 4
Checking voxel at position: 0, 9, 4
Checking voxel at position: 1, 9, 4
Checking voxel at position: 2, 9, 4
Checking voxel at position: 3, 9, 4
Checking voxel at position: 4, 9, 4
Checking voxel at position: 5, 9, 4
Checking voxel at position: 6, 9, 4
Checking voxel at position: 7, 9, 4
Checking voxel at position: 8, 9, 4
Checking voxel at position: 9, 9, 4
Checking voxel at position: 0, 0, 5
Checking voxel at position: 1, 0, 5
Checking voxel at position: 2, 0, 5
Checking voxel at position: 3, 0, 5
Checking voxel at position: 4, 0, 5
Checking voxel at position: 5, 0, 5
Checking voxel at position: 6, 0, 5
Checking voxel at position: 7, 0, 5
Checking voxel at position: 8, 0, 5
Checking voxel at position: 9, 0, 5
Checking voxel at position: 0, 1, 5
Checking voxel at position: 9, 1, 5
Checking voxel at position: 0, 2, 5
Checking voxel at position: 9, 2, 5
Checking voxel at position: 0, 3, 5
Checking voxel at position: 9, 3, 5
Checking voxel at position: 0, 4, 5
Checking voxel at position: 9, 4, 5
Checking voxel at position: 0, 5, 5
Checking voxel at position: 9, 5, 5
Checking voxel at position: 0, 6, 5
Checking voxel at position: 9, 6, 5
Checking voxel at position: 0, 7, 5
Checking voxel at position: 9, 7, 5
Checking voxel at position: 0, 8, 5
Checking voxel at position: 9, 8, 5
Checking voxel at position: 0, 9, 5
Checking voxel at position: 1, 9, 5
Checking voxel at position: 2, 9, 5
Checking voxel at position: 3, 9, 5
Checking voxel at position: 4, 9, 5
Checking voxel at position: 5, 9, 5
Checking voxel at position: 6, 9, 5
Checking voxel at position: 7, 9, 5
Checking voxel at position: 8, 9, 5
Checking voxel at position: 9, 9, 5
Checking voxel at position: 0, 0, 6
Checking voxel at position: 1, 0, 6
Checking voxel at position: 2, 0, 6
Checking voxel at position: 3, 0, 6
Checking voxel at position: 4, 0, 6
Checking voxel at position: 5, 0, 6
Checking voxel at position: 6, 0, 6
Checking voxel at position: 7, 0, 6
Checking voxel at position: 8, 0, 6
Checking voxel at position: 9, 0, 6
Checking voxel at position: 0, 1, 6
Checking voxel at position: 9, 1, 6
Checking voxel at position: 0, 2, 6
Checking voxel at position: 9, 2, 6
Checking voxel at position: 0, 3, 6
Checking voxel at position: 9, 3, 6
Checking voxel at position: 0, 4, 6
Checking voxel at position: 9, 4, 6
Checking voxel at position: 0, 5, 6
Checking voxel at position: 9, 5, 6
Checking voxel at position: 0, 6, 6
Checking voxel at position: 9, 6, 6
Checking voxel at position: 0, 7, 6
Checking voxel at position: 9, 7, 6
Checking voxel at position: 0, 8, 6
Checking voxel at position: 9, 8, 6
Checking voxel at position: 0, 9, 6
Checking voxel at position: 1, 9, 6
Checking voxel at position: 2, 9, 6
Checking voxel at position: 3, 9, 6
Checking voxel at position: 4, 9, 6
Checking voxel at position: 5, 9, 6
Checking voxel at position: 6, 9, 6
Checking voxel at position: 7, 9, 6
Checking voxel at position: 8, 9, 6
Checking voxel at position: 9, 9, 6
Checking voxel at position: 0, 0, 7
Checking voxel at position: 0, 0, 0
Checking voxel at position: 1, 0, 0
Checking voxel at position: 2, 0, 0
Checking voxel at position: 3, 0, 0
Checking voxel at position: 4, 0, 0
Checking voxel at position: 5, 0, 0
Checking voxel at position: 6, 0, 0
Checking voxel at position: 7, 0, 0
Checking voxel at position: 8, 0, 0
Checking voxel at position: 9, 0, 0
Checking voxel at position: 0, 1, 0
Checking voxel at position: 1, 1, 0
Checking voxel at position: 2, 1, 0
Checking voxel at position: 3, 1, 0
Checking voxel at position: 4, 1, 0
Checking voxel at position: 5, 1, 0
Checking voxel at position: 6, 1, 0
Checking voxel at position: 7, 1, 0
Checking voxel at position: 8, 1, 0
Checking voxel at position: 9, 1, 0
Checking voxel at position: 0, 2, 0
Checking voxel at position: 1, 2, 0
Checking voxel at position: 2, 2, 0
Checking voxel at position: 3, 2, 0
Checking voxel at position: 4, 2, 0
Checking voxel at position: 5, 2, 0
Checking voxel at position: 6, 2, 0
Checking voxel at position: 7, 2, 0
Checking voxel at position: 8, 2, 0
Checking voxel at position: 9, 2, 0
Checking voxel at position: 0, 3, 0
Checking voxel at position: 1, 3, 0
Checking voxel at position: 2, 3, 0
Checking voxel at position: 3, 3, 0
Checking voxel at position: 4, 3, 0
Checking voxel at position: 5, 3, 0
Checking voxel at position: 6, 3, 0
Checking voxel at position: 7, 3, 0
Checking voxel at position: 8, 3, 0
Checking voxel at position: 9, 3, 0
Checking voxel at position: 0, 4, 0
Checking voxel at position: 1, 4, 0
Checking voxel at position: 2, 4, 0
Checking voxel at position: 3, 4, 0
Checking voxel at position: 4, 4, 0
Checking voxel at position: 5, 4, 0
Checking voxel at position: 6, 4, 0
Checking voxel at position: 7, 4, 0
Checking voxel at position: 8, 4, 0
Checking voxel at position: 9, 4, 0
Checking voxel at position: 0, 5, 0
Checking voxel at position: 1, 5, 0
Checking voxel at position: 2, 5, 0
Checking voxel at position: 3, 5, 0
Checking voxel at position: 4, 5, 0
Checking voxel at position: 5, 5, 0
Checking voxel at position: 6, 5, 0
Checking voxel at position: 7, 5, 0
Checking voxel at position: 8, 5, 0
Checking voxel at position: 9, 5, 0
Checking voxel at position: 0, 6, 0
Checking voxel at position: 1, 6, 0
Checking voxel at position: 2, 6, 0
Checking voxel at position: 3, 6, 0
Checking voxel at position: 4, 6, 0
Checking voxel at position: 5, 6, 0
Checking voxel at position: 6, 6, 0
Checking voxel at position: 7, 6, 0
Checking voxel at position: 8, 6, 0
Checking voxel at position: 9, 6, 0
Checking voxel at position: 0, 7, 0
Checking voxel at position: 1, 7, 0
Checking voxel at position: 2, 7, 0
Checking voxel at position: 3, 7, 0
Checking voxel at position: 4, 7, 0
Checking voxel at position: 5, 7, 0
Checking voxel at position: 6, 7, 0
Checking voxel at position: 7, 7, 0
Checking voxel at position: 8, 7, 0
Checking voxel at position: 9, 7, 0
Checking voxel at position: 0, 8, 0
Checking voxel at position: 1, 8, 0
Checking voxel at position: 2, 8, 0
Checking voxel at position: 3, 8, 0
Checking voxel at position: 4, 8, 0
Checking voxel at position: 5, 8, 0
Checking voxel at position: 6, 8, 0
Checking voxel at position: 7, 8, 0
Checking voxel at position: 8, 8, 0
Checking voxel at position: 9, 8, 0
Checking voxel at position: 0, 9, 0
Checking voxel at position: 1, 9, 0
Checking voxel at position: 2, 9, 0
Checking voxel at position: 3, 9, 0
Checking voxel at position: 4, 9, 0
Checking voxel at position: 5, 9, 0
Checking voxel at position: 6, 9, 0
Checking voxel at position: 7, 9, 0
Checking voxel at position: 8, 9, 0
Checking voxel at position: 9, 9, 0
Checking voxel at position: 0, 0, 1
Checking voxel at position: 1, 0, 1
Checking voxel at position: 2, 0, 1
Checking voxel at position: 3, 0, 1
Checking voxel at position: 4, 0, 1
Checking voxel at position: 5, 0, 1
Checking voxel at position: 6, 0, 1
Checking voxel at position: 7, 0, 1
Checking voxel at position: 8, 0, 1
Checking voxel at position: 9, 0, 1
Checking voxel at position: 0, 1, 1
Checking voxel at position: 9, 1, 1
Checking voxel at position: 0, 2, 1
Checking voxel at position: 9, 2, 1
Checking voxel at position: 0, 3, 1
Checking voxel at position: 9, 3, 1
Checking voxel at position: 0, 4, 1
Checking voxel at position: 9, 4, 1
Checking voxel at position: 0, 5, 1
Checking voxel at position: 9, 5, 1
Checking voxel at position: 0, 6, 1
Checking voxel at position: 9, 6, 1
Checking voxel at position: 0, 7, 1
Checking voxel at position: 9, 7, 1
Checking voxel at position: 0, 8, 1
Checking voxel at position: 9, 8, 1
Checking voxel at position: 0, 9, 1
Checking voxel at position: 1, 9, 1
Checking voxel at position: 2, 9, 1
Checking voxel at position: 3, 9, 1
Checking voxel at position: 4, 9, 1
Checking voxel at position: 5, 9, 1
Checking voxel at position: 6, 9, 1
Checking voxel at position: 7, 9, 1
Checking voxel at position: 8, 9, 1
Checking voxel at position: 9, 9, 1
Checking voxel at position: 0, 0, 2
Checking voxel at position: 1, 0, 2
Checking voxel at position: 2, 0, 2
Checking voxel at position: 3, 0, 2
Checking voxel at position: 4, 0, 2
Checking voxel at position: 5, 0, 2
Checking voxel at position: 6, 0, 2
Checking voxel at position: 7, 0, 2
Checking voxel at position: 8, 0, 2
Checking voxel at position: 9, 0, 2
Checking voxel at position: 0, 1, 2
Checking voxel at position: 9, 1, 2
Checking voxel at position: 0, 2, 2
Checking voxel at position: 9, 2, 2
Checking voxel at position: 0, 3, 2
Checking voxel at position: 9, 3, 2
Checking voxel at position: 0, 4, 2
Checking voxel at position: 9, 4, 2
Checking voxel at position: 0, 5, 2
Checking voxel at position: 9, 5, 2
Checking voxel at position: 0, 6, 2
Checking voxel at position: 9, 6, 2
Checking voxel at position: 0, 7, 2
Checking voxel at position: 9, 7, 2
Checking voxel at position: 0, 8, 2
Checking voxel at position: 9, 8, 2
Checking voxel at position: 0, 9, 2
Checking voxel at position: 1, 9, 2
Checking voxel at position: 2, 9, 2
Checking voxel at position: 3, 9, 2
Checking voxel at position: 4, 9, 2
Checking voxel at position: 5, 9, 2
Checking voxel at position: 6, 9, 2
Checking voxel at position: 7, 9, 2
Checking voxel at position: 8, 9, 2
Checking voxel at position: 9, 9, 2
Checking voxel at position: 0, 0, 3
Checking voxel at position: 1, 0, 3
Checking voxel at position: 2, 0, 3
Checking voxel at position: 3, 0, 3
Checking voxel at position: 4, 0, 3
Checking voxel at position: 5, 0, 3
Checking voxel at position: 6, 0, 3
Checking voxel at position: 7, 0, 3
Checking voxel at position: 8, 0, 3
Checking voxel at position: 9, 0, 3
Checking voxel at position: 0, 1, 3
Checking voxel at position: 9, 1, 3
Checking voxel at position: 0, 2, 3
Checking voxel at position: 9, 2, 3
Checking voxel at position: 0, 3, 3
Checking voxel at position: 9, 3, 3
Checking voxel at position: 0, 4, 3
Checking voxel at position: 9, 4, 3
Checking voxel at position: 0, 5, 3
Checking voxel at position: 9, 5, 3
Checking voxel at position: 0, 6, 3
Checking voxel at position: 9, 6, 3
Checking voxel at position: 0, 7, 3
Checking voxel at position: 9, 7, 3
Checking voxel at position: 0, 8, 3
Checking voxel at position: 9, 8, 3
Checking voxel at position: 0, 9, 3
Checking voxel at position: 1, 9, 3
Checking voxel at position: 2, 9, 3
Checking voxel at position: 3, 9, 3
Checking voxel at position: 4, 9, 3
Checking voxel at position: 5, 9, 3
Checking voxel at position: 6, 9, 3
Checking voxel at position: 7, 9, 3
Checking voxel at position: 8, 9, 3
Checking voxel at position: 9, 9, 3
Checking voxel at position: 0, 0, 4
Checking voxel at position: 1, 0, 4
Checking voxel at position: 2, 0, 4
Checking voxel at position: 3, 0, 4
Checking voxel at position: 4, 0, 4
Checking voxel at position: 5, 0, 4
Checking voxel at position: 6, 0, 4
Checking voxel at position: 7, 0, 4
Checking voxel at position: 8, 0, 4
Checking voxel at position: 9, 0, 4
Checking voxel at position: 0, 1, 4
Checking voxel at position: 9, 1, 4
Checking voxel at position: 0, 2, 4
Checking voxel at position: 9, 2, 4
Checking voxel at position: 0, 3, 4
Checking voxel at position: 9, 3, 4
Checking voxel at position: 0, 4, 4
Checking voxel at position: 9, 4, 4
Checking voxel at position: 0, 5, 4
Checking voxel at position: 9, 5, 4
Checking voxel at position: 0, 6, 4
Checking voxel at position: 9, 6, 4
Checking voxel at position: 0, 7, 4
Checking voxel at position: 9, 7, 4
Checking voxel at position: 0, 8, 4
Checking voxel at position: 9, 8, 4
Checking voxel at position: 0, 9, 4
Checking voxel at position: 1, 9, 4
Checking voxel at position: 2, 9, 4
Checking voxel at position: 3, 9, 4
Checking voxel at position: 4, 9, 4
Checking voxel at position: 5, 9, 4
Checking voxel at position: 6, 9, 4
Checking voxel at position: 7, 9, 4
Checking voxel at position: 8, 9, 4
Checking voxel at position: 9, 9, 4
Checking voxel at position: 0, 0, 5
Checking voxel at position: 1, 0, 5
Checking voxel at position: 2, 0, 5
Checking voxel at position: 3, 0, 5
Checking voxel at position: 4, 0, 5
Checking voxel at position: 5, 0, 5
Checking voxel at position: 6, 0, 5
Checking voxel at position: 7, 0, 5
Checking voxel at position: 8, 0, 5
Checking voxel at position: 9, 0, 5
Checking voxel at position: 0, 1, 5
Checking voxel at position: 9, 1, 5
Checking voxel at position: 0, 2, 5
Checking voxel at position: 9, 2, 5
Checking voxel at position: 0, 3, 5
Checking voxel at position: 9, 3, 5
Checking voxel at position: 0, 4, 5
Checking voxel at position: 9, 4, 5
Checking voxel at position: 0, 5, 5
Checking voxel at position: 9, 5, 5
Checking voxel at position: 0, 6, 5
Checking voxel at position: 9, 6, 5
Checking voxel at position: 0, 7, 5
Checking voxel at position: 9, 7, 5
Checking voxel at position: 0, 8, 5
Checking voxel at position: 9, 8, 5
Checking voxel at position: 0, 9, 5
Checking voxel at position: 1, 9, 5
Checking voxel at position: 2, 9, 5
Checking voxel at position: 3, 9, 5
Checking voxel at position: 4, 9, 5
Checking voxel at position: 5, 9, 5
Checking voxel at position: 6, 9, 5
Checking voxel at position: 7, 9, 5
Checking voxel at position: 8, 9, 5
Checking voxel at position: 9, 9, 5
Checking voxel at position: 0, 0, 6
Checking voxel at position: 1, 0, 6
Checking voxel at position: 2, 0, 6
Checking voxel at position: 3, 0, 6
Checking voxel at position: 4, 0, 6
Checking voxel at position: 5, 0, 6
Checking voxel at position: 6, 0, 6
Checking voxel at position: 7, 0, 6
Checking voxel at position: 8, 0, 6
Checking voxel at position: 9, 0, 6
Checking voxel at position: 0, 1, 6
Checking voxel at position: 9, 1, 6
Checking voxel at position: 0, 2, 6
Checking voxel at position: 9, 2, 6
Checking voxel at position: 0, 3, 6
Checking voxel at position: 9, 3, 6
Checking voxel at position: 0, 4, 6
Checking voxel at position: 9, 4, 6
Checking voxel at position: 0, 5, 6
Checking voxel at position: 9, 5, 6
Checking voxel at position: 0, 6, 6
Checking voxel at position: 9, 6, 6
Checking voxel at position: 0, 7, 6
Checking voxel at position: 9, 7, 6
Checking voxel at position: 0, 8, 6
Checking voxel at position: 9, 8, 6
Checking voxel at position: 0, 9, 6
Checking voxel at position: 1, 9, 6
Checking voxel at position: 2, 9, 6
Checking voxel at position: 3, 9, 6
Checking voxel at position: 4, 9, 6
Checking voxel at position: 5, 9, 6
Checking voxel at position: 6, 9, 6
Checking voxel at position: 7, 9, 6
Checking voxel at position: 8, 9, 6
Checking voxel at position: 9, 9, 6
Checking voxel at position: 0, 0, 7
Checking voxel at position: 1, 0, 7
Checking voxel at position: 2, 0, 7
Checking voxel at position: 3, 0, 7
Checking voxel at position: 4, 0, 7
Checking voxel at position: 5, 0, 7
Checking voxel at position: 6, 0, 7
Checking voxel at position: 7, 0, 7
Checking voxel at position: 8, 0, 7
Checking voxel at position: 9, 0, 7
Checking voxel at position: 0, 1, 7
Checking voxel at position: 9, 1, 7
Checking voxel at position: 0, 2, 7
Checking voxel at position: 9, 2, 7
Checking voxel at position: 0, 3, 7
Checking voxel at position: 9, 3, 7
Checking voxel at position: 0, 4, 7
Checking voxel at position: 9, 4, 7
Checking voxel at position: 0, 5, 7
Checking voxel at position: 9, 5, 7
Checking voxel at position: 0, 6, 7
Checking voxel at position: 9, 6, 7
Checking voxel at position: 0, 7, 7
Checking voxel at position: 9, 7, 7
Checking voxel at position: 0, 8, 7
Checking voxel at position: 9, 8, 7
Checking voxel at position: 0, 9, 7
Checking voxel at position: 1, 9, 7
Checking voxel at position: 2, 9, 7
Checking voxel at position: 3, 9, 7
Checking voxel at position: 4, 9, 7
Checking voxel at position: 5, 9, 7
Checking voxel at position: 6, 9, 7
Checking voxel at position: 7, 9, 7
Checking voxel at position: 8, 9, 7
Checking voxel at position: 9, 9, 7
Checking voxel at position: 0, 0, 8
Checking voxel at position: 0, 0, 0
Checking voxel at position: 1, 0, 0
Checking voxel at position: 2, 0, 0
Checking voxel at position: 3, 0, 0
Checking voxel at position: 4, 0, 0
Checking voxel at position: 5, 0, 0
Checking voxel at position: 6, 0, 0
Checking voxel at position: 7, 0, 0
Checking voxel at position: 8, 0, 0
Checking voxel at position: 9, 0, 0
Checking voxel at position: 0, 1, 0
Checking voxel at position: 1, 1, 0
Checking voxel at position: 2, 1, 0
Checking voxel at position: 3, 1, 0
Checking voxel at position: 4, 1, 0
Checking voxel at position: 5, 1, 0
Checking voxel at position: 6, 1, 0
Checking voxel at position: 7, 1, 0
Checking voxel at position: 8, 1, 0
Checking voxel at position: 9, 1, 0
Checking voxel at position: 0, 2, 0
Checking voxel at position: 1, 2, 0
Checking voxel at position: 2, 2, 0
Checking voxel at position: 3, 2, 0
Checking voxel at position: 4, 2, 0
Checking voxel at position: 5, 2, 0
Checking voxel at position: 6, 2, 0
Checking voxel at position: 7, 2, 0
Checking voxel at position: 8, 2, 0
Checking voxel at position: 9, 2, 0
Checking voxel at position: 0, 3, 0
Checking voxel at position: 1, 3, 0
Checking voxel at position: 2, 3, 0
Checking voxel at position: 3, 3, 0
Checking voxel at position: 4, 3, 0
Checking voxel at position: 5, 3, 0
Checking voxel at position: 6, 3, 0
Checking voxel at position: 7, 3, 0
Checking voxel at position: 8, 3, 0
Checking voxel at position: 9, 3, 0
Checking voxel at position: 0, 4, 0
Checking voxel at position: 1, 4, 0
Checking voxel at position: 2, 4, 0
Checking voxel at position: 3, 4, 0
Checking voxel at position: 4, 4, 0
Checking voxel at position: 5, 4, 0
Checking voxel at position: 6, 4, 0
Checking voxel at position: 7, 4, 0
Checking voxel at position: 8, 4, 0
Checking voxel at position: 9, 4, 0
Checking voxel at position: 0, 5, 0
Checking voxel at position: 1, 5, 0
Checking voxel at position: 2, 5, 0
Checking voxel at position: 3, 5, 0
Checking voxel at position: 4, 5, 0
Checking voxel at position: 5, 5, 0
Checking voxel at position: 6, 5, 0
Checking voxel at position: 7, 5, 0
Checking voxel at position: 8, 5, 0
Checking voxel at position: 9, 5, 0
Checking voxel at position: 0, 6, 0
Checking voxel at position: 1, 6, 0
Checking voxel at position: 2, 6, 0
Checking voxel at position: 3, 6, 0
Checking voxel at position: 4, 6, 0
Checking voxel at position: 5, 6, 0
Checking voxel at position: 6, 6, 0
Checking voxel at position: 7, 6, 0
Checking voxel at position: 8, 6, 0
Checking voxel at position: 9, 6, 0
Checking voxel at position: 0, 7, 0
Checking voxel at position: 1, 7, 0
Checking voxel at position: 2, 7, 0
Checking voxel at position: 3, 7, 0
Checking voxel at position: 4, 7, 0
Checking voxel at position: 5, 7, 0
Checking voxel at position: 6, 7, 0
Checking voxel at position: 7, 7, 0
Checking voxel at position: 8, 7, 0
Checking voxel at position: 9, 7, 0
Checking voxel at position: 0, 8, 0
Checking voxel at position: 1, 8, 0
Checking voxel at position: 2, 8, 0
Checking voxel at position: 3, 8, 0
Checking voxel at position: 4, 8, 0
Checking voxel at position: 5, 8, 0
Checking voxel at position: 6, 8, 0
Checking voxel at position: 7, 8, 0
Checking voxel at position: 8, 8, 0
Checking voxel at position: 9, 8, 0
Checking voxel at position: 0, 9, 0
Checking voxel at position: 1, 9, 0
Checking voxel at position: 2, 9, 0
Checking voxel at position: 3, 9, 0
Checking voxel at position: 4, 9, 0
Checking voxel at position: 5, 9, 0
Checking voxel at position: 6, 9, 0
Checking voxel at position: 7, 9, 0
Checking voxel at position: 8, 9, 0
Checking voxel at position: 9, 9, 0
Checking voxel at position: 0, 0, 1
Checking voxel at position: 1, 0, 1
Checking voxel at position: 2, 0, 1
Checking voxel at position: 3, 0, 1
Checking voxel at position: 4, 0, 1
Checking voxel at position: 5, 0, 1
Checking voxel at position: 6, 0, 1
Checking voxel at position: 7, 0, 1
Checking voxel at position: 8, 0, 1
Checking voxel at position: 9, 0, 1
Checking voxel at position: 0, 1, 1
Checking voxel at position: 9, 1, 1
Checking voxel at position: 0, 2, 1
Checking voxel at position: 9, 2, 1
Checking voxel at position: 0, 3, 1
Checking voxel at position: 9, 3, 1
Checking voxel at position: 0, 4, 1
Checking voxel at position: 9, 4, 1
Checking voxel at position: 0, 5, 1
Checking voxel at position: 9, 5, 1
Checking voxel at position: 0, 6, 1
Checking voxel at position: 9, 6, 1
Checking voxel at position: 0, 7, 1
Checking voxel at position: 9, 7, 1
Checking voxel at position: 0, 8, 1
Checking voxel at position: 9, 8, 1
Checking voxel at position: 0, 9, 1
Checking voxel at position: 1, 9, 1
Checking voxel at position: 2, 9, 1
Checking voxel at position: 3, 9, 1
Checking voxel at position: 4, 9, 1
Checking voxel at position: 5, 9, 1
Checking voxel at position: 6, 9, 1
Checking voxel at position: 7, 9, 1
Checking voxel at position: 8, 9, 1
Checking voxel at position: 9, 9, 1
Checking voxel at position: 0, 0, 2
Checking voxel at position: 1, 0, 2
Checking voxel at position: 2, 0, 2
Checking voxel at position: 3, 0, 2
Checking voxel at position: 4, 0, 2
Checking voxel at position: 5, 0, 2
Checking voxel at position: 6, 0, 2
Checking voxel at position: 7, 0, 2
Checking voxel at position: 8, 0, 2
Checking voxel at position: 9, 0, 2
Checking voxel at position: 0, 1, 2
Checking voxel at position: 9, 1, 2
Checking voxel at position: 0, 2, 2
Checking voxel at position: 9, 2, 2
Checking voxel at position: 0, 3, 2
Checking voxel at position: 9, 3, 2
Checking voxel at position: 0, 4, 2
Checking voxel at position: 9, 4, 2
Checking voxel at position: 0, 5, 2
Checking voxel at position: 9, 5, 2
Checking voxel at position: 0, 6, 2
Checking voxel at position: 9, 6, 2
Checking voxel at position: 0, 7, 2
Checking voxel at position: 9, 7, 2
Checking voxel at position: 0, 8, 2
Checking voxel at position: 9, 8, 2
Checking voxel at position: 0, 9, 2
Checking voxel at position: 1, 9, 2
Checking voxel at position: 2, 9, 2
Checking voxel at position: 3, 9, 2
Checking voxel at position: 4, 9, 2
Checking voxel at position: 5, 9, 2
Checking voxel at position: 6, 9, 2
Checking voxel at position: 7, 9, 2
Checking voxel at position: 8, 9, 2
Checking voxel at position: 9, 9, 2
Checking voxel at position: 0, 0, 3
Checking voxel at position: 1, 0, 3
Checking voxel at position: 2, 0, 3
Checking voxel at position: 3, 0, 3
Checking voxel at position: 4, 0, 3
Checking voxel at position: 5, 0, 3
Checking voxel at position: 6, 0, 3
Checking voxel at position: 7, 0, 3
Checking voxel at position: 8, 0, 3
Checking voxel at position: 9, 0, 3
Checking voxel at position: 0, 1, 3
Checking voxel at position: 9, 1, 3
Checking voxel at position: 0, 2, 3
Checking voxel at position: 9, 2, 3
Checking voxel at position: 0, 3, 3
Checking voxel at position: 9, 3, 3
Checking voxel at position: 0, 4, 3
Checking voxel at position: 9, 4, 3
Checking voxel at position: 0, 5, 3
Checking voxel at position: 9, 5, 3
Checking voxel at position: 0, 6, 3
Checking voxel at position: 9, 6, 3
Checking voxel at position: 0, 7, 3
Checking voxel at position: 9, 7, 3
Checking voxel at position: 0, 8, 3
Checking voxel at position: 9, 8, 3
Checking voxel at position: 0, 9, 3
Checking voxel at position: 1, 9, 3
Checking voxel at position: 2, 9, 3
Checking voxel at position: 3, 9, 3
Checking voxel at position: 4, 9, 3
Checking voxel at position: 5, 9, 3
Checking voxel at position: 6, 9, 3
Checking voxel at position: 7, 9, 3
Checking voxel at position: 8, 9, 3
Checking voxel at position: 9, 9, 3
Checking voxel at position: 0, 0, 4
Checking voxel at position: 1, 0, 4
Checking voxel at position: 2, 0, 4
Checking voxel at position: 3, 0, 4
Checking voxel at position: 4, 0, 4
Checking voxel at position: 5, 0, 4
Checking voxel at position: 6, 0, 4
Checking voxel at position: 7, 0, 4
Checking voxel at position: 8, 0, 4
Checking voxel at position: 9, 0, 4
Checking voxel at position: 0, 1, 4
Checking voxel at position: 9, 1, 4
Checking voxel at position: 0, 2, 4
Checking voxel at position: 9, 2, 4
Checking voxel at position: 0, 3, 4
Checking voxel at position: 9, 3, 4
Checking voxel at position: 0, 4, 4
Checking voxel at position: 9, 4, 4
Checking voxel at position: 0, 5, 4
Checking voxel at position: 9, 5, 4
Checking voxel at position: 0, 6, 4
Checking voxel at position: 9, 6, 4
Checking voxel at position: 0, 7, 4
Checking voxel at position: 9, 7, 4
Checking voxel at position: 0, 8, 4
Checking voxel at position: 9, 8, 4
Checking voxel at position: 0, 9, 4
Checking voxel at position: 1, 9, 4
Checking voxel at position: 2, 9, 4
Checking voxel at position: 3, 9, 4
Checking voxel at position: 4, 9, 4
Checking voxel at position: 5, 9, 4
Checking voxel at position: 6, 9, 4
Checking voxel at position: 7, 9, 4
Checking voxel at position: 8, 9, 4
Checking voxel at position: 9, 9, 4
Checking voxel at position: 0, 0, 5
Checking voxel at position: 1, 0, 5
Checking voxel at position: 2, 0, 5
Checking voxel at position: 3, 0, 5
Checking voxel at position: 4, 0, 5
Checking voxel at position: 5, 0, 5
Checking voxel at position: 6, 0, 5
Checking voxel at position: 7, 0, 5
Checking voxel at position: 8, 0, 5
Checking voxel at position: 9, 0, 5
Checking voxel at position: 0, 1, 5
Checking voxel at position: 9, 1, 5
Checking voxel at position: 0, 2, 5
Checking voxel at position: 9, 2, 5
Checking voxel at position: 0, 3, 5
Checking voxel at position: 9, 3, 5
Checking voxel at position: 0, 4, 5
Checking voxel at position: 9, 4, 5
Checking voxel at position: 0, 5, 5
Checking voxel at position: 9, 5, 5
Checking voxel at position: 0, 6, 5
Checking voxel at position: 9, 6, 5
Checking voxel at position: 0, 7, 5
Checking voxel at position: 9, 7, 5
Checking voxel at position: 0, 8, 5
Checking voxel at position: 9, 8, 5
Checking voxel at position: 0, 9, 5
Checking voxel at position: 1, 9, 5
Checking voxel at position: 2, 9, 5
Checking voxel at position: 3, 9, 5
Checking voxel at position: 4, 9, 5
Checking voxel at position: 5, 9, 5
Checking voxel at position: 6, 9, 5
Checking voxel at position: 7, 9, 5
Checking voxel at position: 8, 9, 5
Checking voxel at position: 9, 9, 5
Checking voxel at position: 0, 0, 6
Checking voxel at position: 1, 0, 6
Checking voxel at position: 2, 0, 6
Checking voxel at position: 3, 0, 6
Checking voxel at position: 4, 0, 6
Checking voxel at position: 5, 0, 6
Checking voxel at position: 6, 0, 6
Checking voxel at position: 7, 0, 6
Checking voxel at position: 8, 0, 6
Checking voxel at position: 9, 0, 6
Checking voxel at position: 0, 1, 6
Checking voxel at position: 9, 1, 6
Checking voxel at position: 0, 2, 6
Checking voxel at position: 9, 2, 6
Checking voxel at position: 0, 3, 6
Checking voxel at position: 9, 3, 6
Checking voxel at position: 0, 4, 6
Checking voxel at position: 9, 4, 6
Checking voxel at position: 0, 5, 6
Checking voxel at position: 9, 5, 6
Checking voxel at position: 0, 6, 6
Checking voxel at position: 9, 6, 6
Checking voxel at position: 0, 7, 6
Checking voxel at position: 9, 7, 6
Checking voxel at position: 0, 8, 6
Checking voxel at position: 9, 8, 6
Checking voxel at position: 0, 9, 6
Checking voxel at position: 1, 9, 6
Checking voxel at position: 2, 9, 6
Checking voxel at position: 3, 9, 6
Checking voxel at position: 4, 9, 6
Checking voxel at position: 5, 9, 6
Checking voxel at position: 6, 9, 6
Checking voxel at position: 7, 9, 6
Checking voxel at position: 8, 9, 6
Checking voxel at position: 9, 9, 6
Checking voxel at position: 0, 0, 7
Checking voxel at position: 1, 0, 7
Checking voxel at position: 2, 0, 7
Checking voxel at position: 3, 0, 7
Checking voxel at position: 4, 0, 7
Checking voxel at position: 5, 0, 7
[...]
[DEBUG] Transformed voxel at (8, 9, 6) to snapped position (8, 9, 6).
[DEBUG] Transformed voxel at (9, 9, 6) to snapped position (9, 9, 6).
[DEBUG] Transformed voxel at (2.70245e-07, 0, 7) to snapped position (0, 0, 7).
[DEBUG] Transformed voxel at (1, 0, 7) to snapped position (1, 0, 7).
[DEBUG] Transformed voxel at (2, 0, 7) to snapped position (2, 0, 7).
[DEBUG] Transformed voxel at (3, 0, 7) to snapped position (3, 0, 7).
[DEBUG] Transformed voxel at (4, 0, 7) to snapped position (4, 0, 7).
[DEBUG] Transformed voxel at (5, 0, 7) to snapped position (5, 0, 7).
[DEBUG] Transformed voxel at (6, 0, 7) to snapped position (6, 0, 7).
[DEBUG] Transformed voxel at (7, 0, 7) to snapped position (7, 0, 7).
[DEBUG] Transformed voxel at (8, 0, 7) to snapped position (8, 0, 7).
[DEBUG] Transformed voxel at (9, 0, 7) to snapped position (9, 0, 7).
[DEBUG] Transformed voxel at (2.70245e-07, 1, 7) to snapped position (0, 1, 7).
[DEBUG] Transformed voxel at (9, 1, 7) to snapped position (9, 1, 7).
[DEBUG] Transformed voxel at (2.70245e-07, 2, 7) to snapped position (0, 2, 7).
[DEBUG] Transformed voxel at (9, 2, 7) to snapped position (9, 2, 7).
[DEBUG] Transformed voxel at (2.70245e-07, 3, 7) to snapped position (0, 3, 7).
[DEBUG] Transformed voxel at (9, 3, 7) to snapped position (9, 3, 7).
[DEBUG] Transformed voxel at (2.70245e-07, 4, 7) to snapped position (0, 4, 7).
[DEBUG] Transformed voxel at (9, 4, 7) to snapped position (9, 4, 7).
[DEBUG] Transformed voxel at (2.70245e-07, 5, 7) to snapped position (0, 5, 7).
[DEBUG] Transformed voxel at (9, 5, 7) to snapped position (9, 5, 7).
[DEBUG] Transformed voxel at (2.70245e-07, 6, 7) to snapped position (0, 6, 7).
[DEBUG] Transformed voxel at (9, 6, 7) to snapped position (9, 6, 7).
[DEBUG] Transformed voxel at (2.70245e-07, 7, 7) to snapped position (0, 7, 7).
[DEBUG] Transformed voxel at (9, 7, 7) to snapped position (9, 7, 7).
[DEBUG] Transformed voxel at (2.70245e-07, 8, 7) to snapped position (0, 8, 7).
[DEBUG] Transformed voxel at (9, 8, 7) to snapped position (9, 8, 7).
[DEBUG] Transformed voxel at (2.70245e-07, 9, 7) to snapped position (0, 9, 7).
[DEBUG] Transformed voxel at (1, 9, 7) to snapped position (1, 9, 7).
[DEBUG] Transformed voxel at (2, 9, 7) to snapped position (2, 9, 7).
[DEBUG] Transformed voxel at (3, 9, 7) to snapped position (3, 9, 7).
[DEBUG] Transformed voxel at (4, 9, 7) to snapped position (4, 9, 7).
[DEBUG] Transformed voxel at (5, 9, 7) to snapped position (5, 9, 7).
[DEBUG] Transformed voxel at (6, 9, 7) to snapped position (6, 9, 7).
[DEBUG] Transformed voxel at (7, 9, 7) to snapped position (7, 9, 7).
[DEBUG] Transformed voxel at (8, 9, 7) to snapped position (8, 9, 7).
[DEBUG] Transformed voxel at (9, 9, 7) to snapped position (9, 9, 7).
[DEBUG] Transformed voxel at (4.4509e-07, 0, 8) to snapped position (0, 0, 8).
[DEBUG] Transformed voxel at (1, 0, 8) to snapped position (1, 0, 8).
[DEBUG] Transformed voxel at (2, 0, 8) to snapped position (2, 0, 8).
[DEBUG] Transformed voxel at (3, 0, 8) to snapped position (3, 0, 8).
[DEBUG] Transformed voxel at (4, 0, 8) to snapped position (4, 0, 8).
[DEBUG] Transformed voxel at (5, 0, 8) to snapped position (5, 0, 8).
[DEBUG] Transformed voxel at (6, 0, 8) to snapped position (6, 0, 8).
[DEBUG] Transformed voxel at (7, 0, 8) to snapped position (7, 0, 8).
[DEBUG] Transformed voxel at (8, 0, 8) to snapped position (8, 0, 8).
[DEBUG] Transformed voxel at (9, 0, 8) to snapped position (9, 0, 8).
[DEBUG] Transformed voxel at (4.4509e-07, 1, 8) to snapped position (0, 1, 8).
[DEBUG] Transformed voxel at (9, 1, 8) to snapped position (9, 1, 8).
[DEBUG] Transformed voxel at (4.4509e-07, 2, 8) to snapped position (0, 2, 8).
[DEBUG] Transformed voxel at (9, 2, 8) to snapped position (9, 2, 8).
[DEBUG] Transformed voxel at (4.4509e-07, 3, 8) to snapped position (0, 3, 8).
[DEBUG] Transformed voxel at (9, 3, 8) to snapped position (9, 3, 8).
[DEBUG] Transformed voxel at (4.4509e-07, 4, 8) to snapped position (0, 4, 8).
[DEBUG] Transformed voxel at (9, 4, 8) to snapped position (9, 4, 8).
[DEBUG] Transformed voxel at (4.4509e-07, 5, 8) to snapped position (0, 5, 8).
[DEBUG] Transformed voxel at (9, 5, 8) to snapped position (9, 5, 8).
[DEBUG] Transformed voxel at (4.4509e-07, 6, 8) to snapped position (0, 6, 8).
[DEBUG] Transformed voxel at (9, 6, 8) to snapped position (9, 6, 8).
[DEBUG] Transformed voxel at (4.4509e-07, 7, 8) to snapped position (0, 7, 8).
[DEBUG] Transformed voxel at (9, 7, 8) to snapped position (9, 7, 8).
[DEBUG] Transformed voxel at (4.4509e-07, 8, 8) to snapped position (0, 8, 8).
[DEBUG] Transformed voxel at (9, 8, 8) to snapped position (9, 8, 8).
[DEBUG] Transformed voxel at (4.4509e-07, 9, 8) to snapped position (0, 9, 8).
[DEBUG] Transformed voxel at (1, 9, 8) to snapped position (1, 9, 8).
[DEBUG] Transformed voxel at (2, 9, 8) to snapped position (2, 9, 8).
[DEBUG] Transformed voxel at (3, 9, 8) to snapped position (3, 9, 8).
[DEBUG] Transformed voxel at (4, 9, 8) to snapped position (4, 9, 8).
[DEBUG] Transformed voxel at (5, 9, 8) to snapped position (5, 9, 8).
[DEBUG] Transformed voxel at (6, 9, 8) to snapped position (6, 9, 8).
[DEBUG] Transformed voxel at (7, 9, 8) to snapped position (7, 9, 8).
[DEBUG] Transformed voxel at (8, 9, 8) to snapped position (8, 9, 8).
[DEBUG] Transformed voxel at (9, 9, 8) to snapped position (9, 9, 8).
[DEBUG] Transformed voxel at (6.19936e-07, 0, 9) to snapped position (0, 0, 9).
[DEBUG] Transformed voxel at (1, 0, 9) to snapped position (1, 0, 9).
[DEBUG] Transformed voxel at (2, 0, 9) to snapped position (2, 0, 9).
[DEBUG] Transformed voxel at (3, 0, 9) to snapped position (3, 0, 9).
[DEBUG] Transformed voxel at (4, 0, 9) to snapped position (4, 0, 9).
[DEBUG] Transformed voxel at (5, 0, 9) to snapped position (5, 0, 9).
[DEBUG] Transformed voxel at (6, 0, 9) to snapped position (6, 0, 9).
[DEBUG] Transformed voxel at (7, 0, 9) to snapped position (7, 0, 9).
[DEBUG] Transformed voxel at (8, 0, 9) to snapped position (8, 0, 9).
[DEBUG] Transformed voxel at (9, 0, 9) to snapped position (9, 0, 9).
[DEBUG] Transformed voxel at (6.19936e-07, 1, 9) to snapped position (0, 1, 9).
[DEBUG] Transformed voxel at (1, 1, 9) to snapped position (1, 1, 9).
[DEBUG] Transformed voxel at (2, 1, 9) to snapped position (2, 1, 9).
[DEBUG] Transformed voxel at (3, 1, 9) to snapped position (3, 1, 9).
[DEBUG] Transformed voxel at (4, 1, 9) to snapped position (4, 1, 9).
[DEBUG] Transformed voxel at (5, 1, 9) to snapped position (5, 1, 9).
[DEBUG] Transformed voxel at (6, 1, 9) to snapped position (6, 1, 9).
[DEBUG] Transformed voxel at (7, 1, 9) to snapped position (7, 1, 9).
[DEBUG] Transformed voxel at (8, 1, 9) to snapped position (8, 1, 9).
[DEBUG] Transformed voxel at (9, 1, 9) to snapped position (9, 1, 9).
[DEBUG] Transformed voxel at (6.19936e-07, 2, 9) to snapped position (0, 2, 9).
[DEBUG] Transformed voxel at (1, 2, 9) to snapped position (1, 2, 9).
[DEBUG] Transformed voxel at (2, 2, 9) to snapped position (2, 2, 9).
[DEBUG] Transformed voxel at (3, 2, 9) to snapped position (3, 2, 9).
[DEBUG] Transformed voxel at (4, 2, 9) to snapped position (4, 2, 9).
[DEBUG] Transformed voxel at (5, 2, 9) to snapped position (5, 2, 9).
[DEBUG] Transformed voxel at (6, 2, 9) to snapped position (6, 2, 9).
[DEBUG] Transformed voxel at (7, 2, 9) to snapped position (7, 2, 9).
[DEBUG] Transformed voxel at (8, 2, 9) to snapped position (8, 2, 9).
[DEBUG] Transformed voxel at (9, 2, 9) to snapped position (9, 2, 9).
[DEBUG] Transformed voxel at (6.19936e-07, 3, 9) to snapped position (0, 3, 9).
[DEBUG] Transformed voxel at (1, 3, 9) to snapped position (1, 3, 9).
[DEBUG] Transformed voxel at (2, 3, 9) to snapped position (2, 3, 9).
[DEBUG] Transformed voxel at (3, 3, 9) to snapped position (3, 3, 9).
[DEBUG] Transformed voxel at (4, 3, 9) to snapped position (4, 3, 9).
[DEBUG] Transformed voxel at (5, 3, 9) to snapped position (5, 3, 9).
[DEBUG] Transformed voxel at (6, 3, 9) to snapped position (6, 3, 9).
[DEBUG] Transformed voxel at (7, 3, 9) to snapped position (7, 3, 9).
[DEBUG] Transformed voxel at (8, 3, 9) to snapped position (8, 3, 9).
[DEBUG] Transformed voxel at (9, 3, 9) to snapped position (9, 3, 9).
[DEBUG] Transformed voxel at (6.19936e-07, 4, 9) to snapped position (0, 4, 9).
[DEBUG] Transformed voxel at (1, 4, 9) to snapped position (1, 4, 9).
[DEBUG] Transformed voxel at (2, 4, 9) to snapped position (2, 4, 9).
[DEBUG] Transformed voxel at (3, 4, 9) to snapped position (3, 4, 9).
[DEBUG] Transformed voxel at (4, 4, 9) to snapped position (4, 4, 9).
[DEBUG] Transformed voxel at (5, 4, 9) to snapped position (5, 4, 9).
[DEBUG] Transformed voxel at (6, 4, 9) to snapped position (6, 4, 9).
[DEBUG] Transformed voxel at (7, 4, 9) to snapped position (7, 4, 9).
[DEBUG] Transformed voxel at (8, 4, 9) to snapped position (8, 4, 9).
[DEBUG] Transformed voxel at (9, 4, 9) to snapped position (9, 4, 9).
[DEBUG] Transformed voxel at (6.19936e-07, 5, 9) to snapped position (0, 5, 9).
[DEBUG] Transformed voxel at (1, 5, 9) to snapped position (1, 5, 9).
[DEBUG] Transformed voxel at (2, 5, 9) to snapped position (2, 5, 9).
[DEBUG] Transformed voxel at (3, 5, 9) to snapped position (3, 5, 9).
[DEBUG] Transformed voxel at (4, 5, 9) to snapped position (4, 5, 9).
[DEBUG] Transformed voxel at (5, 5, 9) to snapped position (5, 5, 9).
[DEBUG] Transformed voxel at (6, 5, 9) to snapped position (6, 5, 9).
[DEBUG] Transformed voxel at (7, 5, 9) to snapped position (7, 5, 9).
[DEBUG] Transformed voxel at (8, 5, 9) to snapped position (8, 5, 9).
[DEBUG] Transformed voxel at (9, 5, 9) to snapped position (9, 5, 9).
[DEBUG] Transformed voxel at (6.19936e-07, 6, 9) to snapped position (0, 6, 9).
[DEBUG] Transformed voxel at (1, 6, 9) to snapped position (1, 6, 9).
[DEBUG] Transformed voxel at (2, 6, 9) to snapped position (2, 6, 9).
[DEBUG] Transformed voxel at (3, 6, 9) to snapped position (3, 6, 9).
[DEBUG] Transformed voxel at (4, 6, 9) to snapped position (4, 6, 9).
[DEBUG] Transformed voxel at (5, 6, 9) to snapped position (5, 6, 9).
[DEBUG] Transformed voxel at (6, 6, 9) to snapped position (6, 6, 9).
[DEBUG] Transformed voxel at (7, 6, 9) to snapped position (7, 6, 9).
[DEBUG] Transformed voxel at (8, 6, 9) to snapped position (8, 6, 9).
[DEBUG] Transformed voxel at (9, 6, 9) to snapped position (9, 6, 9).
[DEBUG] Transformed voxel at (6.19936e-07, 7, 9) to snapped position (0, 7, 9).
[DEBUG] Transformed voxel at (1, 7, 9) to snapped position (1, 7, 9).
[DEBUG] Transformed voxel at (2, 7, 9) to snapped position (2, 7, 9).
[DEBUG] Transformed voxel at (3, 7, 9) to snapped position (3, 7, 9).
[DEBUG] Transformed voxel at (4, 7, 9) to snapped position (4, 7, 9).
[DEBUG] Transformed voxel at (5, 7, 9) to snapped position (5, 7, 9).
[DEBUG] Transformed voxel at (6, 7, 9) to snapped position (6, 7, 9).
[DEBUG] Transformed voxel at (7, 7, 9) to snapped position (7, 7, 9).
[DEBUG] Transformed voxel at (8, 7, 9) to snapped position (8, 7, 9).
[DEBUG] Transformed voxel at (9, 7, 9) to snapped position (9, 7, 9).
[DEBUG] Transformed voxel at (6.19936e-07, 8, 9) to snapped position (0, 8, 9).
[DEBUG] Transformed voxel at (1, 8, 9) to snapped position (1, 8, 9).
[DEBUG] Transformed voxel at (2, 8, 9) to snapped position (2, 8, 9).
[DEBUG] Transformed voxel at (3, 8, 9) to snapped position (3, 8, 9).
[DEBUG] Transformed voxel at (4, 8, 9) to snapped position (4, 8, 9).
[DEBUG] Transformed voxel at (5, 8, 9) to snapped position (5, 8, 9).
[DEBUG] Transformed voxel at (6, 8, 9) to snapped position (6, 8, 9).
[DEBUG] Transformed voxel at (7, 8, 9) to snapped position (7, 8, 9).
[DEBUG] Transformed voxel at (8, 8, 9) to snapped position (8, 8, 9).
[DEBUG] Transformed voxel at (9, 8, 9) to snapped position (9, 8, 9).
[DEBUG] Transformed voxel at (6.19936e-07, 9, 9) to snapped position (0, 9, 9).
[DEBUG] Transformed voxel at (1, 9, 9) to snapped position (1, 9, 9).
[DEBUG] Transformed voxel at (2, 9, 9) to snapped position (2, 9, 9).
[DEBUG] Transformed voxel at (3, 9, 9) to snapped position (3, 9, 9).
[DEBUG] Transformed voxel at (4, 9, 9) to snapped position (4, 9, 9).
[DEBUG] Transformed voxel at (5, 9, 9) to snapped position (5, 9, 9).
[DEBUG] Transformed voxel at (6, 9, 9) to snapped position (6, 9, 9).
[DEBUG] Transformed voxel at (7, 9, 9) to snapped position (7, 9, 9).
[DEBUG] Transformed voxel at (8, 9, 9) to snapped position (8, 9, 9).
[DEBUG] Transformed voxel at (9, 9, 9) to snapped position (9, 9, 9).
[DEBUG] Rotated all voxels for this interval. Total: 488.
[DEBUG] Starting ray casting culling.
[DEBUG] Ray at (0, 0, 9) hit voxel at (0, 0, 9).
[DEBUG] Ray at (0, 1, 9) hit voxel at (0, 1, 9).
[DEBUG] Ray at (0, 2, 9) hit voxel at (0, 2, 9).
[DEBUG] Ray at (0, 3, 9) hit voxel at (0, 3, 9).
[DEBUG] Ray at (0, 4, 9) hit voxel at (0, 4, 9).
[DEBUG] Ray at (0, 5, 9) hit voxel at (0, 5, 9).
[DEBUG] Ray at (0, 6, 9) hit voxel at (0, 6, 9).
[DEBUG] Ray at (0, 7, 9) hit voxel at (0, 7, 9).
[DEBUG] Ray at (0, 8, 9) hit voxel at (0, 8, 9).
[DEBUG] Ray at (0, 9, 9) hit voxel at (0, 9, 9).
[DEBUG] Ray at (1, 0, 9) hit voxel at (1, 0, 9).
[DEBUG] Ray at (1, 1, 9) hit voxel at (1, 1, 9).
[DEBUG] Ray at (1, 2, 9) hit voxel at (1, 2, 9).
[DEBUG] Ray at (1, 3, 9) hit voxel at (1, 3, 9).
[DEBUG] Ray at (1, 4, 9) hit voxel at (1, 4, 9).
[DEBUG] Ray at (1, 5, 9) hit voxel at (1, 5, 9).
[DEBUG] Ray at (1, 6, 9) hit voxel at (1, 6, 9).
[DEBUG] Ray at (1, 7, 9) hit voxel at (1, 7, 9).
[DEBUG] Ray at (1, 8, 9) hit voxel at (1, 8, 9).
[DEBUG] Ray at (1, 9, 9) hit voxel at (1, 9, 9).
[DEBUG] Ray at (2, 0, 9) hit voxel at (2, 0, 9).
[DEBUG] Ray at (2, 1, 9) hit voxel at (2, 1, 9).
[DEBUG] Ray at (2, 2, 9) hit voxel at (2, 2, 9).
[DEBUG] Ray at (2, 3, 9) hit voxel at (2, 3, 9).
[DEBUG] Ray at (2, 4, 9) hit voxel at (2, 4, 9).
[DEBUG] Ray at (2, 5, 9) hit voxel at (2, 5, 9).
[DEBUG] Ray at (2, 6, 9) hit voxel at (2, 6, 9).
[DEBUG] Ray at (2, 7, 9) hit voxel at (2, 7, 9).
[DEBUG] Ray at (2, 8, 9) hit voxel at (2, 8, 9).
[DEBUG] Ray at (2, 9, 9) hit voxel at (2, 9, 9).
[DEBUG] Ray at (3, 0, 9) hit voxel at (3, 0, 9).
[DEBUG] Ray at (3, 1, 9) hit voxel at (3, 1, 9).
[DEBUG] Ray at (3, 2, 9) hit voxel at (3, 2, 9).
[DEBUG] Ray at (3, 3, 9) hit voxel at (3, 3, 9).
[DEBUG] Ray at (3, 4, 9) hit voxel at (3, 4, 9).
[DEBUG] Ray at (3, 5, 9) hit voxel at (3, 5, 9).
[DEBUG] Ray at (3, 6, 9) hit voxel at (3, 6, 9).
[DEBUG] Ray at (3, 7, 9) hit voxel at (3, 7, 9).
[DEBUG] Ray at (3, 8, 9) hit voxel at (3, 8, 9).
[DEBUG] Ray at (3, 9, 9) hit voxel at (3, 9, 9).
[DEBUG] Ray at (4, 0, 9) hit voxel at (4, 0, 9).
[DEBUG] Ray at (4, 1, 9) hit voxel at (4, 1, 9).
[DEBUG] Ray at (4, 2, 9) hit voxel at (4, 2, 9).
[DEBUG] Ray at (4, 3, 9) hit voxel at (4, 3, 9).
[DEBUG] Ray at (4, 4, 9) hit voxel at (4, 4, 9).
[DEBUG] Ray at (4, 5, 9) hit voxel at (4, 5, 9).
[DEBUG] Ray at (4, 6, 9) hit voxel at (4, 6, 9).
[DEBUG] Ray at (4, 7, 9) hit voxel at (4, 7, 9).
[DEBUG] Ray at (4, 8, 9) hit voxel at (4, 8, 9).
[DEBUG] Ray at (4, 9, 9) hit voxel at (4, 9, 9).
[DEBUG] Ray at (5, 0, 9) hit voxel at (5, 0, 9).
[DEBUG] Ray at (5, 1, 9) hit voxel at (5, 1, 9).
[DEBUG] Ray at (5, 2, 9) hit voxel at (5, 2, 9).
[DEBUG] Ray at (5, 3, 9) hit voxel at (5, 3, 9).
[DEBUG] Ray at (5, 4, 9) hit voxel at (5, 4, 9).
[DEBUG] Ray at (5, 5, 9) hit voxel at (5, 5, 9).
[DEBUG] Ray at (5, 6, 9) hit voxel at (5, 6, 9).
[DEBUG] Ray at (5, 7, 9) hit voxel at (5, 7, 9).
[DEBUG] Ray at (5, 8, 9) hit voxel at (5, 8, 9).
[DEBUG] Ray at (5, 9, 9) hit voxel at (5, 9, 9).
[DEBUG] Ray at (6, 0, 9) hit voxel at (6, 0, 9).
[DEBUG] Ray at (6, 1, 9) hit voxel at (6, 1, 9).
[DEBUG] Ray at (6, 2, 9) hit voxel at (6, 2, 9).
[DEBUG] Ray at (6, 3, 9) hit voxel at (6, 3, 9).
[DEBUG] Ray at (6, 4, 9) hit voxel at (6, 4, 9).
[DEBUG] Ray at (6, 5, 9) hit voxel at (6, 5, 9).
[DEBUG] Ray at (6, 6, 9) hit voxel at (6, 6, 9).
[DEBUG] Ray at (6, 7, 9) hit voxel at (6, 7, 9).
[DEBUG] Ray at (6, 8, 9) hit voxel at (6, 8, 9).
[DEBUG] Ray at (6, 9, 9) hit voxel at (6, 9, 9).
[DEBUG] Ray at (7, 0, 9) hit voxel at (7, 0, 9).
[DEBUG] Ray at (7, 1, 9) hit voxel at (7, 1, 9).
[DEBUG] Ray at (7, 2, 9) hit voxel at (7, 2, 9).
[DEBUG] Ray at (7, 3, 9) hit voxel at (7, 3, 9).
[DEBUG] Ray at (7, 4, 9) hit voxel at (7, 4, 9).
[DEBUG] Ray at (7, 5, 9) hit voxel at (7, 5, 9).
[DEBUG] Ray at (7, 6, 9) hit voxel at (7, 6, 9).
[DEBUG] Ray at (7, 7, 9) hit voxel at (7, 7, 9).
[DEBUG] Ray at (7, 8, 9) hit voxel at (7, 8, 9).
[DEBUG] Ray at (7, 9, 9) hit voxel at (7, 9, 9).
[DEBUG] Ray at (8, 0, 9) hit voxel at (8, 0, 9).
[DEBUG] Ray at (8, 1, 9) hit voxel at (8, 1, 9).
[DEBUG] Ray at (8, 2, 9) hit voxel at (8, 2, 9).
[DEBUG] Ray at (8, 3, 9) hit voxel at (8, 3, 9).
[DEBUG] Ray at (8, 4, 9) hit voxel at (8, 4, 9).
[DEBUG] Ray at (8, 5, 9) hit voxel at (8, 5, 9).
[DEBUG] Ray at (8, 6, 9) hit voxel at (8, 6, 9).
[DEBUG] Ray at (8, 7, 9) hit voxel at (8, 7, 9).
[DEBUG] Ray at (8, 8, 9) hit voxel at (8, 8, 9).
[DEBUG] Ray at (8, 9, 9) hit voxel at (8, 9, 9).
[DEBUG] Ray at (9, 0, 9) hit voxel at (9, 0, 9).
[DEBUG] Ray at (9, 1, 9) hit voxel at (9, 1, 9).
[DEBUG] Ray at (9, 2, 9) hit voxel at (9, 2, 9).
[DEBUG] Ray at (9, 3, 9) hit voxel at (9, 3, 9).
[DEBUG] Ray at (9, 4, 9) hit voxel at (9, 4, 9).
[DEBUG] Ray at (9, 5, 9) hit voxel at (9, 5, 9).
[DEBUG] Ray at (9, 6, 9) hit voxel at (9, 6, 9).
[DEBUG] Ray at (9, 7, 9) hit voxel at (9, 7, 9).
[DEBUG] Ray at (9, 8, 9) hit voxel at (9, 8, 9).
[DEBUG] Ray at (9, 9, 9) hit voxel at (9, 9, 9).
[DEBUG] Ray casting complete. Rays cast: 200. Voxels kept: 100.
[DEBUG] Kept voxels:
Voxel at (9, 8, 9
Voxel at (9, 4, 9
Voxel at (9, 3, 9
Voxel at (9, 1, 9
Voxel at (8, 8, 9
Voxel at (8, 7, 9
Voxel at (8, 6, 9
Voxel at (8, 3, 9
Voxel at (8, 0, 9
Voxel at (7, 9, 9
Voxel at (7, 8, 9
Voxel at (7, 6, 9
Voxel at (9, 5, 9
Voxel at (7, 4, 9
Voxel at (7, 7, 9
Voxel at (7, 3, 9
Voxel at (9, 0, 9
Voxel at (7, 2, 9
Voxel at (7, 1, 9
Voxel at (8, 2, 9
Voxel at (6, 9, 9
Voxel at (6, 8, 9
Voxel at (6, 6, 9
Voxel at (6, 5, 9
Voxel at (6, 4, 9
Voxel at (6, 2, 9
Voxel at (6, 1, 9
Voxel at (6, 0, 9
Voxel at (8, 4, 9
Voxel at (5, 9, 9
Voxel at (2, 7, 9
Voxel at (7, 5, 9
Voxel at (1, 1, 9
Voxel at (0, 9, 9
Voxel at (3, 6, 9
Voxel at (8, 5, 9
Voxel at (2, 3, 9
Voxel at (1, 8, 9
Voxel at (9, 7, 9
Voxel at (2, 2, 9
Voxel at (0, 4, 9
Voxel at (5, 3, 9
Voxel at (9, 2, 9
Voxel at (2, 6, 9
Voxel at (0, 0, 9
Voxel at (3, 4, 9
Voxel at (1, 7, 9
Voxel at (4, 4, 9
Voxel at (1, 9, 9
Voxel at (1, 3, 9
Voxel at (4, 8, 9
Voxel at (2, 5, 9
Voxel at (9, 9, 9
Voxel at (2, 0, 9
Voxel at (2, 1, 9
Voxel at (1, 6, 9
Voxel at (0, 2, 9
Voxel at (1, 5, 9
Voxel at (5, 6, 9
Voxel at (3, 2, 9
Voxel at (0, 5, 9
Voxel at (6, 7, 9
Voxel at (5, 5, 9
Voxel at (1, 2, 9
Voxel at (4, 7, 9
Voxel at (0, 1, 9
Voxel at (5, 7, 9
Voxel at (9, 6, 9
Voxel at (0, 7, 9
Voxel at (3, 0, 9
Voxel at (1, 4, 9
Voxel at (2, 8, 9
Voxel at (4, 5, 9
Voxel at (0, 6, 9
Voxel at (0, 8, 9
Voxel at (5, 2, 9
Voxel at (2, 9, 9
Voxel at (3, 3, 9
Voxel at (4, 3, 9
Voxel at (7, 0, 9
Voxel at (3, 8, 9
Voxel at (6, 3, 9
Voxel at (3, 9, 9
Voxel at (4, 0, 9
Voxel at (4, 2, 9
Voxel at (1, 0, 9
Voxel at (4, 1, 9
Voxel at (4, 6, 9
Voxel at (3, 7, 9
Voxel at (3, 5, 9
Voxel at (4, 9, 9
Voxel at (8, 9, 9
Voxel at (0, 3, 9
Voxel at (5, 0, 9
Voxel at (2, 4, 9
Voxel at (5, 1, 9
Voxel at (5, 4, 9
Voxel at (8, 1, 9
Voxel at (3, 1, 9
Voxel at (5, 8, 9
[DEBUG] Converted kept voxels to sf::VertexArray. Vertex count: 100.
[DEBUG] Model size: (10, 10, 10).
[DEBUG] Total interactions: 92650.
===============================================================================
All tests passed (4 assertions in 1 test case)

<end of output>
Test time =   0.03 sec
----------------------------------------------------------
Test Passed.
"Projector projects 3D models onto 2D planes" end time: Jul 16 13:56 BST
"Projector projects 3D models onto 2D planes" time elapsed: 00:00:00
----------------------------------------------------------

End testing: Jul 16 13:56 BST
